Using pre-set license
Built from '2021.3/staging' branch; Version is '2021.3.10f1 (1c7d0df0160b) revision 1867021'; Using compiler version '192829333'; Build Type 'Release'
OS: 'Windows 11  (10.0.22000) 64bit CoreSingleLanguage' Language: 'es' Physical Memory: 15629 MB
BatchMode: 1, IsHumanControllingUs: 0, StartBugReporterOnCrash: 0, Is64bit: 1, IsPro: 1

COMMAND LINE ARGUMENTS:
D:\Aplicaciones\Unity\Editor\2021.3.10f1\Editor\Unity.exe
-adb2
-batchMode
-noUpm
-name
AssetImportWorker6
-projectPath
D:/Aplicaciones/GitHub/ABC_BCP_GAME_JAM/abc_game_jam
-logFile
Logs/AssetImportWorker6.log
-srvPort
54985
Successfully changed project path to: D:/Aplicaciones/GitHub/ABC_BCP_GAME_JAM/abc_game_jam
D:/Aplicaciones/GitHub/ABC_BCP_GAME_JAM/abc_game_jam
[UnityMemory] Configuration Parameters - Can be set up in boot.config
    "memorysetup-bucket-allocator-granularity=16"
    "memorysetup-bucket-allocator-bucket-count=8"
    "memorysetup-bucket-allocator-block-size=33554432"
    "memorysetup-bucket-allocator-block-count=8"
    "memorysetup-main-allocator-block-size=16777216"
    "memorysetup-thread-allocator-block-size=16777216"
    "memorysetup-gfx-main-allocator-block-size=16777216"
    "memorysetup-gfx-thread-allocator-block-size=16777216"
    "memorysetup-cache-allocator-block-size=4194304"
    "memorysetup-typetree-allocator-block-size=2097152"
    "memorysetup-profiler-bucket-allocator-granularity=16"
    "memorysetup-profiler-bucket-allocator-bucket-count=8"
    "memorysetup-profiler-bucket-allocator-block-size=33554432"
    "memorysetup-profiler-bucket-allocator-block-count=8"
    "memorysetup-profiler-allocator-block-size=16777216"
    "memorysetup-profiler-editor-allocator-block-size=1048576"
    "memorysetup-temp-allocator-size-main=16777216"
    "memorysetup-job-temp-allocator-block-size=2097152"
    "memorysetup-job-temp-allocator-block-size-background=1048576"
    "memorysetup-job-temp-allocator-reduction-small-platforms=262144"
    "memorysetup-temp-allocator-size-background-worker=32768"
    "memorysetup-temp-allocator-size-job-worker=262144"
    "memorysetup-temp-allocator-size-preload-manager=33554432"
    "memorysetup-temp-allocator-size-nav-mesh-worker=65536"
    "memorysetup-temp-allocator-size-audio-worker=65536"
    "memorysetup-temp-allocator-size-cloud-worker=32768"
    "memorysetup-temp-allocator-size-gi-baking-worker=262144"
    "memorysetup-temp-allocator-size-gfx=262144"
Refreshing native plugins compatible for Editor in 82.90 ms, found 3 plugins.
Preloading 0 native plugins for Editor in 0.00 ms.
Initialize engine version: 2021.3.10f1 (1c7d0df0160b)
[Subsystems] Discovering subsystems at path D:/Aplicaciones/Unity/Editor/2021.3.10f1/Editor/Data/Resources/UnitySubsystems
[Subsystems] Discovering subsystems at path D:/Aplicaciones/GitHub/ABC_BCP_GAME_JAM/abc_game_jam/Assets
GfxDevice: creating device client; threaded=0; jobified=0
Direct3D:
    Version:  Direct3D 11.0 [level 11.1]
    Renderer: NVIDIA GeForce RTX 3060 Laptop GPU (ID=0x2520)
    Vendor:   NVIDIA
    VRAM:     6023 MB
    Driver:   31.0.15.1694
Initialize mono
Mono path[0] = 'D:/Aplicaciones/Unity/Editor/2021.3.10f1/Editor/Data/Managed'
Mono path[1] = 'D:/Aplicaciones/Unity/Editor/2021.3.10f1/Editor/Data/MonoBleedingEdge/lib/mono/unityjit-win32'
Mono config path = 'D:/Aplicaciones/Unity/Editor/2021.3.10f1/Editor/Data/MonoBleedingEdge/etc'
Using monoOptions --debugger-agent=transport=dt_socket,embedding=1,server=y,suspend=n,address=127.0.0.1:56672
Begin MonoManager ReloadAssembly
Registering precompiled unity dll's ...
Register platform support module: D:/Aplicaciones/Unity/Editor/2021.3.10f1/Editor/Data/PlaybackEngines/WebGLSupport/UnityEditor.WebGL.Extensions.dll
Register platform support module: D:/Aplicaciones/Unity/Editor/2021.3.10f1/Editor/Data/PlaybackEngines/AndroidPlayer/UnityEditor.Android.Extensions.dll
Register platform support module: D:/Aplicaciones/Unity/Editor/2021.3.10f1/Editor/Data/PlaybackEngines/WindowsStandaloneSupport/UnityEditor.WindowsStandalone.Extensions.dll
Registered in 0.002208 seconds.
Native extension for WindowsStandalone target not found
Native extension for Android target not found
Native extension for WebGL target not found
Refreshing native plugins compatible for Editor in 74.58 ms, found 3 plugins.
Preloading 0 native plugins for Editor in 0.00 ms.
Mono: successfully reloaded assembly
- Completed reload, in  0.531 seconds
Domain Reload Profiling:
	ReloadAssembly (532ms)
		BeginReloadAssembly (54ms)
			ExecutionOrderSort (0ms)
			DisableScriptedObjects (0ms)
			BackupInstance (0ms)
			ReleaseScriptingObjects (0ms)
			CreateAndSetChildDomain (1ms)
		EndReloadAssembly (391ms)
			LoadAssemblies (53ms)
			RebuildTransferFunctionScriptingTraits (0ms)
			SetupTypeCache (95ms)
			ReleaseScriptCaches (0ms)
			RebuildScriptCaches (23ms)
			SetupLoadedEditorAssemblies (236ms)
				LogAssemblyErrors (0ms)
				InitializePlatformSupportModulesInManaged (45ms)
				SetLoadedEditorAssemblies (0ms)
				RefreshPlugins (75ms)
				BeforeProcessingInitializeOnLoad (1ms)
				ProcessInitializeOnLoadAttributes (81ms)
				ProcessInitializeOnLoadMethodAttributes (34ms)
				AfterProcessingInitializeOnLoad (0ms)
				EditorAssembliesLoaded (0ms)
			ExecutionOrderSort2 (0ms)
			AwakeInstancesAfterBackupRestoration (0ms)
Platform modules already initialized, skipping
Registering precompiled user dll's ...
Registered in 0.002894 seconds.
Begin MonoManager ReloadAssembly
Symbol file LoadedFromMemory doesn't match image D:\Aplicaciones\GitHub\ABC_BCP_GAME_JAM\abc_game_jam\Library\PackageCache\com.unity.visualscripting@1.7.8\Editor\VisualScripting.Core\Dependencies\YamlDotNet\Unity.VisualScripting.YamlDotNet.dll
Symbol file LoadedFromMemory doesn't match image D:\Aplicaciones\GitHub\ABC_BCP_GAME_JAM\abc_game_jam\Library\PackageCache\com.unity.visualscripting@1.7.8\Editor\VisualScripting.Core\Dependencies\DotNetZip\Unity.VisualScripting.IonicZip.dll
Native extension for WindowsStandalone target not found
Native extension for Android target not found
Native extension for WebGL target not found
Refreshing native plugins compatible for Editor in 0.58 ms, found 3 plugins.
Preloading 0 native plugins for Editor in 0.00 ms.
Mono: successfully reloaded assembly
- Completed reload, in  0.864 seconds
Domain Reload Profiling:
	ReloadAssembly (864ms)
		BeginReloadAssembly (189ms)
			ExecutionOrderSort (0ms)
			DisableScriptedObjects (4ms)
			BackupInstance (0ms)
			ReleaseScriptingObjects (0ms)
			CreateAndSetChildDomain (130ms)
		EndReloadAssembly (593ms)
			LoadAssemblies (54ms)
			RebuildTransferFunctionScriptingTraits (0ms)
			SetupTypeCache (193ms)
			ReleaseScriptCaches (1ms)
			RebuildScriptCaches (37ms)
			SetupLoadedEditorAssemblies (270ms)
				LogAssemblyErrors (0ms)
				InitializePlatformSupportModulesInManaged (11ms)
				SetLoadedEditorAssemblies (0ms)
				RefreshPlugins (1ms)
				BeforeProcessingInitializeOnLoad (64ms)
				ProcessInitializeOnLoadAttributes (171ms)
				ProcessInitializeOnLoadMethodAttributes (22ms)
				AfterProcessingInitializeOnLoad (2ms)
				EditorAssembliesLoaded (0ms)
			ExecutionOrderSort2 (0ms)
			AwakeInstancesAfterBackupRestoration (5ms)
Platform modules already initialized, skipping
========================================================================
Worker process is ready to serve import requests
Launched and connected shader compiler UnityShaderCompiler.exe after 0.04 seconds
Refreshing native plugins compatible for Editor in 0.89 ms, found 3 plugins.
Preloading 0 native plugins for Editor in 0.00 ms.
Unloading 3382 Unused Serialized files (Serialized files now loaded: 0)
Unloading 27 unused Assets / (113.9 KB). Loaded Objects now: 3860.
Memory consumption went from 130.9 MB to 130.8 MB.
Total: 3.122700 ms (FindLiveObjects: 0.274600 ms CreateObjectMapping: 0.207700 ms MarkObjects: 2.530100 ms  DeleteObjects: 0.109100 ms)

AssetImportParameters requested are different than current active one (requested -> active):
  custom:video-decoder-ogg-theora: a1e56fd34408186e4bbccfd4996cb3dc -> 
  custom:container-muxer-webm: aa71ff27fc2769a1b78a27578f13a17b -> 
  custom:container-demuxer-webm: 4f35f7cbe854078d1ac9338744f61a02 -> 
  custom:video-encoder-webm-vp8: eb34c28f22e8b96e1ab97ce403110664 -> 
  custom:video-codec-MediaFoundation-h265: 746d11721c4dcdbdad8f713fa42b33f4 -> 
  custom:audio-encoder-webm-vorbis: bf7c407c2cedff20999df2af8eb42d56 -> 
  custom:framework-win-MediaFoundation: 216162199b28c13a410421893ffa2e32 -> 
  custom:container-demuxer-ogg: 62fdf1f143b41e24485cea50d1cbac27 -> 
  custom:video-decoder-webm-vp8: 9c59270c3fd7afecdb556c50c9e8de78 -> 
  custom:audio-decoder-ogg-vorbis: bf7c407c2cedff20999df2af8eb42d56 -> 
========================================================================
Received Import Request.
  Time since last request: 46686.468586 seconds.
  path: Assets/PolygonCity/Models/SM_Bld_Apartment_Corner_01.fbx
  artifactKey: Guid(06d3ff1c6175c8447aef8efdf3667d75) Importer(815301076,1909f56bfc062723c751e8b465ee728b)
Start importing Assets/PolygonCity/Models/SM_Bld_Apartment_Corner_01.fbx using Guid(06d3ff1c6175c8447aef8efdf3667d75) Importer(815301076,1909f56bfc062723c751e8b465ee728b)  -> (artifact id: '07bdf259cbf4be8ecc97009b84d44051') in 0.122672 seconds 
========================================================================
Received Import Request.
  Time since last request: 0.000044 seconds.
  path: Assets/PolygonCity/Prefabs/Buildings/SM_Bld_OfficeSquare_02.prefab
  artifactKey: Guid(5bad3bfa14ca03549852bc34961b1515) Importer(815301076,1909f56bfc062723c751e8b465ee728b)
Start importing Assets/PolygonCity/Prefabs/Buildings/SM_Bld_OfficeSquare_02.prefab using Guid(5bad3bfa14ca03549852bc34961b1515) Importer(815301076,1909f56bfc062723c751e8b465ee728b)  -> (artifact id: '97836337dd4769cc8377a648438c24a2') in 0.065875 seconds 
========================================================================
Received Import Request.
  Time since last request: 0.000044 seconds.
  path: Assets/PolygonCity/Prefabs/Buildings/SM_Bld_OfficeRound_02.prefab
  artifactKey: Guid(0c4d65d4a970ec94e9c8b857586f6e71) Importer(815301076,1909f56bfc062723c751e8b465ee728b)
Start importing Assets/PolygonCity/Prefabs/Buildings/SM_Bld_OfficeRound_02.prefab using Guid(0c4d65d4a970ec94e9c8b857586f6e71) Importer(815301076,1909f56bfc062723c751e8b465ee728b)  -> (artifact id: '4526c82f87b0b456df15e22e4c6c76bf') in 0.026448 seconds 
========================================================================
Received Import Request.
  Time since last request: 0.000020 seconds.
  path: Assets/PolygonCity/Models/SM_Bld_Cover_02.fbx
  artifactKey: Guid(48a3233d1ebdf9042a723d37dc2071ac) Importer(815301076,1909f56bfc062723c751e8b465ee728b)
Start importing Assets/PolygonCity/Models/SM_Bld_Cover_02.fbx using Guid(48a3233d1ebdf9042a723d37dc2071ac) Importer(815301076,1909f56bfc062723c751e8b465ee728b)  -> (artifact id: '540ee0134eede4292b250d37bfcbf438') in 0.017432 seconds 
========================================================================
Received Import Request.
  Time since last request: 0.000023 seconds.
  path: Assets/PolygonCity/Models/SM_Bld_Apartment_Door_02.fbx
  artifactKey: Guid(f48e21b468431224285ea1023b046d10) Importer(815301076,1909f56bfc062723c751e8b465ee728b)
Start importing Assets/PolygonCity/Models/SM_Bld_Apartment_Door_02.fbx using Guid(f48e21b468431224285ea1023b046d10) Importer(815301076,1909f56bfc062723c751e8b465ee728b)  -> (artifact id: '08b77085255496ea7a2c3c8c9ed1458a') in 0.023280 seconds 
========================================================================
Received Import Request.
  Time since last request: 0.000024 seconds.
  path: Assets/PolygonCity/Models/SM_Env_Fence_01.fbx
  artifactKey: Guid(b37a3cb77b4f69b4abb4ba8ba494180e) Importer(815301076,1909f56bfc062723c751e8b465ee728b)
Start importing Assets/PolygonCity/Models/SM_Env_Fence_01.fbx using Guid(b37a3cb77b4f69b4abb4ba8ba494180e) Importer(815301076,1909f56bfc062723c751e8b465ee728b)  -> (artifact id: '42273522fc5d4ecccf9f34210d9c7928') in 0.017562 seconds 
========================================================================
Received Import Request.
  Time since last request: 0.000027 seconds.
  path: Assets/PolygonCity/Models/SM_Env_GrassPath_Straight_01.fbx
  artifactKey: Guid(7b7b77ab314d27a4b88812f19caa23cc) Importer(815301076,1909f56bfc062723c751e8b465ee728b)
Start importing Assets/PolygonCity/Models/SM_Env_GrassPath_Straight_01.fbx using Guid(7b7b77ab314d27a4b88812f19caa23cc) Importer(815301076,1909f56bfc062723c751e8b465ee728b)  -> (artifact id: '118ea6c1a2375547625d64fe4525dda9') in 0.016695 seconds 
========================================================================
Received Import Request.
  Time since last request: 0.000026 seconds.
  path: Assets/PolygonCity/Prefabs/Props/SM_Prop_Pipe_Part_Connect_01.prefab
  artifactKey: Guid(b0a54232ae05a044dba83bfeab0610a6) Importer(815301076,1909f56bfc062723c751e8b465ee728b)
Start importing Assets/PolygonCity/Prefabs/Props/SM_Prop_Pipe_Part_Connect_01.prefab using Guid(b0a54232ae05a044dba83bfeab0610a6) Importer(815301076,1909f56bfc062723c751e8b465ee728b)  -> (artifact id: 'd7bcf6f4a536949a0029eb547363d656') in 0.024642 seconds 
========================================================================
Received Import Request.
  Time since last request: 0.000033 seconds.
  path: Assets/PolygonCity/Models/SM_Bld_Shop_06.fbx
  artifactKey: Guid(c618fb9b55da6284a8d11a0498208066) Importer(815301076,1909f56bfc062723c751e8b465ee728b)
Start importing Assets/PolygonCity/Models/SM_Bld_Shop_06.fbx using Guid(c618fb9b55da6284a8d11a0498208066) Importer(815301076,1909f56bfc062723c751e8b465ee728b)  -> (artifact id: '9b21f0aa950b350d1b8dbc5010b2c957') in 0.020123 seconds 
========================================================================
Received Import Request.
  Time since last request: 0.000026 seconds.
  path: Assets/PolygonCity/Models/SM_Prop_PowerBox_01.fbx
  artifactKey: Guid(ef227fb11c3c27d4bbc32bbc1f58d552) Importer(815301076,1909f56bfc062723c751e8b465ee728b)
Start importing Assets/PolygonCity/Models/SM_Prop_PowerBox_01.fbx using Guid(ef227fb11c3c27d4bbc32bbc1f58d552) Importer(815301076,1909f56bfc062723c751e8b465ee728b)  -> (artifact id: 'a9092322136153be7c178179b2ca2fb2') in 0.021753 seconds 
========================================================================
Received Import Request.
  Time since last request: 0.000024 seconds.
  path: Assets/PolygonCity/Prefabs/Props/SM_Prop_ShopInterior_Shelf_01.prefab
  artifactKey: Guid(fe51d80727aedd545871247d7f1fd25c) Importer(815301076,1909f56bfc062723c751e8b465ee728b)
Start importing Assets/PolygonCity/Prefabs/Props/SM_Prop_ShopInterior_Shelf_01.prefab using Guid(fe51d80727aedd545871247d7f1fd25c) Importer(815301076,1909f56bfc062723c751e8b465ee728b)  -> (artifact id: 'ea97283119062043767232e2a9ac5ff8') in 0.026088 seconds 
========================================================================
Received Import Request.
  Time since last request: 0.000034 seconds.
  path: Assets/PolygonCity/Prefabs/Buildings/SM_Bld_Shop_Cover_04.prefab
  artifactKey: Guid(a5e568db0b228c24589c17f5b015934d) Importer(815301076,1909f56bfc062723c751e8b465ee728b)
Start importing Assets/PolygonCity/Prefabs/Buildings/SM_Bld_Shop_Cover_04.prefab using Guid(a5e568db0b228c24589c17f5b015934d) Importer(815301076,1909f56bfc062723c751e8b465ee728b)  -> (artifact id: '7b544cea4d10a037392017a56c8bc042') in 0.026312 seconds 
========================================================================
Received Import Request.
  Time since last request: 0.000044 seconds.
  path: Assets/PolygonCity/Models/SM_Bld_OfficeRound_03.fbx
  artifactKey: Guid(ee06d42c7e708844c9442c11a25d3a0c) Importer(815301076,1909f56bfc062723c751e8b465ee728b)
Start importing Assets/PolygonCity/Models/SM_Bld_OfficeRound_03.fbx using Guid(ee06d42c7e708844c9442c11a25d3a0c) Importer(815301076,1909f56bfc062723c751e8b465ee728b)  -> (artifact id: 'a052892c69dd5a911cea976f4201aede') in 0.020595 seconds 
========================================================================
Received Import Request.
  Time since last request: 0.000037 seconds.
  path: Assets/PolygonCity/Models/SM_Env_Fence_End_01.fbx
  artifactKey: Guid(a29081923b79b0943a8cb435acdcb4b9) Importer(815301076,1909f56bfc062723c751e8b465ee728b)
Start importing Assets/PolygonCity/Models/SM_Env_Fence_End_01.fbx using Guid(a29081923b79b0943a8cb435acdcb4b9) Importer(815301076,1909f56bfc062723c751e8b465ee728b)  -> (artifact id: '196e25400fb39e8e83f0507b3d3146d3') in 0.015041 seconds 
========================================================================
Received Import Request.
  Time since last request: 0.000020 seconds.
  path: Assets/PolygonCity/Models/SM_Bld_OfficeRound_02.fbx
  artifactKey: Guid(6c0954960dd77674fb652e4958628bbf) Importer(815301076,1909f56bfc062723c751e8b465ee728b)
Start importing Assets/PolygonCity/Models/SM_Bld_OfficeRound_02.fbx using Guid(6c0954960dd77674fb652e4958628bbf) Importer(815301076,1909f56bfc062723c751e8b465ee728b)  -> (artifact id: '21e4cb0b3ab0a382b9c43006210aec98') in 0.014006 seconds 
========================================================================
Received Import Request.
  Time since last request: 0.000021 seconds.
  path: Assets/PolygonCity/Prefabs/Props/SM_Prop_Vents_Exhaust_01.prefab
  artifactKey: Guid(e43280ef66994c74f925cf8a64e966ed) Importer(815301076,1909f56bfc062723c751e8b465ee728b)
Start importing Assets/PolygonCity/Prefabs/Props/SM_Prop_Vents_Exhaust_01.prefab using Guid(e43280ef66994c74f925cf8a64e966ed) Importer(815301076,1909f56bfc062723c751e8b465ee728b)  -> (artifact id: '33be0cb089b7f2f6fa6cfa6d435d5463') in 0.023837 seconds 
========================================================================
Received Import Request.
  Time since last request: 0.000024 seconds.
  path: Assets/PolygonCity/Models/SM_Prop_TrashCan_Lid_01.fbx
  artifactKey: Guid(2d3db5aaac3bdde4f9ef1231d43b518f) Importer(815301076,1909f56bfc062723c751e8b465ee728b)
Start importing Assets/PolygonCity/Models/SM_Prop_TrashCan_Lid_01.fbx using Guid(2d3db5aaac3bdde4f9ef1231d43b518f) Importer(815301076,1909f56bfc062723c751e8b465ee728b)  -> (artifact id: '507bf9567f46d7171736431b8b70416a') in 0.019557 seconds 
========================================================================
Received Import Request.
  Time since last request: 0.000029 seconds.
  path: Assets/PolygonCity/Models/SM_Prop_Washingline_03.fbx
  artifactKey: Guid(99bf790d2a4d96645af103eabf360362) Importer(815301076,1909f56bfc062723c751e8b465ee728b)
Start importing Assets/PolygonCity/Models/SM_Prop_Washingline_03.fbx using Guid(99bf790d2a4d96645af103eabf360362) Importer(815301076,1909f56bfc062723c751e8b465ee728b)  -> (artifact id: '3e1876826a1327d03899e7fe225d420a') in 0.018365 seconds 
========================================================================
Received Import Request.
  Time since last request: 0.000019 seconds.
  path: Assets/PolygonCity/Prefabs/Props/SM_Prop_Window_01.prefab
  artifactKey: Guid(dbda624de6be8fc4391bb7008161cce8) Importer(815301076,1909f56bfc062723c751e8b465ee728b)
Start importing Assets/PolygonCity/Prefabs/Props/SM_Prop_Window_01.prefab using Guid(dbda624de6be8fc4391bb7008161cce8) Importer(815301076,1909f56bfc062723c751e8b465ee728b)  -> (artifact id: 'a4dc29e6cb50d26972f032cd9d36d3ba') in 0.018999 seconds 
========================================================================
Received Import Request.
  Time since last request: 0.000025 seconds.
  path: Assets/PolygonCity/Prefabs/Vehicles/SM_Veh_Car_Sedan_01.prefab
  artifactKey: Guid(85ac88d7c46e0ea4583870a98cc13580) Importer(815301076,1909f56bfc062723c751e8b465ee728b)
Start importing Assets/PolygonCity/Prefabs/Vehicles/SM_Veh_Car_Sedan_01.prefab using Guid(85ac88d7c46e0ea4583870a98cc13580) Importer(815301076,1909f56bfc062723c751e8b465ee728b)  -> (artifact id: '7033dc4c325438f31a6987b97985e4cd') in 0.033876 seconds 
========================================================================
Received Import Request.
  Time since last request: 0.000027 seconds.
  path: Assets/PolygonCity/Models/SM_Veh_Car_Van_01.fbx
  artifactKey: Guid(97982d8a36ff16f4a88f291ef2443e49) Importer(815301076,1909f56bfc062723c751e8b465ee728b)
Start importing Assets/PolygonCity/Models/SM_Veh_Car_Van_01.fbx using Guid(97982d8a36ff16f4a88f291ef2443e49) Importer(815301076,1909f56bfc062723c751e8b465ee728b)  -> (artifact id: '6f9d132961cec46b308f65f2219889ce') in 0.107688 seconds 
========================================================================
Received Import Request.
  Time since last request: 0.000027 seconds.
  path: Assets/PolygonCity/Models/SM_Prop_Billboard_Sign_01.fbx
  artifactKey: Guid(fecf1b0900c3c2e4ab67fdb4c302b31f) Importer(815301076,1909f56bfc062723c751e8b465ee728b)
Start importing Assets/PolygonCity/Models/SM_Prop_Billboard_Sign_01.fbx using Guid(fecf1b0900c3c2e4ab67fdb4c302b31f) Importer(815301076,1909f56bfc062723c751e8b465ee728b)  -> (artifact id: 'f0a5f8a6ffe85bdd016e03215f421108') in 0.020952 seconds 
========================================================================
Received Import Request.
  Time since last request: 0.000018 seconds.
  path: Assets/PolygonCity/Prefabs/Buildings/SM_Bld_Shop_Cover_05.prefab
  artifactKey: Guid(2605f88d3a092824691ed33e21a760ab) Importer(815301076,1909f56bfc062723c751e8b465ee728b)
Start importing Assets/PolygonCity/Prefabs/Buildings/SM_Bld_Shop_Cover_05.prefab using Guid(2605f88d3a092824691ed33e21a760ab) Importer(815301076,1909f56bfc062723c751e8b465ee728b)  -> (artifact id: 'a015fb8f2ed03820d79921cfee178294') in 0.022610 seconds 
========================================================================
Received Import Request.
  Time since last request: 0.000025 seconds.
  path: Assets/PolygonCity/Models/SM_Env_GrassPath_T_01.fbx
  artifactKey: Guid(c2fdda222670b6844b5d0e049c3604c2) Importer(815301076,1909f56bfc062723c751e8b465ee728b)
Start importing Assets/PolygonCity/Models/SM_Env_GrassPath_T_01.fbx using Guid(c2fdda222670b6844b5d0e049c3604c2) Importer(815301076,1909f56bfc062723c751e8b465ee728b)  -> (artifact id: '584458f6cd4c17b5a11e1d94612bc2c9') in 0.013821 seconds 
========================================================================
Received Import Request.
  Time since last request: 0.000022 seconds.
  path: Assets/PolygonCity/Models/SM_Env_WaterEdge_Rock_01.fbx
  artifactKey: Guid(27bf65190db556643904ee371814b40c) Importer(815301076,1909f56bfc062723c751e8b465ee728b)
Start importing Assets/PolygonCity/Models/SM_Env_WaterEdge_Rock_01.fbx using Guid(27bf65190db556643904ee371814b40c) Importer(815301076,1909f56bfc062723c751e8b465ee728b)  -> (artifact id: '7f851f2c8780b576054d87e968716892') in 0.015906 seconds 
========================================================================
Received Import Request.
  Time since last request: 0.000018 seconds.
  path: Assets/PolygonCity/Models/SM_Prop_PlanterWindow_02.fbx
  artifactKey: Guid(4d7b1e8b05acda04589c4052eaa97df3) Importer(815301076,1909f56bfc062723c751e8b465ee728b)
Start importing Assets/PolygonCity/Models/SM_Prop_PlanterWindow_02.fbx using Guid(4d7b1e8b05acda04589c4052eaa97df3) Importer(815301076,1909f56bfc062723c751e8b465ee728b)  -> (artifact id: 'ba215ed9dfbd73ed3bdfbe4cfdd3296c') in 0.014138 seconds 
========================================================================
Received Import Request.
  Time since last request: 0.000026 seconds.
  path: Assets/PolygonCity/Models/SM_Prop_Skip_01.fbx
  artifactKey: Guid(7d7d28af9afa8d241ab34047420b9aa9) Importer(815301076,1909f56bfc062723c751e8b465ee728b)
Start importing Assets/PolygonCity/Models/SM_Prop_Skip_01.fbx using Guid(7d7d28af9afa8d241ab34047420b9aa9) Importer(815301076,1909f56bfc062723c751e8b465ee728b)  -> (artifact id: 'e4ee7ab6120fd406d7f8aea08cf732f2') in 0.020084 seconds 
========================================================================
Received Import Request.
  Time since last request: 0.000025 seconds.
  path: Assets/PolygonCity/Prefabs/Props/SM_Prop_Sign_GiveWay_02.prefab
  artifactKey: Guid(3981e9a3a73407b4aa6e431af799d57e) Importer(815301076,1909f56bfc062723c751e8b465ee728b)
Start importing Assets/PolygonCity/Prefabs/Props/SM_Prop_Sign_GiveWay_02.prefab using Guid(3981e9a3a73407b4aa6e431af799d57e) Importer(815301076,1909f56bfc062723c751e8b465ee728b)  -> (artifact id: 'd5987fc076c9fb874e90dfd451a9b7b8') in 0.023504 seconds 
========================================================================
Received Import Request.
  Time since last request: 0.000023 seconds.
  path: Assets/PolygonCity/Prefabs/Props/SM_Prop_Sign_Attachment_01.prefab
  artifactKey: Guid(5e3dc10a50a37434c9c2c84315d7df53) Importer(815301076,1909f56bfc062723c751e8b465ee728b)
Start importing Assets/PolygonCity/Prefabs/Props/SM_Prop_Sign_Attachment_01.prefab using Guid(5e3dc10a50a37434c9c2c84315d7df53) Importer(815301076,1909f56bfc062723c751e8b465ee728b)  -> (artifact id: '2f011c59c4bac7438b89770c31a2ff51') in 0.018617 seconds 
========================================================================
Received Import Request.
  Time since last request: 0.000023 seconds.
  path: Assets/PolygonCity/Prefabs/Buildings/SM_Bld_OfficeRound_01.prefab
  artifactKey: Guid(54c86e934c1824f46a2a8955ea57091b) Importer(815301076,1909f56bfc062723c751e8b465ee728b)
Start importing Assets/PolygonCity/Prefabs/Buildings/SM_Bld_OfficeRound_01.prefab using Guid(54c86e934c1824f46a2a8955ea57091b) Importer(815301076,1909f56bfc062723c751e8b465ee728b)  -> (artifact id: '098f1c0765333baf106382b3386ab521') in 0.020022 seconds 
========================================================================
Received Import Request.
  Time since last request: 0.000035 seconds.
  path: Assets/PolygonCity/Prefabs/Props/SM_Prop_Washingline_01.prefab
  artifactKey: Guid(e51407a0809d1584ba21208f0acb453f) Importer(815301076,1909f56bfc062723c751e8b465ee728b)
Start importing Assets/PolygonCity/Prefabs/Props/SM_Prop_Washingline_01.prefab using Guid(e51407a0809d1584ba21208f0acb453f) Importer(815301076,1909f56bfc062723c751e8b465ee728b)  -> (artifact id: '9aa970d45b5c1a0b005600399b10ceab') in 0.023885 seconds 
========================================================================
Received Import Request.
  Time since last request: 0.000034 seconds.
  path: Assets/PolygonCity/Prefabs/Props/SM_Prop_Trashbin_02.prefab
  artifactKey: Guid(e1cc26c508a6ec34e95a50f62aa7b3df) Importer(815301076,1909f56bfc062723c751e8b465ee728b)
Start importing Assets/PolygonCity/Prefabs/Props/SM_Prop_Trashbin_02.prefab using Guid(e1cc26c508a6ec34e95a50f62aa7b3df) Importer(815301076,1909f56bfc062723c751e8b465ee728b)  -> (artifact id: 'ddb8409e8faca9cca5699c01ff9059b5') in 0.024001 seconds 
========================================================================
Received Import Request.
  Time since last request: 0.000026 seconds.
  path: Assets/PolygonCity/Models/SM_Env_Road_01.fbx
  artifactKey: Guid(3ae7387e133e89f4d8f6abba42078519) Importer(815301076,1909f56bfc062723c751e8b465ee728b)
Start importing Assets/PolygonCity/Models/SM_Env_Road_01.fbx using Guid(3ae7387e133e89f4d8f6abba42078519) Importer(815301076,1909f56bfc062723c751e8b465ee728b)  -> (artifact id: '0a7c8f22cdadbb07611e759c000c17fb') in 0.013531 seconds 
========================================================================
Received Import Request.
  Time since last request: 0.000022 seconds.
  path: Assets/PolygonCity/Models/SM_Prop_LightPole_Base_02.fbx
  artifactKey: Guid(11a53405bf8df1743b8f665e72258cb7) Importer(815301076,1909f56bfc062723c751e8b465ee728b)
Start importing Assets/PolygonCity/Models/SM_Prop_LightPole_Base_02.fbx using Guid(11a53405bf8df1743b8f665e72258cb7) Importer(815301076,1909f56bfc062723c751e8b465ee728b)  -> (artifact id: '23e8435cbea03a2d600de63956e3669c') in 0.021050 seconds 
========================================================================
Received Import Request.
  Time since last request: 0.000033 seconds.
  path: Assets/PolygonCity/Models/SM_Prop_TrashBag_01.fbx
  artifactKey: Guid(2c2b464c511351647893fe73456d16d2) Importer(815301076,1909f56bfc062723c751e8b465ee728b)
Start importing Assets/PolygonCity/Models/SM_Prop_TrashBag_01.fbx using Guid(2c2b464c511351647893fe73456d16d2) Importer(815301076,1909f56bfc062723c751e8b465ee728b)  -> (artifact id: '4d3fe497c0118895e3f422cdc346b3de') in 0.019909 seconds 
========================================================================
Received Import Request.
  Time since last request: 0.000023 seconds.
  path: Assets/PolygonCity/Models/SM_Bld_Spire_01.fbx
  artifactKey: Guid(5aa957f68d38ec446a4d583b0fec6f60) Importer(815301076,1909f56bfc062723c751e8b465ee728b)
Start importing Assets/PolygonCity/Models/SM_Bld_Spire_01.fbx using Guid(5aa957f68d38ec446a4d583b0fec6f60) Importer(815301076,1909f56bfc062723c751e8b465ee728b)  -> (artifact id: 'fdba0eecaa66b0b79182a58fdcd7473c') in 0.018030 seconds 
========================================================================
Received Import Request.
  Time since last request: 0.000023 seconds.
  path: Assets/PolygonCity/Models/SM_Bld_Cover_01.fbx
  artifactKey: Guid(c5d1b207bc56fc74aa36626309762e1e) Importer(815301076,1909f56bfc062723c751e8b465ee728b)
Start importing Assets/PolygonCity/Models/SM_Bld_Cover_01.fbx using Guid(c5d1b207bc56fc74aa36626309762e1e) Importer(815301076,1909f56bfc062723c751e8b465ee728b)  -> (artifact id: '6e1e2b585cf3e8143c23558ebd35b024') in 0.014410 seconds 
========================================================================
Received Import Request.
  Time since last request: 0.000026 seconds.
  path: Assets/PolygonCity/Prefabs/Buildings/SM_Bld_OfficeOctagon_01.prefab
  artifactKey: Guid(0ee83c502303ccb449f61a2877cc57c8) Importer(815301076,1909f56bfc062723c751e8b465ee728b)
Start importing Assets/PolygonCity/Prefabs/Buildings/SM_Bld_OfficeOctagon_01.prefab using Guid(0ee83c502303ccb449f61a2877cc57c8) Importer(815301076,1909f56bfc062723c751e8b465ee728b)  -> (artifact id: '2ed94c21bcccb12e244fa4d4e77ff7f8') in 0.024471 seconds 
========================================================================
Received Import Request.
  Time since last request: 0.000022 seconds.
  path: Assets/PolygonCity/Models/SM_Bld_Shop_Cover_05.fbx
  artifactKey: Guid(7527607bd8ad1944f8b80bdd85fecab6) Importer(815301076,1909f56bfc062723c751e8b465ee728b)
Start importing Assets/PolygonCity/Models/SM_Bld_Shop_Cover_05.fbx using Guid(7527607bd8ad1944f8b80bdd85fecab6) Importer(815301076,1909f56bfc062723c751e8b465ee728b)  -> (artifact id: '51164bc16463663050ea38a737b0df00') in 0.012619 seconds 
========================================================================
Received Import Request.
  Time since last request: 0.000018 seconds.
  path: Assets/PolygonCity/Models/SM_Bld_Apartment_Door_Corner_01.fbx
  artifactKey: Guid(f35208ca6691ecf4a8d08eeaaa90beda) Importer(815301076,1909f56bfc062723c751e8b465ee728b)
Start importing Assets/PolygonCity/Models/SM_Bld_Apartment_Door_Corner_01.fbx using Guid(f35208ca6691ecf4a8d08eeaaa90beda) Importer(815301076,1909f56bfc062723c751e8b465ee728b)  -> (artifact id: '003402f4badd3b42cda6283f535a7fce') in 0.014041 seconds 
========================================================================
Received Import Request.
  Time since last request: 0.000025 seconds.
  path: Assets/PolygonCity/Models/SM_Env_Road_Median_02.fbx
  artifactKey: Guid(ed2d91b1266839b41affc271ccea1efe) Importer(815301076,1909f56bfc062723c751e8b465ee728b)
Start importing Assets/PolygonCity/Models/SM_Env_Road_Median_02.fbx using Guid(ed2d91b1266839b41affc271ccea1efe) Importer(815301076,1909f56bfc062723c751e8b465ee728b)  -> (artifact id: 'f2eca470e99a0feb353153f3ea3f9c8c') in 0.018801 seconds 
========================================================================
Received Import Request.
  Time since last request: 0.000032 seconds.
  path: Assets/PolygonCity/Prefabs/Props/SM_Prop_Washingline_03.prefab
  artifactKey: Guid(817e942c1f8ae59408e2debc4104926b) Importer(815301076,1909f56bfc062723c751e8b465ee728b)
Start importing Assets/PolygonCity/Prefabs/Props/SM_Prop_Washingline_03.prefab using Guid(817e942c1f8ae59408e2debc4104926b) Importer(815301076,1909f56bfc062723c751e8b465ee728b)  -> (artifact id: '6bd0c91a658e0f42ef749cf3cf6a4f16') in 0.015865 seconds 
========================================================================
Received Import Request.
  Time since last request: 0.000020 seconds.
  path: Assets/PolygonCity/Prefabs/Props/SM_Prop_Roof_Aircon_01.prefab
  artifactKey: Guid(a154b407aa4395c40925726c816c3770) Importer(815301076,1909f56bfc062723c751e8b465ee728b)
Start importing Assets/PolygonCity/Prefabs/Props/SM_Prop_Roof_Aircon_01.prefab using Guid(a154b407aa4395c40925726c816c3770) Importer(815301076,1909f56bfc062723c751e8b465ee728b)  -> (artifact id: 'f0e07653bb4a8c30cc78eac7b3f09bf6') in 0.017932 seconds 
========================================================================
Received Import Request.
  Time since last request: 0.000021 seconds.
  path: Assets/PolygonCity/Prefabs/Environments/SM_Env_Sidewalk_Grate_02.prefab
  artifactKey: Guid(8bb0b83b7824d964fa1d723d2bddb75e) Importer(815301076,1909f56bfc062723c751e8b465ee728b)
Start importing Assets/PolygonCity/Prefabs/Environments/SM_Env_Sidewalk_Grate_02.prefab using Guid(8bb0b83b7824d964fa1d723d2bddb75e) Importer(815301076,1909f56bfc062723c751e8b465ee728b)  -> (artifact id: '3607b630ab3f42e8d1399770ed6f75e9') in 0.020112 seconds 
========================================================================
Received Import Request.
  Time since last request: 0.000023 seconds.
  path: Assets/PolygonCity/Models/SM_Env_Bridge_Wall_01.fbx
  artifactKey: Guid(325fca8c4d923254e8e22e94c0fec7ba) Importer(815301076,1909f56bfc062723c751e8b465ee728b)
Start importing Assets/PolygonCity/Models/SM_Env_Bridge_Wall_01.fbx using Guid(325fca8c4d923254e8e22e94c0fec7ba) Importer(815301076,1909f56bfc062723c751e8b465ee728b)  -> (artifact id: 'cb64b7555631a9126a1483ea7064ea8c') in 0.016579 seconds 
========================================================================
Received Import Request.
  Time since last request: 0.000022 seconds.
  path: Assets/PolygonCity/Prefabs/Props/SM_Prop_TrafficLight_02.prefab
  artifactKey: Guid(0ba99da88f5077845b463335f529a335) Importer(815301076,1909f56bfc062723c751e8b465ee728b)
Start importing Assets/PolygonCity/Prefabs/Props/SM_Prop_TrafficLight_02.prefab using Guid(0ba99da88f5077845b463335f529a335) Importer(815301076,1909f56bfc062723c751e8b465ee728b)  -> (artifact id: '9c5905ae4b6ac499c12482af5f294786') in 0.020203 seconds 
========================================================================
Received Import Request.
  Time since last request: 0.000029 seconds.
  path: Assets/PolygonCity/Prefabs/Props/SM_Prop_Police_Baton_01.prefab
  artifactKey: Guid(a7947b634a03473468cde951d4023926) Importer(815301076,1909f56bfc062723c751e8b465ee728b)
Start importing Assets/PolygonCity/Prefabs/Props/SM_Prop_Police_Baton_01.prefab using Guid(a7947b634a03473468cde951d4023926) Importer(815301076,1909f56bfc062723c751e8b465ee728b)  -> (artifact id: '11938d8dde9ff2507695798e6d13cc2a') in 0.019264 seconds 
========================================================================
Received Import Request.
  Time since last request: 0.000028 seconds.
  path: Assets/PolygonCity/Models/SM_Bld_OfficeOctagon_01.fbx
  artifactKey: Guid(f96e358f88629694aad150ee78c51964) Importer(815301076,1909f56bfc062723c751e8b465ee728b)
Start importing Assets/PolygonCity/Models/SM_Bld_OfficeOctagon_01.fbx using Guid(f96e358f88629694aad150ee78c51964) Importer(815301076,1909f56bfc062723c751e8b465ee728b)  -> (artifact id: '01fd574b98364298feb9dc96b61c9f51') in 0.015295 seconds 
========================================================================
Received Import Request.
  Time since last request: 0.000034 seconds.
  path: Assets/PolygonCity/Models/SM_Env_Cloud_02.fbx
  artifactKey: Guid(42b532ce52305ed4a8b0e93dbff6f9a7) Importer(815301076,1909f56bfc062723c751e8b465ee728b)
Start importing Assets/PolygonCity/Models/SM_Env_Cloud_02.fbx using Guid(42b532ce52305ed4a8b0e93dbff6f9a7) Importer(815301076,1909f56bfc062723c751e8b465ee728b)  -> (artifact id: 'b14b052d531c4bf6aa9ff6034559986f') in 0.019343 seconds 
========================================================================
Received Import Request.
  Time since last request: 0.000026 seconds.
  path: Assets/PolygonCity/Prefabs/Props/SM_Prop_Pipe_Part_Corner_01.prefab
  artifactKey: Guid(4992e3e5ba8f19c4bbd4187ea00e63fd) Importer(815301076,1909f56bfc062723c751e8b465ee728b)
Start importing Assets/PolygonCity/Prefabs/Props/SM_Prop_Pipe_Part_Corner_01.prefab using Guid(4992e3e5ba8f19c4bbd4187ea00e63fd) Importer(815301076,1909f56bfc062723c751e8b465ee728b)  -> (artifact id: '0e89f77a00d290ab334747c4bed355e5') in 0.028733 seconds 
========================================================================
Received Import Request.
  Time since last request: 0.000029 seconds.
  path: Assets/PolygonCity/Models/SM_Bld_Shop_05.fbx
  artifactKey: Guid(3c61d7aa61eefe24d8bba4e86f649b12) Importer(815301076,1909f56bfc062723c751e8b465ee728b)
Start importing Assets/PolygonCity/Models/SM_Bld_Shop_05.fbx using Guid(3c61d7aa61eefe24d8bba4e86f649b12) Importer(815301076,1909f56bfc062723c751e8b465ee728b)  -> (artifact id: '3c3b7b9827865e09b4a91ba0e02fb9a3') in 0.028187 seconds 
========================================================================
Received Import Request.
  Time since last request: 0.000026 seconds.
  path: Assets/PolygonCity/Prefabs/Props/SM_Prop_Washingline_04.prefab
  artifactKey: Guid(ea327a19ffc7db74385ac3d6e1899182) Importer(815301076,1909f56bfc062723c751e8b465ee728b)
Start importing Assets/PolygonCity/Prefabs/Props/SM_Prop_Washingline_04.prefab using Guid(ea327a19ffc7db74385ac3d6e1899182) Importer(815301076,1909f56bfc062723c751e8b465ee728b)  -> (artifact id: '9e7b988dc16f6eddcd07bbdf1ff9bf2e') in 0.023356 seconds 
========================================================================
Received Import Request.
  Time since last request: 0.000024 seconds.
  path: Assets/PolygonCity/Prefabs/Environments/SM_Env_Sidewalk_Dip_Corner_01.prefab
  artifactKey: Guid(d61bd59519ec86446a34df8af9f85be5) Importer(815301076,1909f56bfc062723c751e8b465ee728b)
Start importing Assets/PolygonCity/Prefabs/Environments/SM_Env_Sidewalk_Dip_Corner_01.prefab using Guid(d61bd59519ec86446a34df8af9f85be5) Importer(815301076,1909f56bfc062723c751e8b465ee728b)  -> (artifact id: '78ce561c3dff684bb0ad582a81453ef2') in 0.013237 seconds 
========================================================================
Received Import Request.
  Time since last request: 0.000020 seconds.
  path: Assets/PolygonCity/Prefabs/Props/SM_Prop_Door_01.prefab
  artifactKey: Guid(47455669544a7614fb1944943e4fdcbd) Importer(815301076,1909f56bfc062723c751e8b465ee728b)
Start importing Assets/PolygonCity/Prefabs/Props/SM_Prop_Door_01.prefab using Guid(47455669544a7614fb1944943e4fdcbd) Importer(815301076,1909f56bfc062723c751e8b465ee728b)  -> (artifact id: '63e3640d9962ab48302be5a00a7a223a') in 0.017874 seconds 
========================================================================
Received Import Request.
  Time since last request: 0.000018 seconds.
  path: Assets/PolygonCity/Prefabs/Environments/SM_Env_Road_Median_02.prefab
  artifactKey: Guid(44ca69f08a790524aaed2c2ad405a1b9) Importer(815301076,1909f56bfc062723c751e8b465ee728b)
Start importing Assets/PolygonCity/Prefabs/Environments/SM_Env_Road_Median_02.prefab using Guid(44ca69f08a790524aaed2c2ad405a1b9) Importer(815301076,1909f56bfc062723c751e8b465ee728b)  -> (artifact id: 'e2d1c202f527a529d05c9cc890bbdca5') in 0.011853 seconds 
========================================================================
Received Import Request.
  Time since last request: 0.000021 seconds.
  path: Assets/PolygonCity/Models/SM_Prop_Skip_02.fbx
  artifactKey: Guid(9dbbd76986b815748b9e5a9cb8ab9440) Importer(815301076,1909f56bfc062723c751e8b465ee728b)
Start importing Assets/PolygonCity/Models/SM_Prop_Skip_02.fbx using Guid(9dbbd76986b815748b9e5a9cb8ab9440) Importer(815301076,1909f56bfc062723c751e8b465ee728b)  -> (artifact id: '53f866811d5f0f449b603110225f807e') in 0.018337 seconds 
========================================================================
Received Import Request.
  Time since last request: 0.000020 seconds.
  path: Assets/PolygonCity/Models/SM_Prop_Vents_Wide_01.fbx
  artifactKey: Guid(99a8ce9145ae2574e9159f6a98024c58) Importer(815301076,1909f56bfc062723c751e8b465ee728b)
Start importing Assets/PolygonCity/Models/SM_Prop_Vents_Wide_01.fbx using Guid(99a8ce9145ae2574e9159f6a98024c58) Importer(815301076,1909f56bfc062723c751e8b465ee728b)  -> (artifact id: '5c5c23b9928168bf327bb15db3219408') in 0.018086 seconds 
========================================================================
Received Import Request.
  Time since last request: 0.000026 seconds.
  path: Assets/PolygonCity/Prefabs/Props/SM_Prop_Billboard_Sign_01.prefab
  artifactKey: Guid(2af99c846574e2e4e96b75f3c3c9d784) Importer(815301076,1909f56bfc062723c751e8b465ee728b)
Start importing Assets/PolygonCity/Prefabs/Props/SM_Prop_Billboard_Sign_01.prefab using Guid(2af99c846574e2e4e96b75f3c3c9d784) Importer(815301076,1909f56bfc062723c751e8b465ee728b)  -> (artifact id: '77d1276d3fc19b29dd4b986cb1157990') in 0.011583 seconds 
========================================================================
Received Import Request.
  Time since last request: 0.000021 seconds.
  path: Assets/PolygonCity/Prefabs/Vehicles/SM_Veh_Car_Ambo_01.prefab
  artifactKey: Guid(416c46ca128db5f4bb76f235b4f991d5) Importer(815301076,1909f56bfc062723c751e8b465ee728b)
Start importing Assets/PolygonCity/Prefabs/Vehicles/SM_Veh_Car_Ambo_01.prefab using Guid(416c46ca128db5f4bb76f235b4f991d5) Importer(815301076,1909f56bfc062723c751e8b465ee728b)  -> (artifact id: 'eaad90dcf4ffd9181080f8545cc81bd2') in 0.022894 seconds 
========================================================================
Received Import Request.
  Time since last request: 0.000030 seconds.
  path: Assets/PolygonCity/Models/SM_Prop_Trashbin_02.fbx
  artifactKey: Guid(e072638a7adf61048bf7387ac8ee0a28) Importer(815301076,1909f56bfc062723c751e8b465ee728b)
Start importing Assets/PolygonCity/Models/SM_Prop_Trashbin_02.fbx using Guid(e072638a7adf61048bf7387ac8ee0a28) Importer(815301076,1909f56bfc062723c751e8b465ee728b)  -> (artifact id: '233a2c29396677d9f958e88363b6a5c5') in 0.015846 seconds 
========================================================================
Received Import Request.
  Time since last request: 0.000029 seconds.
  path: Assets/PolygonCity/Models/SM_Env_Ocean_Tile_01.fbx
  artifactKey: Guid(4c7272b4664cf1b4daa318cbdfa87683) Importer(815301076,1909f56bfc062723c751e8b465ee728b)
Start importing Assets/PolygonCity/Models/SM_Env_Ocean_Tile_01.fbx using Guid(4c7272b4664cf1b4daa318cbdfa87683) Importer(815301076,1909f56bfc062723c751e8b465ee728b)  -> (artifact id: '40509ec13e263eaed50682ddc001dff7') in 0.016709 seconds 
========================================================================
Received Import Request.
  Time since last request: 0.000041 seconds.
  path: Assets/PolygonCity/Prefabs/Props/SM_Prop_TrashBag_03.prefab
  artifactKey: Guid(5b20f7f96ea80dc4cbd7199fbb4d4d3e) Importer(815301076,1909f56bfc062723c751e8b465ee728b)
Start importing Assets/PolygonCity/Prefabs/Props/SM_Prop_TrashBag_03.prefab using Guid(5b20f7f96ea80dc4cbd7199fbb4d4d3e) Importer(815301076,1909f56bfc062723c751e8b465ee728b)  -> (artifact id: 'a5d8926449d2b3737a1e70acedb34789') in 0.023886 seconds 
========================================================================
Received Import Request.
  Time since last request: 0.000031 seconds.
  path: Assets/PolygonCity/Models/SM_Prop_Sign_Parking_01.fbx
  artifactKey: Guid(e9ee184bd1034a54185a81f9c1adc9ad) Importer(815301076,1909f56bfc062723c751e8b465ee728b)
Start importing Assets/PolygonCity/Models/SM_Prop_Sign_Parking_01.fbx using Guid(e9ee184bd1034a54185a81f9c1adc9ad) Importer(815301076,1909f56bfc062723c751e8b465ee728b)  -> (artifact id: 'dbf1226b3720277b9ac98b2ddd91317a') in 0.018453 seconds 
========================================================================
Received Import Request.
  Time since last request: 0.000019 seconds.
  path: Assets/PolygonCity/Models/SM_Prop_Trashbin_01.fbx
  artifactKey: Guid(7b5d88b5e52d8a04d8f7ecfcfbe4aabd) Importer(815301076,1909f56bfc062723c751e8b465ee728b)
Start importing Assets/PolygonCity/Models/SM_Prop_Trashbin_01.fbx using Guid(7b5d88b5e52d8a04d8f7ecfcfbe4aabd) Importer(815301076,1909f56bfc062723c751e8b465ee728b)  -> (artifact id: '87927e696b836d2a6446d8ab44cc5729') in 0.018348 seconds 
========================================================================
Received Import Request.
  Time since last request: 0.000021 seconds.
  path: Assets/PolygonCity/Models/SM_Prop_PotPlant_01.fbx
  artifactKey: Guid(3f16a42493bfee3448c3a15e454ab2d9) Importer(815301076,1909f56bfc062723c751e8b465ee728b)
Start importing Assets/PolygonCity/Models/SM_Prop_PotPlant_01.fbx using Guid(3f16a42493bfee3448c3a15e454ab2d9) Importer(815301076,1909f56bfc062723c751e8b465ee728b)  -> (artifact id: '25c227c61fcf431ee15453b3854a58f9') in 0.018633 seconds 
========================================================================
Received Import Request.
  Time since last request: 0.000024 seconds.
  path: Assets/PolygonCity/Prefabs/Props/SM_Prop_ParkingMeter_02.prefab
  artifactKey: Guid(94a7e311b5cf22f4898fa342bfef126e) Importer(815301076,1909f56bfc062723c751e8b465ee728b)
Start importing Assets/PolygonCity/Prefabs/Props/SM_Prop_ParkingMeter_02.prefab using Guid(94a7e311b5cf22f4898fa342bfef126e) Importer(815301076,1909f56bfc062723c751e8b465ee728b)  -> (artifact id: '84334e40dc21381af1250c210358b802') in 0.024501 seconds 
========================================================================
Received Import Request.
  Time since last request: 0.000048 seconds.
  path: Assets/PolygonCity/Prefabs/Props/SM_Prop_Newspaper_02.prefab
  artifactKey: Guid(fbd2941af06c48e4cbb32be48b18d045) Importer(815301076,1909f56bfc062723c751e8b465ee728b)
Start importing Assets/PolygonCity/Prefabs/Props/SM_Prop_Newspaper_02.prefab using Guid(fbd2941af06c48e4cbb32be48b18d045) Importer(815301076,1909f56bfc062723c751e8b465ee728b)  -> (artifact id: 'ca3074a287d45fc833f6ece4ef2615b8') in 0.024984 seconds 
========================================================================
Received Import Request.
  Time since last request: 0.000023 seconds.
  path: Assets/PolygonCity/Prefabs/Props/SM_Prop_Billboard_Sign_05.prefab
  artifactKey: Guid(7d206ba72eb6a4b44bb884bc010bd2d8) Importer(815301076,1909f56bfc062723c751e8b465ee728b)
Start importing Assets/PolygonCity/Prefabs/Props/SM_Prop_Billboard_Sign_05.prefab using Guid(7d206ba72eb6a4b44bb884bc010bd2d8) Importer(815301076,1909f56bfc062723c751e8b465ee728b)  -> (artifact id: 'a2e5d0f4ad3955772c4ed74e1b8df413') in 0.017526 seconds 
========================================================================
Received Import Request.
  Time since last request: 0.000077 seconds.
  path: Assets/PolygonCity/Prefabs/Props/SM_Prop_Manhole_02.prefab
  artifactKey: Guid(12633cd99f9582a49a33e00103daf054) Importer(815301076,1909f56bfc062723c751e8b465ee728b)
Start importing Assets/PolygonCity/Prefabs/Props/SM_Prop_Manhole_02.prefab using Guid(12633cd99f9582a49a33e00103daf054) Importer(815301076,1909f56bfc062723c751e8b465ee728b)  -> (artifact id: '7e1dfe592442f45c45d321993c85c701') in 0.016798 seconds 
========================================================================
Received Import Request.
  Time since last request: 0.000023 seconds.
  path: Assets/PolygonCity/Prefabs/Environments/SM_Env_WaterEdge_Corner_02.prefab
  artifactKey: Guid(12164e8f6f9ab2f4589ed7dd89491853) Importer(815301076,1909f56bfc062723c751e8b465ee728b)
Start importing Assets/PolygonCity/Prefabs/Environments/SM_Env_WaterEdge_Corner_02.prefab using Guid(12164e8f6f9ab2f4589ed7dd89491853) Importer(815301076,1909f56bfc062723c751e8b465ee728b)  -> (artifact id: '1e8cf731b59dff9382609cb17380a36e') in 0.024483 seconds 
========================================================================
Received Import Request.
  Time since last request: 0.000034 seconds.
  path: Assets/PolygonCity/Prefabs/Environments/SM_Env_Road_YellowLines_02.prefab
  artifactKey: Guid(f2ed383c4eaf7fd4eb19ed7ee4347e0a) Importer(815301076,1909f56bfc062723c751e8b465ee728b)
Start importing Assets/PolygonCity/Prefabs/Environments/SM_Env_Road_YellowLines_02.prefab using Guid(f2ed383c4eaf7fd4eb19ed7ee4347e0a) Importer(815301076,1909f56bfc062723c751e8b465ee728b)  -> (artifact id: 'a7e1eaccc41c6f8ce49309664db7607d') in 0.016694 seconds 
========================================================================
Received Import Request.
  Time since last request: 0.000038 seconds.
  path: Assets/PolygonCity/Prefabs/Props/SM_Prop_LargeSign_BowlingPin_01.prefab
  artifactKey: Guid(94147211148ab5a449bb861d39bd169f) Importer(815301076,1909f56bfc062723c751e8b465ee728b)
Start importing Assets/PolygonCity/Prefabs/Props/SM_Prop_LargeSign_BowlingPin_01.prefab using Guid(94147211148ab5a449bb861d39bd169f) Importer(815301076,1909f56bfc062723c751e8b465ee728b)  -> (artifact id: '0193013fe79b4092ada427a3cb1c20a5') in 0.017514 seconds 
========================================================================
Received Import Request.
  Time since last request: 0.000023 seconds.
  path: Assets/PolygonCity/Prefabs/Props/SM_Prop_Billboard_Sign_04.prefab
  artifactKey: Guid(430345e20ddf842489bc80fba96a0edd) Importer(815301076,1909f56bfc062723c751e8b465ee728b)
Start importing Assets/PolygonCity/Prefabs/Props/SM_Prop_Billboard_Sign_04.prefab using Guid(430345e20ddf842489bc80fba96a0edd) Importer(815301076,1909f56bfc062723c751e8b465ee728b)  -> (artifact id: '05edd85f181f92a69c2d34e07503a32b') in 0.015177 seconds 
========================================================================
Received Import Request.
  Time since last request: 0.000026 seconds.
  path: Assets/PolygonCity/Models/SM_Bld_Station_03.fbx
  artifactKey: Guid(168e74101463c284aa63c2f769939413) Importer(815301076,1909f56bfc062723c751e8b465ee728b)
Start importing Assets/PolygonCity/Models/SM_Bld_Station_03.fbx using Guid(168e74101463c284aa63c2f769939413) Importer(815301076,1909f56bfc062723c751e8b465ee728b)  -> (artifact id: '416ebf3f870d5e01a2e4989ff17b4e95') in 0.020294 seconds 
========================================================================
Received Import Request.
  Time since last request: 0.000023 seconds.
  path: Assets/PolygonCity/Prefabs/Buildings/SM_Bld_Station_01.prefab
  artifactKey: Guid(8fb9d4c1e830a6742bda038e0f8c11a8) Importer(815301076,1909f56bfc062723c751e8b465ee728b)
Start importing Assets/PolygonCity/Prefabs/Buildings/SM_Bld_Station_01.prefab using Guid(8fb9d4c1e830a6742bda038e0f8c11a8) Importer(815301076,1909f56bfc062723c751e8b465ee728b)  -> (artifact id: 'ed3bbb815f215cfbd754cc098027b631') in 0.016526 seconds 
========================================================================
Received Import Request.
  Time since last request: 0.000026 seconds.
  path: Assets/PolygonCity/Models/SM_Bld_Shop_Cover_03.fbx
  artifactKey: Guid(39fd12d83ae175a40bf1b85cd999bd1a) Importer(815301076,1909f56bfc062723c751e8b465ee728b)
Start importing Assets/PolygonCity/Models/SM_Bld_Shop_Cover_03.fbx using Guid(39fd12d83ae175a40bf1b85cd999bd1a) Importer(815301076,1909f56bfc062723c751e8b465ee728b)  -> (artifact id: '323ef23aabf4aecdd6671dc6853cd57c') in 0.019922 seconds 
========================================================================
Received Import Request.
  Time since last request: 0.000019 seconds.
  path: Assets/PolygonCity/Models/SM_Bld_OfficeOld_Small_Floor_01.fbx
  artifactKey: Guid(0b7e3566e3869724ca4b6d9e449e2e8f) Importer(815301076,1909f56bfc062723c751e8b465ee728b)
Start importing Assets/PolygonCity/Models/SM_Bld_OfficeOld_Small_Floor_01.fbx using Guid(0b7e3566e3869724ca4b6d9e449e2e8f) Importer(815301076,1909f56bfc062723c751e8b465ee728b)  -> (artifact id: 'b979c92b23a53d049a07a08a206f97ea') in 0.021382 seconds 
========================================================================
Received Import Request.
  Time since last request: 0.000023 seconds.
  path: Assets/PolygonCity/Prefabs/Buildings/Custom/SM_Bld_Apartment_Stairs_Corner_01.prefab
  artifactKey: Guid(0b1f3d2a6e07d63448f8399665932fcc) Importer(815301076,1909f56bfc062723c751e8b465ee728b)
Start importing Assets/PolygonCity/Prefabs/Buildings/Custom/SM_Bld_Apartment_Stairs_Corner_01.prefab using Guid(0b1f3d2a6e07d63448f8399665932fcc) Importer(815301076,1909f56bfc062723c751e8b465ee728b)  -> (artifact id: '3c94e477f8596966059dcdc8b00ea670') in 0.024813 seconds 
========================================================================
Received Import Request.
  Time since last request: 0.000022 seconds.
  path: Assets/PolygonCity/Models/SM_Bld_Apartment_Stack_02.fbx
  artifactKey: Guid(9722dd2ac8fdbbb4aa8de708ed3effa5) Importer(815301076,1909f56bfc062723c751e8b465ee728b)
Start importing Assets/PolygonCity/Models/SM_Bld_Apartment_Stack_02.fbx using Guid(9722dd2ac8fdbbb4aa8de708ed3effa5) Importer(815301076,1909f56bfc062723c751e8b465ee728b)  -> (artifact id: 'c165c3d27a422dfbdbebb6225a75ee84') in 0.014821 seconds 
========================================================================
Received Import Request.
  Time since last request: 0.000028 seconds.
  path: Assets/PolygonCity/Models/SM_Bld_OfficeOld_Small_Base_01.fbx
  artifactKey: Guid(12484a3c17bc7e341b87d12282794c63) Importer(815301076,1909f56bfc062723c751e8b465ee728b)
Start importing Assets/PolygonCity/Models/SM_Bld_OfficeOld_Small_Base_01.fbx using Guid(12484a3c17bc7e341b87d12282794c63) Importer(815301076,1909f56bfc062723c751e8b465ee728b)  -> (artifact id: 'a05e6898647a140df176c9e186ef7555') in 0.023916 seconds 
========================================================================
Received Import Request.
  Time since last request: 0.000029 seconds.
  path: Assets/PolygonCity/Models/SM_Bld_Apartment_Stack_03.fbx
  artifactKey: Guid(5028e3428c0f0eb48a8a1cda0783e024) Importer(815301076,1909f56bfc062723c751e8b465ee728b)
Start importing Assets/PolygonCity/Models/SM_Bld_Apartment_Stack_03.fbx using Guid(5028e3428c0f0eb48a8a1cda0783e024) Importer(815301076,1909f56bfc062723c751e8b465ee728b)  -> (artifact id: '50656e25d07c51089c8b7157ce45f942') in 0.016209 seconds 
========================================================================
Received Import Request.
  Time since last request: 0.000022 seconds.
  path: Assets/PolygonCity/Models/SM_Bld_Apartment_Stairs_Corner_01.fbx
  artifactKey: Guid(35bc2f51d3d7aae41adf7ae636dbd289) Importer(815301076,1909f56bfc062723c751e8b465ee728b)
Start importing Assets/PolygonCity/Models/SM_Bld_Apartment_Stairs_Corner_01.fbx using Guid(35bc2f51d3d7aae41adf7ae636dbd289) Importer(815301076,1909f56bfc062723c751e8b465ee728b)  -> (artifact id: '413efd66f90e96ce47fc9235f9347dc0') in 0.013474 seconds 
========================================================================
Received Import Request.
  Time since last request: 0.000018 seconds.
  path: Assets/PolygonCity/Models/SM_Bld_Apartment_Stairs_03.fbx
  artifactKey: Guid(8ed874164139d9e44b53c643fb440d7b) Importer(815301076,1909f56bfc062723c751e8b465ee728b)
Start importing Assets/PolygonCity/Models/SM_Bld_Apartment_Stairs_03.fbx using Guid(8ed874164139d9e44b53c643fb440d7b) Importer(815301076,1909f56bfc062723c751e8b465ee728b)  -> (artifact id: '989f6c474f205ed755c18d90984a43ee') in 0.013366 seconds 
========================================================================
Received Import Request.
  Time since last request: 0.000022 seconds.
  path: Assets/PolygonCity/Models/SM_Bld_Apartment_02.fbx
  artifactKey: Guid(7e542005a33c314419c59e77105281fe) Importer(815301076,1909f56bfc062723c751e8b465ee728b)
Start importing Assets/PolygonCity/Models/SM_Bld_Apartment_02.fbx using Guid(7e542005a33c314419c59e77105281fe) Importer(815301076,1909f56bfc062723c751e8b465ee728b)  -> (artifact id: 'f74ce5770917b5b66541a56f4e589598') in 0.015247 seconds 
========================================================================
Received Import Request.
  Time since last request: 0.000025 seconds.
  path: Assets/PolygonCity/Models/SM_Bld_Station_02.fbx
  artifactKey: Guid(7b1d6beb9b2e7d848ac14f6af1ad146d) Importer(815301076,1909f56bfc062723c751e8b465ee728b)
Start importing Assets/PolygonCity/Models/SM_Bld_Station_02.fbx using Guid(7b1d6beb9b2e7d848ac14f6af1ad146d) Importer(815301076,1909f56bfc062723c751e8b465ee728b)  -> (artifact id: 'b6973abbf2d58f4c5eefd817be880ae8') in 0.020423 seconds 
========================================================================
Received Import Request.
  Time since last request: 0.000026 seconds.
  path: Assets/PolygonCity/Models/SM_Env_Bridge_Edge_01.fbx
  artifactKey: Guid(be785ecb1f2526b4086b9ec3b75481f2) Importer(815301076,1909f56bfc062723c751e8b465ee728b)
Start importing Assets/PolygonCity/Models/SM_Env_Bridge_Edge_01.fbx using Guid(be785ecb1f2526b4086b9ec3b75481f2) Importer(815301076,1909f56bfc062723c751e8b465ee728b)  -> (artifact id: '91f1a92ec416e5b3298a7173ea5003b8') in 0.015184 seconds 
========================================================================
Received Import Request.
  Time since last request: 0.000024 seconds.
  path: Assets/PolygonCity/Models/SM_Bld_Apartment_01.fbx
  artifactKey: Guid(7e4c9c6a708282549adc005136e459f2) Importer(815301076,1909f56bfc062723c751e8b465ee728b)
Start importing Assets/PolygonCity/Models/SM_Bld_Apartment_01.fbx using Guid(7e4c9c6a708282549adc005136e459f2) Importer(815301076,1909f56bfc062723c751e8b465ee728b)  -> (artifact id: '76491f557441afc2af56fbde17ebbc51') in 0.016463 seconds 
========================================================================
Received Import Request.
  Time since last request: 0.000027 seconds.
  path: Assets/PolygonCity/Prefabs/Buildings/SM_Bld_OfficeOld_Small_Base_01.prefab
  artifactKey: Guid(95640d38768b9f44bbf39ed3421ec759) Importer(815301076,1909f56bfc062723c751e8b465ee728b)
Start importing Assets/PolygonCity/Prefabs/Buildings/SM_Bld_OfficeOld_Small_Base_01.prefab using Guid(95640d38768b9f44bbf39ed3421ec759) Importer(815301076,1909f56bfc062723c751e8b465ee728b)  -> (artifact id: 'c81f7bac20778d9b9ad1c96b40b96284') in 0.017726 seconds 
========================================================================
Received Import Request.
  Time since last request: 0.000022 seconds.
  path: Assets/PolygonCity/Prefabs/Props/SM_Prop_LargeSign_Bottle_01.prefab
  artifactKey: Guid(4f96f6be8b901eb4c80c229856393703) Importer(815301076,1909f56bfc062723c751e8b465ee728b)
Start importing Assets/PolygonCity/Prefabs/Props/SM_Prop_LargeSign_Bottle_01.prefab using Guid(4f96f6be8b901eb4c80c229856393703) Importer(815301076,1909f56bfc062723c751e8b465ee728b)  -> (artifact id: '9aebebc1aa2a12ef440b2e967a021e7b') in 0.024133 seconds 
========================================================================
Received Import Request.
  Time since last request: 0.000024 seconds.
  path: Assets/PolygonCity/Prefabs/Props/SM_Prop_PotPlant_01.prefab
  artifactKey: Guid(aab301b5d4a9c1b4ab55351b46f6be40) Importer(815301076,1909f56bfc062723c751e8b465ee728b)
Start importing Assets/PolygonCity/Prefabs/Props/SM_Prop_PotPlant_01.prefab using Guid(aab301b5d4a9c1b4ab55351b46f6be40) Importer(815301076,1909f56bfc062723c751e8b465ee728b)  -> (artifact id: '2edd5fcca24fe57893f8188e1a42dd95') in 0.016577 seconds 
========================================================================
Received Import Request.
  Time since last request: 0.000028 seconds.
  path: Assets/PolygonCity/Models/SM_Env_Skyline_01.fbx
  artifactKey: Guid(feaca7a0cbb9b1540940bac6ce5e5501) Importer(815301076,1909f56bfc062723c751e8b465ee728b)
Start importing Assets/PolygonCity/Models/SM_Env_Skyline_01.fbx using Guid(feaca7a0cbb9b1540940bac6ce5e5501) Importer(815301076,1909f56bfc062723c751e8b465ee728b)  -> (artifact id: '2066ec5dcf65bc38640e0e852f54b180') in 0.042749 seconds 
========================================================================
Received Import Request.
  Time since last request: 0.000035 seconds.
  path: Assets/PolygonCity/Models/SM_Prop_LargeSign_BowlingBall_01.fbx
  artifactKey: Guid(c7c278fb7b6a90243b01eaf42a855c62) Importer(815301076,1909f56bfc062723c751e8b465ee728b)
Start importing Assets/PolygonCity/Models/SM_Prop_LargeSign_BowlingBall_01.fbx using Guid(c7c278fb7b6a90243b01eaf42a855c62) Importer(815301076,1909f56bfc062723c751e8b465ee728b)  -> (artifact id: '507b689f0b76e438d77b5edeb8c34ae9') in 0.020774 seconds 
========================================================================
Received Import Request.
  Time since last request: 0.000024 seconds.
  path: Assets/PolygonCity/Models/SM_Bld_Shop_02.fbx
  artifactKey: Guid(88e975ccc0a823e45881be9718fd83de) Importer(815301076,1909f56bfc062723c751e8b465ee728b)
Start importing Assets/PolygonCity/Models/SM_Bld_Shop_02.fbx using Guid(88e975ccc0a823e45881be9718fd83de) Importer(815301076,1909f56bfc062723c751e8b465ee728b)  -> (artifact id: 'b7d505c0038e44a05316e2ceb8766d75') in 0.027979 seconds 
========================================================================
Received Import Request.
  Time since last request: 0.000034 seconds.
  path: Assets/PolygonCity/Prefabs/Props/SM_Prop_TrashBag_02.prefab
  artifactKey: Guid(70a4fe26c99cdd645b53ab796679e200) Importer(815301076,1909f56bfc062723c751e8b465ee728b)
Start importing Assets/PolygonCity/Prefabs/Props/SM_Prop_TrashBag_02.prefab using Guid(70a4fe26c99cdd645b53ab796679e200) Importer(815301076,1909f56bfc062723c751e8b465ee728b)  -> (artifact id: '9852e1ff7def91113538cfec8c7ea3ee') in 0.024398 seconds 
========================================================================
Received Import Request.
  Time since last request: 0.000020 seconds.
  path: Assets/PolygonCity/Models/SM_Bld_Apartment_Roof_Corner_02.fbx
  artifactKey: Guid(e7cf38253a217fe4cabf427066511634) Importer(815301076,1909f56bfc062723c751e8b465ee728b)
Start importing Assets/PolygonCity/Models/SM_Bld_Apartment_Roof_Corner_02.fbx using Guid(e7cf38253a217fe4cabf427066511634) Importer(815301076,1909f56bfc062723c751e8b465ee728b)  -> (artifact id: '50aee3b4a41c310f4f98881b1e74c85d') in 0.013593 seconds 
========================================================================
Received Import Request.
  Time since last request: 0.000023 seconds.
  path: Assets/PolygonCity/Prefabs/Buildings/SM_Bld_Shop_Cover_03.prefab
  artifactKey: Guid(ea35cb37dd8ed464a813dd7e683a94b6) Importer(815301076,1909f56bfc062723c751e8b465ee728b)
Start importing Assets/PolygonCity/Prefabs/Buildings/SM_Bld_Shop_Cover_03.prefab using Guid(ea35cb37dd8ed464a813dd7e683a94b6) Importer(815301076,1909f56bfc062723c751e8b465ee728b)  -> (artifact id: '70d33116e16284865069372d65ec13db') in 0.017598 seconds 
========================================================================
Received Import Request.
  Time since last request: 0.000022 seconds.
  path: Assets/PolygonCity/Models/SM_Prop_TrashCan_01.fbx
  artifactKey: Guid(368214160a364a141a3101d85f12c8f9) Importer(815301076,1909f56bfc062723c751e8b465ee728b)
Start importing Assets/PolygonCity/Models/SM_Prop_TrashCan_01.fbx using Guid(368214160a364a141a3101d85f12c8f9) Importer(815301076,1909f56bfc062723c751e8b465ee728b)  -> (artifact id: 'd44d8f4950fd19330d2c622425a830c3') in 0.013110 seconds 
========================================================================
Received Import Request.
  Time since last request: 0.000017 seconds.
  path: Assets/PolygonCity/Models/SM_Bld_Apartment_Roof_03.fbx
  artifactKey: Guid(1680ed3bbc402e245983636443985aff) Importer(815301076,1909f56bfc062723c751e8b465ee728b)
Start importing Assets/PolygonCity/Models/SM_Bld_Apartment_Roof_03.fbx using Guid(1680ed3bbc402e245983636443985aff) Importer(815301076,1909f56bfc062723c751e8b465ee728b)  -> (artifact id: 'a2720dd0c7bddd76754430429702042b') in 0.012703 seconds 
========================================================================
Received Import Request.
  Time since last request: 0.007748 seconds.
  path: Assets/PolygonCity/Prefabs/Buildings/SM_Bld_Station_03.prefab
  artifactKey: Guid(8a86432aa20034e49aa63a2c97cee0f2) Importer(815301076,1909f56bfc062723c751e8b465ee728b)
Start importing Assets/PolygonCity/Prefabs/Buildings/SM_Bld_Station_03.prefab using Guid(8a86432aa20034e49aa63a2c97cee0f2) Importer(815301076,1909f56bfc062723c751e8b465ee728b)  -> (artifact id: 'bf5900fbc543ea2ae4e251d055d9930d') in 0.014533 seconds 
========================================================================
Received Import Request.
  Time since last request: 0.000016 seconds.
  path: Assets/PolygonCity/Prefabs/Buildings/SM_Bld_Shop_02.prefab
  artifactKey: Guid(694588147c2fd7e41b0105d7054a7f1a) Importer(815301076,1909f56bfc062723c751e8b465ee728b)
Start importing Assets/PolygonCity/Prefabs/Buildings/SM_Bld_Shop_02.prefab using Guid(694588147c2fd7e41b0105d7054a7f1a) Importer(815301076,1909f56bfc062723c751e8b465ee728b)  -> (artifact id: '404b07368f0d211aed80b88d9ca1bbc9') in 0.177746 seconds 
========================================================================
Received Import Request.
  Time since last request: 0.000033 seconds.
  path: Assets/PolygonCity/Models/SM_Prop_Sign_Attachment_01.fbx
  artifactKey: Guid(414863e3baaf77c47a3e5520eae09423) Importer(815301076,1909f56bfc062723c751e8b465ee728b)
Start importing Assets/PolygonCity/Models/SM_Prop_Sign_Attachment_01.fbx using Guid(414863e3baaf77c47a3e5520eae09423) Importer(815301076,1909f56bfc062723c751e8b465ee728b)  -> (artifact id: 'aae46997ea30f2e6cb6c9a4568680565') in 0.015652 seconds 
========================================================================
Received Import Request.
  Time since last request: 0.000037 seconds.
  path: Assets/PolygonCity/Prefabs/Props/SM_Prop_Skip_01.prefab
  artifactKey: Guid(7a686972998735e4e8e9cedda7f0bc43) Importer(815301076,1909f56bfc062723c751e8b465ee728b)
Start importing Assets/PolygonCity/Prefabs/Props/SM_Prop_Skip_01.prefab using Guid(7a686972998735e4e8e9cedda7f0bc43) Importer(815301076,1909f56bfc062723c751e8b465ee728b)  -> (artifact id: '62fb54da7bd5e9f6f1500db846f0d81c') in 0.016496 seconds 
========================================================================
Received Import Request.
  Time since last request: 0.000043 seconds.
  path: Assets/PolygonCity/Prefabs/Props/SM_Prop_Skip_02.prefab
  artifactKey: Guid(180ae0328a9b63d4ca285487efd1305a) Importer(815301076,1909f56bfc062723c751e8b465ee728b)
Start importing Assets/PolygonCity/Prefabs/Props/SM_Prop_Skip_02.prefab using Guid(180ae0328a9b63d4ca285487efd1305a) Importer(815301076,1909f56bfc062723c751e8b465ee728b)  -> (artifact id: '59db59e0821d893bdf320532c05a4e1c') in 0.018746 seconds 
========================================================================
Received Import Request.
  Time since last request: 0.000030 seconds.
  path: Assets/PolygonCity/Models/SM_Env_Road_Arrow_02.fbx
  artifactKey: Guid(749e90ffcfddbb84eaaca7621ff5847d) Importer(815301076,1909f56bfc062723c751e8b465ee728b)
Start importing Assets/PolygonCity/Models/SM_Env_Road_Arrow_02.fbx using Guid(749e90ffcfddbb84eaaca7621ff5847d) Importer(815301076,1909f56bfc062723c751e8b465ee728b)  -> (artifact id: '3885127d67dc2ce4c57a252db7688045') in 0.013539 seconds 
========================================================================
Received Import Request.
  Time since last request: 0.000024 seconds.
  path: Assets/PolygonCity/Prefabs/Vehicles/SM_Veh_Car_Police_01.prefab
  artifactKey: Guid(f539f0390d17a9f4a922b722e47998fe) Importer(815301076,1909f56bfc062723c751e8b465ee728b)
Start importing Assets/PolygonCity/Prefabs/Vehicles/SM_Veh_Car_Police_01.prefab using Guid(f539f0390d17a9f4a922b722e47998fe) Importer(815301076,1909f56bfc062723c751e8b465ee728b)  -> (artifact id: '63c145a2d10c4fa415cbf10173fdec61') in 0.017991 seconds 
========================================================================
Received Import Request.
  Time since last request: 0.000031 seconds.
  path: Assets/PolygonCity/Models/SM_Prop_Phones_01.fbx
  artifactKey: Guid(55f6c07f374ffc04581eba7291c2d62e) Importer(815301076,1909f56bfc062723c751e8b465ee728b)
Start importing Assets/PolygonCity/Models/SM_Prop_Phones_01.fbx using Guid(55f6c07f374ffc04581eba7291c2d62e) Importer(815301076,1909f56bfc062723c751e8b465ee728b)  -> (artifact id: 'bb92224280909af2259b99f8762ed8e7') in 0.018701 seconds 
========================================================================
Received Import Request.
  Time since last request: 0.000031 seconds.
  path: Assets/PolygonCity/Models/SM_Env_Flower_01.fbx
  artifactKey: Guid(175f710fa4d544a4183b4e410ca6c016) Importer(815301076,1909f56bfc062723c751e8b465ee728b)
Start importing Assets/PolygonCity/Models/SM_Env_Flower_01.fbx using Guid(175f710fa4d544a4183b4e410ca6c016) Importer(815301076,1909f56bfc062723c751e8b465ee728b)  -> (artifact id: 'dd505ff62aaf150a2315515385bed602') in 0.020368 seconds 
========================================================================
Received Import Request.
  Time since last request: 0.000035 seconds.
  path: Assets/PolygonCity/Models/SM_Prop_Sign_GiveWay_01.fbx
  artifactKey: Guid(c3e14bed8b0a4ae448ce20f8764246d1) Importer(815301076,1909f56bfc062723c751e8b465ee728b)
Start importing Assets/PolygonCity/Models/SM_Prop_Sign_GiveWay_01.fbx using Guid(c3e14bed8b0a4ae448ce20f8764246d1) Importer(815301076,1909f56bfc062723c751e8b465ee728b)  -> (artifact id: '482cfbbed5c9cf934b41ebd6a0f480f9') in 0.026634 seconds 
========================================================================
Received Import Request.
  Time since last request: 0.000028 seconds.
  path: Assets/PolygonCity/Prefabs/Buildings/SM_Bld_Shop_03.prefab
  artifactKey: Guid(e390f42c7625c914e9082218b571c91a) Importer(815301076,1909f56bfc062723c751e8b465ee728b)
Start importing Assets/PolygonCity/Prefabs/Buildings/SM_Bld_Shop_03.prefab using Guid(e390f42c7625c914e9082218b571c91a) Importer(815301076,1909f56bfc062723c751e8b465ee728b)  -> (artifact id: '94ea2ca31f186399e3c208fc9c21cf72') in 0.026764 seconds 
========================================================================
Received Import Request.
  Time since last request: 0.000026 seconds.
  path: Assets/PolygonCity/Models/SM_Prop_Newspaper_01.fbx
  artifactKey: Guid(5f4ac7e51a01dbd47aae19795a58cb74) Importer(815301076,1909f56bfc062723c751e8b465ee728b)
Start importing Assets/PolygonCity/Models/SM_Prop_Newspaper_01.fbx using Guid(5f4ac7e51a01dbd47aae19795a58cb74) Importer(815301076,1909f56bfc062723c751e8b465ee728b)  -> (artifact id: 'b6347a2049a54e9b098f66f6cefdd875') in 0.021608 seconds 
========================================================================
Received Import Request.
  Time since last request: 0.000045 seconds.
  path: Assets/PolygonCity/Prefabs/Props/SM_Prop_Newspaper_01.prefab
  artifactKey: Guid(d0a449419dc6e404d94d5081fa710767) Importer(815301076,1909f56bfc062723c751e8b465ee728b)
Start importing Assets/PolygonCity/Prefabs/Props/SM_Prop_Newspaper_01.prefab using Guid(d0a449419dc6e404d94d5081fa710767) Importer(815301076,1909f56bfc062723c751e8b465ee728b)  -> (artifact id: 'bd70ba6974ce0b1fa7021fdff98a84da') in 0.016522 seconds 
========================================================================
Received Import Request.
  Time since last request: 0.000026 seconds.
  path: Assets/PolygonCity/Models/SM_Bld_OfficeSquare_02.fbx
  artifactKey: Guid(3cef9c1a9db2c2742a95549ce0028baf) Importer(815301076,1909f56bfc062723c751e8b465ee728b)
Start importing Assets/PolygonCity/Models/SM_Bld_OfficeSquare_02.fbx using Guid(3cef9c1a9db2c2742a95549ce0028baf) Importer(815301076,1909f56bfc062723c751e8b465ee728b)  -> (artifact id: 'da1e961154d1d90a5db36ca503dcb102') in 0.018026 seconds 
========================================================================
Received Import Request.
  Time since last request: 0.000025 seconds.
  path: Assets/PolygonCity/Prefabs/Props/SM_Prop_Door_02.prefab
  artifactKey: Guid(ad06d608909e4f4419a1cdc20452fccf) Importer(815301076,1909f56bfc062723c751e8b465ee728b)
Start importing Assets/PolygonCity/Prefabs/Props/SM_Prop_Door_02.prefab using Guid(ad06d608909e4f4419a1cdc20452fccf) Importer(815301076,1909f56bfc062723c751e8b465ee728b)  -> (artifact id: '74742ec3e66bc17c1f510eeb43b424fe') in 0.026887 seconds 
========================================================================
Received Import Request.
  Time since last request: 0.000029 seconds.
  path: Assets/PolygonCity/Models/SM_Bld_FireEscape_03.fbx
  artifactKey: Guid(59006a4f2d7571643a502d2171ef2eff) Importer(815301076,1909f56bfc062723c751e8b465ee728b)
Start importing Assets/PolygonCity/Models/SM_Bld_FireEscape_03.fbx using Guid(59006a4f2d7571643a502d2171ef2eff) Importer(815301076,1909f56bfc062723c751e8b465ee728b)  -> (artifact id: '29a5cfa3be3a523adc0e26d44ff847ee') in 0.015584 seconds 
========================================================================
Received Import Request.
  Time since last request: 0.000022 seconds.
  path: Assets/PolygonCity/Prefabs/Props/SM_Prop_Vents_Wide_01.prefab
  artifactKey: Guid(08821b2a98c69864da45f4b353ee5bba) Importer(815301076,1909f56bfc062723c751e8b465ee728b)
Start importing Assets/PolygonCity/Prefabs/Props/SM_Prop_Vents_Wide_01.prefab using Guid(08821b2a98c69864da45f4b353ee5bba) Importer(815301076,1909f56bfc062723c751e8b465ee728b)  -> (artifact id: '3f240aedf8dc2be444dd1435316aaa05') in 0.017565 seconds 
========================================================================
Received Import Request.
  Time since last request: 0.000025 seconds.
  path: Assets/PolygonCity/Models/SM_Prop_ShopInterior_Shelf_04.fbx
  artifactKey: Guid(0c78c1c25084ece4a90c739e64675450) Importer(815301076,1909f56bfc062723c751e8b465ee728b)
Start importing Assets/PolygonCity/Models/SM_Prop_ShopInterior_Shelf_04.fbx using Guid(0c78c1c25084ece4a90c739e64675450) Importer(815301076,1909f56bfc062723c751e8b465ee728b)  -> (artifact id: '215d5b491a6ea51a4d6c99c7648d6852') in 0.019779 seconds 
========================================================================
Received Import Request.
  Time since last request: 0.000023 seconds.
  path: Assets/PolygonCity/Prefabs/Props/SM_Prop_Poster_Frame_01.prefab
  artifactKey: Guid(675b73d883444064fb48c1dd46a03c44) Importer(815301076,1909f56bfc062723c751e8b465ee728b)
Start importing Assets/PolygonCity/Prefabs/Props/SM_Prop_Poster_Frame_01.prefab using Guid(675b73d883444064fb48c1dd46a03c44) Importer(815301076,1909f56bfc062723c751e8b465ee728b)  -> (artifact id: '67c18168618ec607e6ad99ea9fa055a4') in 0.016979 seconds 
========================================================================
Received Import Request.
  Time since last request: 0.000024 seconds.
  path: Assets/PolygonCity/Models/SM_Bld_Shop_Cover_04.fbx
  artifactKey: Guid(8039f4a8add4c31439927020a862d765) Importer(815301076,1909f56bfc062723c751e8b465ee728b)
Start importing Assets/PolygonCity/Models/SM_Bld_Shop_Cover_04.fbx using Guid(8039f4a8add4c31439927020a862d765) Importer(815301076,1909f56bfc062723c751e8b465ee728b)  -> (artifact id: '7d6a3bd64bbd016d2b0350ad40b52b01') in 0.015715 seconds 
========================================================================
Received Import Request.
  Time since last request: 0.000023 seconds.
  path: Assets/PolygonCity/Prefabs/Props/SM_Prop_ShopInterior_Shelf_03.prefab
  artifactKey: Guid(ccc70d3ae8c17394f981d9af684e9312) Importer(815301076,1909f56bfc062723c751e8b465ee728b)
Start importing Assets/PolygonCity/Prefabs/Props/SM_Prop_ShopInterior_Shelf_03.prefab using Guid(ccc70d3ae8c17394f981d9af684e9312) Importer(815301076,1909f56bfc062723c751e8b465ee728b)  -> (artifact id: '381de5892b2829dac8bf76c1dbbab4b0') in 0.022487 seconds 
========================================================================
Received Import Request.
  Time since last request: 5.690215 seconds.
  path: Assets/PolygonCity/Textures/Emissive_01.png
  artifactKey: Guid(ed8c76cfaa7f4f04da86bd288543e61c) Importer(815301076,1909f56bfc062723c751e8b465ee728b)
Start importing Assets/PolygonCity/Textures/Emissive_01.png using Guid(ed8c76cfaa7f4f04da86bd288543e61c) Importer(815301076,1909f56bfc062723c751e8b465ee728b)  -> (artifact id: 'f0eef348f58f5e25651d6ad7bff031af') in 0.069481 seconds 
========================================================================
Received Import Request.
  Time since last request: 2.481788 seconds.
  path: Assets/PolygonCity/Textures/PolygonCity_Road_02.png
  artifactKey: Guid(b0aee7d175f35024cba261b5f3400236) Importer(815301076,1909f56bfc062723c751e8b465ee728b)
Start importing Assets/PolygonCity/Textures/PolygonCity_Road_02.png using Guid(b0aee7d175f35024cba261b5f3400236) Importer(815301076,1909f56bfc062723c751e8b465ee728b)  -> (artifact id: '9898bbb1ed802980b82c7113485baa06') in 0.010060 seconds 
========================================================================
Received Import Request.
  Time since last request: 0.010744 seconds.
  path: Assets/PolygonCity/Textures/PolygonCity_Road_04.png
  artifactKey: Guid(65258d84a84065b46ae7289c762c580c) Importer(815301076,1909f56bfc062723c751e8b465ee728b)
Start importing Assets/PolygonCity/Textures/PolygonCity_Road_04.png using Guid(65258d84a84065b46ae7289c762c580c) Importer(815301076,1909f56bfc062723c751e8b465ee728b)  -> (artifact id: '42989e9c86d29a3bf1c5166961c4f048') in 0.010687 seconds 
========================================================================
Received Import Request.
  Time since last request: 0.000022 seconds.
  path: Assets/PolygonCity/Textures/PolygonCity_Texture_01_B.png
  artifactKey: Guid(344af90ed60f96447801596dc5194c70) Importer(815301076,1909f56bfc062723c751e8b465ee728b)
Start importing Assets/PolygonCity/Textures/PolygonCity_Texture_01_B.png using Guid(344af90ed60f96447801596dc5194c70) Importer(815301076,1909f56bfc062723c751e8b465ee728b)  -> (artifact id: 'f51da8444a1b7aaf02f097d2ec3d03dd') in 0.009535 seconds 
========================================================================
Received Import Request.
  Time since last request: 0.005836 seconds.
  path: Assets/PolygonCity/Textures/PolygonCity_Texture_02_C.png
  artifactKey: Guid(4caaeb2b08a326b4ea412187b3d0b1bb) Importer(815301076,1909f56bfc062723c751e8b465ee728b)
Start importing Assets/PolygonCity/Textures/PolygonCity_Texture_02_C.png using Guid(4caaeb2b08a326b4ea412187b3d0b1bb) Importer(815301076,1909f56bfc062723c751e8b465ee728b)  -> (artifact id: '22140713528df442b4e22e2ff67d5ab3') in 0.011316 seconds 
========================================================================
Received Import Request.
  Time since last request: 0.000030 seconds.
  path: Assets/PolygonCity/Textures/PolygonCity_Texture_04_A.png
  artifactKey: Guid(d4156ce4a0acb374eaceabd8e5c3146c) Importer(815301076,1909f56bfc062723c751e8b465ee728b)
Start importing Assets/PolygonCity/Textures/PolygonCity_Texture_04_A.png using Guid(d4156ce4a0acb374eaceabd8e5c3146c) Importer(815301076,1909f56bfc062723c751e8b465ee728b)  -> (artifact id: '44ff9cde3c5fd5af207ecb28d32aa11a') in 0.010252 seconds 
========================================================================
Received Import Request.
  Time since last request: 0.003325 seconds.
  path: Assets/PolygonCity/Textures/PolygonCity_Texture_Metallic.tga
  artifactKey: Guid(2da74f2130b2ca74faacbcaaa83c5a44) Importer(815301076,1909f56bfc062723c751e8b465ee728b)
Start importing Assets/PolygonCity/Textures/PolygonCity_Texture_Metallic.tga using Guid(2da74f2130b2ca74faacbcaaa83c5a44) Importer(815301076,1909f56bfc062723c751e8b465ee728b)  -> (artifact id: '2e018cb8d0563ee54a00089dbd000187') in 0.049179 seconds 
========================================================================
Received Import Request.
  Time since last request: 250.048227 seconds.
  path: Assets/Scenes/SampleScene/Lightmap-0_comp_dir.png
  artifactKey: Guid(6faefad96ee5ac6469761140c1f32b83) Importer(815301076,1909f56bfc062723c751e8b465ee728b)
Start importing Assets/Scenes/SampleScene/Lightmap-0_comp_dir.png using Guid(6faefad96ee5ac6469761140c1f32b83) Importer(815301076,1909f56bfc062723c751e8b465ee728b)  -> (artifact id: '9ebd6e5bf071ca7b4fbec27abf6f20ef') in 0.009716 seconds 
========================================================================
Received Import Request.
  Time since last request: 0.006669 seconds.
  path: Assets/Scenes/SampleScene/Lightmap-0_comp_light.exr
  artifactKey: Guid(196469f230af77b4ba59d176f38c7f88) Importer(815301076,1909f56bfc062723c751e8b465ee728b)
Start importing Assets/Scenes/SampleScene/Lightmap-0_comp_light.exr using Guid(196469f230af77b4ba59d176f38c7f88) Importer(815301076,1909f56bfc062723c751e8b465ee728b)  -> (artifact id: '4f2920c38681accc06064f3bb5781165') in 0.018082 seconds 
========================================================================
Received Import Request.
  Time since last request: 0.641827 seconds.
  path: Assets/Scenes/SampleScene/ReflectionProbe-0.exr
  artifactKey: Guid(a13878293d29fbb4e85cbe2ab488f406) Importer(815301076,1909f56bfc062723c751e8b465ee728b)
Start importing Assets/Scenes/SampleScene/ReflectionProbe-0.exr using Guid(a13878293d29fbb4e85cbe2ab488f406) Importer(815301076,1909f56bfc062723c751e8b465ee728b)  -> (artifact id: 'a5b401e56095da023c4173b270c5b5f4') in 0.019719 seconds 
========================================================================
Received Import Request.
  Time since last request: 233.743111 seconds.
  path: Assets/Materials/New Material.mat
  artifactKey: Guid(dbfddfd10c8166a46b4c306430847c84) Importer(815301076,1909f56bfc062723c751e8b465ee728b)
Start importing Assets/Materials/New Material.mat using Guid(dbfddfd10c8166a46b4c306430847c84) Importer(815301076,1909f56bfc062723c751e8b465ee728b)  -> (artifact id: 'd9a29a053c0d90c00a128620ce888ccd') in 0.066262 seconds 
========================================================================
Received Import Request.
  Time since last request: 42.849167 seconds.
  path: Assets/PolygonCity/Models/Characters.fbx
  artifactKey: Guid(897b34267f422c1499700402763d096e) Importer(815301076,1909f56bfc062723c751e8b465ee728b)
Start importing Assets/PolygonCity/Models/Characters.fbx using Guid(897b34267f422c1499700402763d096e) Importer(815301076,1909f56bfc062723c751e8b465ee728b)  -> (artifact id: '2e1e5887c152d441c80573cf0664e945') in 0.150411 seconds 
Editor requested this worker to shutdown with reason: Scaling down because of idle timeout
AssetImportWorker is now disconnected from the server
Process exiting
Exiting without the bug reporter. Application will terminate with return code 0