Using pre-set license
Built from '2021.3/staging' branch; Version is '2021.3.10f1 (1c7d0df0160b) revision 1867021'; Using compiler version '192829333'; Build Type 'Release'
OS: 'Windows 11  (10.0.22000) 64bit CoreSingleLanguage' Language: 'es' Physical Memory: 15629 MB
BatchMode: 1, IsHumanControllingUs: 0, StartBugReporterOnCrash: 0, Is64bit: 1, IsPro: 1

COMMAND LINE ARGUMENTS:
D:\Aplicaciones\Unity\Editor\2021.3.10f1\Editor\Unity.exe
-adb2
-batchMode
-noUpm
-name
AssetImportWorker8
-projectPath
D:/Aplicaciones/GitHub/ABC_BCP_GAME_JAM/abc_game_jam
-logFile
Logs/AssetImportWorker8.log
-srvPort
54985
Successfully changed project path to: D:/Aplicaciones/GitHub/ABC_BCP_GAME_JAM/abc_game_jam
D:/Aplicaciones/GitHub/ABC_BCP_GAME_JAM/abc_game_jam
[UnityMemory] Configuration Parameters - Can be set up in boot.config
    "memorysetup-bucket-allocator-granularity=16"
    "memorysetup-bucket-allocator-bucket-count=8"
    "memorysetup-bucket-allocator-block-size=33554432"
    "memorysetup-bucket-allocator-block-count=8"
    "memorysetup-main-allocator-block-size=16777216"
    "memorysetup-thread-allocator-block-size=16777216"
    "memorysetup-gfx-main-allocator-block-size=16777216"
    "memorysetup-gfx-thread-allocator-block-size=16777216"
    "memorysetup-cache-allocator-block-size=4194304"
    "memorysetup-typetree-allocator-block-size=2097152"
    "memorysetup-profiler-bucket-allocator-granularity=16"
    "memorysetup-profiler-bucket-allocator-bucket-count=8"
    "memorysetup-profiler-bucket-allocator-block-size=33554432"
    "memorysetup-profiler-bucket-allocator-block-count=8"
    "memorysetup-profiler-allocator-block-size=16777216"
    "memorysetup-profiler-editor-allocator-block-size=1048576"
    "memorysetup-temp-allocator-size-main=16777216"
    "memorysetup-job-temp-allocator-block-size=2097152"
    "memorysetup-job-temp-allocator-block-size-background=1048576"
    "memorysetup-job-temp-allocator-reduction-small-platforms=262144"
    "memorysetup-temp-allocator-size-background-worker=32768"
    "memorysetup-temp-allocator-size-job-worker=262144"
    "memorysetup-temp-allocator-size-preload-manager=33554432"
    "memorysetup-temp-allocator-size-nav-mesh-worker=65536"
    "memorysetup-temp-allocator-size-audio-worker=65536"
    "memorysetup-temp-allocator-size-cloud-worker=32768"
    "memorysetup-temp-allocator-size-gi-baking-worker=262144"
    "memorysetup-temp-allocator-size-gfx=262144"
Refreshing native plugins compatible for Editor in 96.83 ms, found 3 plugins.
Preloading 0 native plugins for Editor in 0.00 ms.
Initialize engine version: 2021.3.10f1 (1c7d0df0160b)
[Subsystems] Discovering subsystems at path D:/Aplicaciones/Unity/Editor/2021.3.10f1/Editor/Data/Resources/UnitySubsystems
[Subsystems] Discovering subsystems at path D:/Aplicaciones/GitHub/ABC_BCP_GAME_JAM/abc_game_jam/Assets
GfxDevice: creating device client; threaded=0; jobified=0
Direct3D:
    Version:  Direct3D 11.0 [level 11.1]
    Renderer: NVIDIA GeForce RTX 3060 Laptop GPU (ID=0x2520)
    Vendor:   NVIDIA
    VRAM:     6023 MB
    Driver:   31.0.15.1694
Initialize mono
Mono path[0] = 'D:/Aplicaciones/Unity/Editor/2021.3.10f1/Editor/Data/Managed'
Mono path[1] = 'D:/Aplicaciones/Unity/Editor/2021.3.10f1/Editor/Data/MonoBleedingEdge/lib/mono/unityjit-win32'
Mono config path = 'D:/Aplicaciones/Unity/Editor/2021.3.10f1/Editor/Data/MonoBleedingEdge/etc'
Using monoOptions --debugger-agent=transport=dt_socket,embedding=1,server=y,suspend=n,address=127.0.0.1:56216
Begin MonoManager ReloadAssembly
Registering precompiled unity dll's ...
Register platform support module: D:/Aplicaciones/Unity/Editor/2021.3.10f1/Editor/Data/PlaybackEngines/WebGLSupport/UnityEditor.WebGL.Extensions.dll
Register platform support module: D:/Aplicaciones/Unity/Editor/2021.3.10f1/Editor/Data/PlaybackEngines/AndroidPlayer/UnityEditor.Android.Extensions.dll
Register platform support module: D:/Aplicaciones/Unity/Editor/2021.3.10f1/Editor/Data/PlaybackEngines/WindowsStandaloneSupport/UnityEditor.WindowsStandalone.Extensions.dll
Registered in 0.002228 seconds.
Native extension for WindowsStandalone target not found
Native extension for Android target not found
Native extension for WebGL target not found
Refreshing native plugins compatible for Editor in 76.92 ms, found 3 plugins.
Preloading 0 native plugins for Editor in 0.00 ms.
Mono: successfully reloaded assembly
- Completed reload, in  0.556 seconds
Domain Reload Profiling:
	ReloadAssembly (557ms)
		BeginReloadAssembly (57ms)
			ExecutionOrderSort (0ms)
			DisableScriptedObjects (0ms)
			BackupInstance (0ms)
			ReleaseScriptingObjects (0ms)
			CreateAndSetChildDomain (1ms)
		EndReloadAssembly (416ms)
			LoadAssemblies (57ms)
			RebuildTransferFunctionScriptingTraits (0ms)
			SetupTypeCache (94ms)
			ReleaseScriptCaches (0ms)
			RebuildScriptCaches (26ms)
			SetupLoadedEditorAssemblies (255ms)
				LogAssemblyErrors (0ms)
				InitializePlatformSupportModulesInManaged (48ms)
				SetLoadedEditorAssemblies (0ms)
				RefreshPlugins (77ms)
				BeforeProcessingInitializeOnLoad (1ms)
				ProcessInitializeOnLoadAttributes (87ms)
				ProcessInitializeOnLoadMethodAttributes (41ms)
				AfterProcessingInitializeOnLoad (0ms)
				EditorAssembliesLoaded (0ms)
			ExecutionOrderSort2 (0ms)
			AwakeInstancesAfterBackupRestoration (0ms)
Platform modules already initialized, skipping
Registering precompiled user dll's ...
Registered in 0.003207 seconds.
Begin MonoManager ReloadAssembly
Symbol file LoadedFromMemory doesn't match image D:\Aplicaciones\GitHub\ABC_BCP_GAME_JAM\abc_game_jam\Library\PackageCache\com.unity.visualscripting@1.7.8\Editor\VisualScripting.Core\Dependencies\YamlDotNet\Unity.VisualScripting.YamlDotNet.dll
Symbol file LoadedFromMemory doesn't match image D:\Aplicaciones\GitHub\ABC_BCP_GAME_JAM\abc_game_jam\Library\PackageCache\com.unity.visualscripting@1.7.8\Editor\VisualScripting.Core\Dependencies\DotNetZip\Unity.VisualScripting.IonicZip.dll
Native extension for WindowsStandalone target not found
Native extension for Android target not found
Native extension for WebGL target not found
Refreshing native plugins compatible for Editor in 1.06 ms, found 3 plugins.
Preloading 0 native plugins for Editor in 0.00 ms.
Mono: successfully reloaded assembly
- Completed reload, in  1.018 seconds
Domain Reload Profiling:
	ReloadAssembly (1019ms)
		BeginReloadAssembly (200ms)
			ExecutionOrderSort (0ms)
			DisableScriptedObjects (5ms)
			BackupInstance (0ms)
			ReleaseScriptingObjects (0ms)
			CreateAndSetChildDomain (129ms)
		EndReloadAssembly (728ms)
			LoadAssemblies (64ms)
			RebuildTransferFunctionScriptingTraits (0ms)
			SetupTypeCache (230ms)
			ReleaseScriptCaches (1ms)
			RebuildScriptCaches (49ms)
			SetupLoadedEditorAssemblies (348ms)
				LogAssemblyErrors (0ms)
				InitializePlatformSupportModulesInManaged (13ms)
				SetLoadedEditorAssemblies (0ms)
				RefreshPlugins (1ms)
				BeforeProcessingInitializeOnLoad (85ms)
				ProcessInitializeOnLoadAttributes (219ms)
				ProcessInitializeOnLoadMethodAttributes (27ms)
				AfterProcessingInitializeOnLoad (2ms)
				EditorAssembliesLoaded (0ms)
			ExecutionOrderSort2 (0ms)
			AwakeInstancesAfterBackupRestoration (6ms)
Platform modules already initialized, skipping
========================================================================
Worker process is ready to serve import requests
Launched and connected shader compiler UnityShaderCompiler.exe after 0.05 seconds
Refreshing native plugins compatible for Editor in 1.71 ms, found 3 plugins.
Preloading 0 native plugins for Editor in 0.00 ms.
Unloading 3382 Unused Serialized files (Serialized files now loaded: 0)
Unloading 27 unused Assets / (113.9 KB). Loaded Objects now: 3860.
Memory consumption went from 130.9 MB to 130.8 MB.
Total: 4.047900 ms (FindLiveObjects: 0.294100 ms CreateObjectMapping: 0.275800 ms MarkObjects: 3.332300 ms  DeleteObjects: 0.144400 ms)

AssetImportParameters requested are different than current active one (requested -> active):
  custom:video-decoder-ogg-theora: a1e56fd34408186e4bbccfd4996cb3dc -> 
  custom:container-muxer-webm: aa71ff27fc2769a1b78a27578f13a17b -> 
  custom:container-demuxer-webm: 4f35f7cbe854078d1ac9338744f61a02 -> 
  custom:video-encoder-webm-vp8: eb34c28f22e8b96e1ab97ce403110664 -> 
  custom:video-codec-MediaFoundation-h265: 746d11721c4dcdbdad8f713fa42b33f4 -> 
  custom:audio-encoder-webm-vorbis: bf7c407c2cedff20999df2af8eb42d56 -> 
  custom:framework-win-MediaFoundation: 216162199b28c13a410421893ffa2e32 -> 
  custom:container-demuxer-ogg: 62fdf1f143b41e24485cea50d1cbac27 -> 
  custom:video-decoder-webm-vp8: 9c59270c3fd7afecdb556c50c9e8de78 -> 
  custom:audio-decoder-ogg-vorbis: bf7c407c2cedff20999df2af8eb42d56 -> 
========================================================================
Received Import Request.
  Time since last request: 46689.412195 seconds.
  path: Assets/PolygonCity/Models/SM_Prop_TrashBag_02.fbx
  artifactKey: Guid(c05e66bcaa820dc4ea7e237fc8abde1d) Importer(815301076,1909f56bfc062723c751e8b465ee728b)
Start importing Assets/PolygonCity/Models/SM_Prop_TrashBag_02.fbx using Guid(c05e66bcaa820dc4ea7e237fc8abde1d) Importer(815301076,1909f56bfc062723c751e8b465ee728b)  -> (artifact id: 'a97435897412b6d3d1229bf66d1294e8') in 0.133451 seconds 
========================================================================
Received Import Request.
  Time since last request: 0.000037 seconds.
  path: Assets/PolygonCity/Prefabs/Buildings/SM_Bld_OfficeOld_Small_Floor_01.prefab
  artifactKey: Guid(4290c366a38253b4f87a53b8a3654483) Importer(815301076,1909f56bfc062723c751e8b465ee728b)
Start importing Assets/PolygonCity/Prefabs/Buildings/SM_Bld_OfficeOld_Small_Floor_01.prefab using Guid(4290c366a38253b4f87a53b8a3654483) Importer(815301076,1909f56bfc062723c751e8b465ee728b)  -> (artifact id: '59b203e5135735540e9069af7498eaf1') in 0.056703 seconds 
========================================================================
Received Import Request.
  Time since last request: 0.000029 seconds.
  path: Assets/PolygonCity/Models/SM_Prop_Washingline_04.fbx
  artifactKey: Guid(dfe820b365191534d8aadfc08238cfd0) Importer(815301076,1909f56bfc062723c751e8b465ee728b)
Start importing Assets/PolygonCity/Models/SM_Prop_Washingline_04.fbx using Guid(dfe820b365191534d8aadfc08238cfd0) Importer(815301076,1909f56bfc062723c751e8b465ee728b)  -> (artifact id: '8271b792fa1405de388fb70d71c75ea5') in 0.016649 seconds 
========================================================================
Received Import Request.
  Time since last request: 0.000033 seconds.
  path: Assets/PolygonCity/Prefabs/Environments/SM_Env_WaterEdge_Pipe_01.prefab
  artifactKey: Guid(31bea3e529df47e4eaa3fad5fda198b2) Importer(815301076,1909f56bfc062723c751e8b465ee728b)
Start importing Assets/PolygonCity/Prefabs/Environments/SM_Env_WaterEdge_Pipe_01.prefab using Guid(31bea3e529df47e4eaa3fad5fda198b2) Importer(815301076,1909f56bfc062723c751e8b465ee728b)  -> (artifact id: 'b821424d074e6d8ef76f2ab80c797945') in 0.017183 seconds 
========================================================================
Received Import Request.
  Time since last request: 0.000031 seconds.
  path: Assets/PolygonCity/Models/SM_Veh_Steering_Wheel_01.fbx
  artifactKey: Guid(3664edb90975474449e99fc37279544a) Importer(815301076,1909f56bfc062723c751e8b465ee728b)
Start importing Assets/PolygonCity/Models/SM_Veh_Steering_Wheel_01.fbx using Guid(3664edb90975474449e99fc37279544a) Importer(815301076,1909f56bfc062723c751e8b465ee728b)  -> (artifact id: 'db874aa9fe21b0742bc931d93cb04fd2') in 0.017029 seconds 
========================================================================
Received Import Request.
  Time since last request: 0.000030 seconds.
  path: Assets/PolygonCity/Prefabs/Buildings/SM_Bld_Station_02.prefab
  artifactKey: Guid(1a6cea8227331c841ba3a0f95dfbe662) Importer(815301076,1909f56bfc062723c751e8b465ee728b)
Start importing Assets/PolygonCity/Prefabs/Buildings/SM_Bld_Station_02.prefab using Guid(1a6cea8227331c841ba3a0f95dfbe662) Importer(815301076,1909f56bfc062723c751e8b465ee728b)  -> (artifact id: '529bee1c83b219a3dcdd13a2fa3d5d9f') in 0.018348 seconds 
========================================================================
Received Import Request.
  Time since last request: 0.000024 seconds.
  path: Assets/PolygonCity/Prefabs/Props/SM_Prop_PowerBox_01.prefab
  artifactKey: Guid(627f78867a195924ab8cd8a55429db26) Importer(815301076,1909f56bfc062723c751e8b465ee728b)
Start importing Assets/PolygonCity/Prefabs/Props/SM_Prop_PowerBox_01.prefab using Guid(627f78867a195924ab8cd8a55429db26) Importer(815301076,1909f56bfc062723c751e8b465ee728b)  -> (artifact id: '5740079f88bdfcceefc0384038f30b82') in 0.017352 seconds 
========================================================================
Received Import Request.
  Time since last request: 0.000034 seconds.
  path: Assets/PolygonCity/Prefabs/Environments/SM_Env_WaterEdge_Rock_01.prefab
  artifactKey: Guid(b408ff046e97d28428f851dbcce2f2d5) Importer(815301076,1909f56bfc062723c751e8b465ee728b)
Start importing Assets/PolygonCity/Prefabs/Environments/SM_Env_WaterEdge_Rock_01.prefab using Guid(b408ff046e97d28428f851dbcce2f2d5) Importer(815301076,1909f56bfc062723c751e8b465ee728b)  -> (artifact id: '05f5e5c4a370538d1f9e22329c59726c') in 0.017895 seconds 
========================================================================
Received Import Request.
  Time since last request: 0.000040 seconds.
  path: Assets/PolygonCity/Models/SM_Veh_Car_Ambo_01.fbx
  artifactKey: Guid(916b5bf2becb29f46b894a059d247f38) Importer(815301076,1909f56bfc062723c751e8b465ee728b)
Start importing Assets/PolygonCity/Models/SM_Veh_Car_Ambo_01.fbx using Guid(916b5bf2becb29f46b894a059d247f38) Importer(815301076,1909f56bfc062723c751e8b465ee728b)  -> (artifact id: '87ce85e87978b626d6f7b9a685dde1ad') in 0.112259 seconds 
========================================================================
Received Import Request.
  Time since last request: 5.708576 seconds.
  path: Assets/PolygonCity/Textures/BillboardAds.png
  artifactKey: Guid(4358b945d59bcc54a8d357279a0d3567) Importer(815301076,1909f56bfc062723c751e8b465ee728b)
Start importing Assets/PolygonCity/Textures/BillboardAds.png using Guid(4358b945d59bcc54a8d357279a0d3567) Importer(815301076,1909f56bfc062723c751e8b465ee728b)  -> (artifact id: '46d325a19b60772708231f31f1a87643') in 0.069901 seconds 
========================================================================
Received Import Request.
  Time since last request: 1.356943 seconds.
  path: Assets/PolygonCity/Textures/Emissive_04.png
  artifactKey: Guid(2ba1ae7111c6bd7418687fe1eae44b6a) Importer(815301076,1909f56bfc062723c751e8b465ee728b)
Start importing Assets/PolygonCity/Textures/Emissive_04.png using Guid(2ba1ae7111c6bd7418687fe1eae44b6a) Importer(815301076,1909f56bfc062723c751e8b465ee728b)  -> (artifact id: 'e12566e569c399757680ee9c19320074') in 0.013078 seconds 
========================================================================
Received Import Request.
  Time since last request: 0.009109 seconds.
  path: Assets/PolygonCity/Textures/Emissive_05.png
  artifactKey: Guid(87da7817733e9cd4cb23d782d17f0b10) Importer(815301076,1909f56bfc062723c751e8b465ee728b)
Start importing Assets/PolygonCity/Textures/Emissive_05.png using Guid(87da7817733e9cd4cb23d782d17f0b10) Importer(815301076,1909f56bfc062723c751e8b465ee728b)  -> (artifact id: '0d529228ee01271cf196cd6096efc84f') in 0.013010 seconds 
========================================================================
Received Import Request.
  Time since last request: 1.074133 seconds.
  path: Assets/PolygonCity/Textures/PolygonCity_Road_01.png
  artifactKey: Guid(822f2495881c757478b3661b1e47c074) Importer(815301076,1909f56bfc062723c751e8b465ee728b)
Start importing Assets/PolygonCity/Textures/PolygonCity_Road_01.png using Guid(822f2495881c757478b3661b1e47c074) Importer(815301076,1909f56bfc062723c751e8b465ee728b)  -> (artifact id: '0bb455e146ba127db192c4bb1e0a0e76') in 0.009801 seconds 
========================================================================
Received Import Request.
  Time since last request: 0.007986 seconds.
  path: Assets/PolygonCity/Textures/PolygonCity_Road_03.png
  artifactKey: Guid(d1d7d6c3f4b9261429dc572d51ceeed0) Importer(815301076,1909f56bfc062723c751e8b465ee728b)
Start importing Assets/PolygonCity/Textures/PolygonCity_Road_03.png using Guid(d1d7d6c3f4b9261429dc572d51ceeed0) Importer(815301076,1909f56bfc062723c751e8b465ee728b)  -> (artifact id: 'a0fdb7d68c7440b5643213e61633e250') in 0.008929 seconds 
========================================================================
Received Import Request.
  Time since last request: 0.000025 seconds.
  path: Assets/PolygonCity/Textures/PolygonCity_Texture_01_A.png
  artifactKey: Guid(fbde5f73f39181f4d9c7e24c34f0bdf8) Importer(815301076,1909f56bfc062723c751e8b465ee728b)
Start importing Assets/PolygonCity/Textures/PolygonCity_Texture_01_A.png using Guid(fbde5f73f39181f4d9c7e24c34f0bdf8) Importer(815301076,1909f56bfc062723c751e8b465ee728b)  -> (artifact id: '0b57f6162480be5d86beffe390ee8619') in 0.011469 seconds 
========================================================================
Received Import Request.
  Time since last request: 0.003534 seconds.
  path: Assets/PolygonCity/Textures/PolygonCity_Texture_01_C.png
  artifactKey: Guid(8b3b5dcefb13f9749adfaa0009fa7561) Importer(815301076,1909f56bfc062723c751e8b465ee728b)
Start importing Assets/PolygonCity/Textures/PolygonCity_Texture_01_C.png using Guid(8b3b5dcefb13f9749adfaa0009fa7561) Importer(815301076,1909f56bfc062723c751e8b465ee728b)  -> (artifact id: '7ec761beceafa6c674572d486a396476') in 0.010594 seconds 
========================================================================
Received Import Request.
  Time since last request: 0.000021 seconds.
  path: Assets/PolygonCity/Textures/PolygonCity_Texture_03_A.png
  artifactKey: Guid(f5c48780090280a41b793512dfce44c9) Importer(815301076,1909f56bfc062723c751e8b465ee728b)
Start importing Assets/PolygonCity/Textures/PolygonCity_Texture_03_A.png using Guid(f5c48780090280a41b793512dfce44c9) Importer(815301076,1909f56bfc062723c751e8b465ee728b)  -> (artifact id: 'cfed68caeb1f6940e1a75d168869f1f2') in 0.010390 seconds 
========================================================================
Received Import Request.
  Time since last request: 0.004158 seconds.
  path: Assets/PolygonCity/Textures/PolygonCity_Texture_04_B.png
  artifactKey: Guid(f5c04069b118ad443ae87371c6c4db24) Importer(815301076,1909f56bfc062723c751e8b465ee728b)
Start importing Assets/PolygonCity/Textures/PolygonCity_Texture_04_B.png using Guid(f5c04069b118ad443ae87371c6c4db24) Importer(815301076,1909f56bfc062723c751e8b465ee728b)  -> (artifact id: 'a47d5b9e81fe735d23464462b7740d01') in 0.010389 seconds 
========================================================================
Received Import Request.
  Time since last request: 0.006476 seconds.
  path: Assets/PolygonCity/Textures/PolygonCity_Texture_Normal.png
  artifactKey: Guid(b993ae890161b184188e417d77e0e1a3) Importer(815301076,1909f56bfc062723c751e8b465ee728b)
Start importing Assets/PolygonCity/Textures/PolygonCity_Texture_Normal.png using Guid(b993ae890161b184188e417d77e0e1a3) Importer(815301076,1909f56bfc062723c751e8b465ee728b)  -> (artifact id: '6224f4a69fe952a07585ddc9acc4b739') in 0.014802 seconds 
Editor requested this worker to shutdown with reason: Scaling down because of idle timeout
AssetImportWorker is now disconnected from the server
Process exiting
Exiting without the bug reporter. Application will terminate with return code 0