Using pre-set license
Built from '2021.3/staging' branch; Version is '2021.3.10f1 (1c7d0df0160b) revision 1867021'; Using compiler version '192829333'; Build Type 'Release'
OS: 'Windows 11  (10.0.22000) 64bit CoreSingleLanguage' Language: 'es' Physical Memory: 15629 MB
BatchMode: 1, IsHumanControllingUs: 0, StartBugReporterOnCrash: 0, Is64bit: 1, IsPro: 1

COMMAND LINE ARGUMENTS:
D:\Aplicaciones\Unity\Editor\2021.3.10f1\Editor\Unity.exe
-adb2
-batchMode
-noUpm
-name
AssetImportWorker7
-projectPath
D:/Aplicaciones/GitHub/ABC_BCP_GAME_JAM/abc_game_jam
-logFile
Logs/AssetImportWorker7.log
-srvPort
54985
Successfully changed project path to: D:/Aplicaciones/GitHub/ABC_BCP_GAME_JAM/abc_game_jam
D:/Aplicaciones/GitHub/ABC_BCP_GAME_JAM/abc_game_jam
[UnityMemory] Configuration Parameters - Can be set up in boot.config
    "memorysetup-bucket-allocator-granularity=16"
    "memorysetup-bucket-allocator-bucket-count=8"
    "memorysetup-bucket-allocator-block-size=33554432"
    "memorysetup-bucket-allocator-block-count=8"
    "memorysetup-main-allocator-block-size=16777216"
    "memorysetup-thread-allocator-block-size=16777216"
    "memorysetup-gfx-main-allocator-block-size=16777216"
    "memorysetup-gfx-thread-allocator-block-size=16777216"
    "memorysetup-cache-allocator-block-size=4194304"
    "memorysetup-typetree-allocator-block-size=2097152"
    "memorysetup-profiler-bucket-allocator-granularity=16"
    "memorysetup-profiler-bucket-allocator-bucket-count=8"
    "memorysetup-profiler-bucket-allocator-block-size=33554432"
    "memorysetup-profiler-bucket-allocator-block-count=8"
    "memorysetup-profiler-allocator-block-size=16777216"
    "memorysetup-profiler-editor-allocator-block-size=1048576"
    "memorysetup-temp-allocator-size-main=16777216"
    "memorysetup-job-temp-allocator-block-size=2097152"
    "memorysetup-job-temp-allocator-block-size-background=1048576"
    "memorysetup-job-temp-allocator-reduction-small-platforms=262144"
    "memorysetup-temp-allocator-size-background-worker=32768"
    "memorysetup-temp-allocator-size-job-worker=262144"
    "memorysetup-temp-allocator-size-preload-manager=33554432"
    "memorysetup-temp-allocator-size-nav-mesh-worker=65536"
    "memorysetup-temp-allocator-size-audio-worker=65536"
    "memorysetup-temp-allocator-size-cloud-worker=32768"
    "memorysetup-temp-allocator-size-gi-baking-worker=262144"
    "memorysetup-temp-allocator-size-gfx=262144"
Refreshing native plugins compatible for Editor in 102.83 ms, found 3 plugins.
Preloading 0 native plugins for Editor in 0.00 ms.
Initialize engine version: 2021.3.10f1 (1c7d0df0160b)
[Subsystems] Discovering subsystems at path D:/Aplicaciones/Unity/Editor/2021.3.10f1/Editor/Data/Resources/UnitySubsystems
[Subsystems] Discovering subsystems at path D:/Aplicaciones/GitHub/ABC_BCP_GAME_JAM/abc_game_jam/Assets
GfxDevice: creating device client; threaded=0; jobified=0
Direct3D:
    Version:  Direct3D 11.0 [level 11.1]
    Renderer: NVIDIA GeForce RTX 3060 Laptop GPU (ID=0x2520)
    Vendor:   NVIDIA
    VRAM:     6023 MB
    Driver:   31.0.15.1694
Initialize mono
Mono path[0] = 'D:/Aplicaciones/Unity/Editor/2021.3.10f1/Editor/Data/Managed'
Mono path[1] = 'D:/Aplicaciones/Unity/Editor/2021.3.10f1/Editor/Data/MonoBleedingEdge/lib/mono/unityjit-win32'
Mono config path = 'D:/Aplicaciones/Unity/Editor/2021.3.10f1/Editor/Data/MonoBleedingEdge/etc'
Using monoOptions --debugger-agent=transport=dt_socket,embedding=1,server=y,suspend=n,address=127.0.0.1:56376
Begin MonoManager ReloadAssembly
Registering precompiled unity dll's ...
Register platform support module: D:/Aplicaciones/Unity/Editor/2021.3.10f1/Editor/Data/PlaybackEngines/WebGLSupport/UnityEditor.WebGL.Extensions.dll
Register platform support module: D:/Aplicaciones/Unity/Editor/2021.3.10f1/Editor/Data/PlaybackEngines/AndroidPlayer/UnityEditor.Android.Extensions.dll
Register platform support module: D:/Aplicaciones/Unity/Editor/2021.3.10f1/Editor/Data/PlaybackEngines/WindowsStandaloneSupport/UnityEditor.WindowsStandalone.Extensions.dll
Registered in 0.002136 seconds.
Native extension for WindowsStandalone target not found
Native extension for Android target not found
Native extension for WebGL target not found
Refreshing native plugins compatible for Editor in 78.35 ms, found 3 plugins.
Preloading 0 native plugins for Editor in 0.00 ms.
Mono: successfully reloaded assembly
- Completed reload, in  0.555 seconds
Domain Reload Profiling:
	ReloadAssembly (556ms)
		BeginReloadAssembly (55ms)
			ExecutionOrderSort (0ms)
			DisableScriptedObjects (0ms)
			BackupInstance (0ms)
			ReleaseScriptingObjects (0ms)
			CreateAndSetChildDomain (1ms)
		EndReloadAssembly (417ms)
			LoadAssemblies (54ms)
			RebuildTransferFunctionScriptingTraits (0ms)
			SetupTypeCache (93ms)
			ReleaseScriptCaches (0ms)
			RebuildScriptCaches (25ms)
			SetupLoadedEditorAssemblies (258ms)
				LogAssemblyErrors (0ms)
				InitializePlatformSupportModulesInManaged (48ms)
				SetLoadedEditorAssemblies (0ms)
				RefreshPlugins (78ms)
				BeforeProcessingInitializeOnLoad (1ms)
				ProcessInitializeOnLoadAttributes (88ms)
				ProcessInitializeOnLoadMethodAttributes (42ms)
				AfterProcessingInitializeOnLoad (0ms)
				EditorAssembliesLoaded (0ms)
			ExecutionOrderSort2 (0ms)
			AwakeInstancesAfterBackupRestoration (0ms)
Platform modules already initialized, skipping
Registering precompiled user dll's ...
Registered in 0.003135 seconds.
Begin MonoManager ReloadAssembly
Symbol file LoadedFromMemory doesn't match image D:\Aplicaciones\GitHub\ABC_BCP_GAME_JAM\abc_game_jam\Library\PackageCache\com.unity.visualscripting@1.7.8\Editor\VisualScripting.Core\Dependencies\YamlDotNet\Unity.VisualScripting.YamlDotNet.dll
Symbol file LoadedFromMemory doesn't match image D:\Aplicaciones\GitHub\ABC_BCP_GAME_JAM\abc_game_jam\Library\PackageCache\com.unity.visualscripting@1.7.8\Editor\VisualScripting.Core\Dependencies\DotNetZip\Unity.VisualScripting.IonicZip.dll
Native extension for WindowsStandalone target not found
Native extension for Android target not found
Native extension for WebGL target not found
Refreshing native plugins compatible for Editor in 1.54 ms, found 3 plugins.
Preloading 0 native plugins for Editor in 0.00 ms.
Mono: successfully reloaded assembly
- Completed reload, in  1.015 seconds
Domain Reload Profiling:
	ReloadAssembly (1016ms)
		BeginReloadAssembly (198ms)
			ExecutionOrderSort (0ms)
			DisableScriptedObjects (6ms)
			BackupInstance (0ms)
			ReleaseScriptingObjects (0ms)
			CreateAndSetChildDomain (126ms)
		EndReloadAssembly (726ms)
			LoadAssemblies (62ms)
			RebuildTransferFunctionScriptingTraits (0ms)
			SetupTypeCache (232ms)
			ReleaseScriptCaches (1ms)
			RebuildScriptCaches (46ms)
			SetupLoadedEditorAssemblies (345ms)
				LogAssemblyErrors (0ms)
				InitializePlatformSupportModulesInManaged (13ms)
				SetLoadedEditorAssemblies (0ms)
				RefreshPlugins (2ms)
				BeforeProcessingInitializeOnLoad (86ms)
				ProcessInitializeOnLoadAttributes (214ms)
				ProcessInitializeOnLoadMethodAttributes (27ms)
				AfterProcessingInitializeOnLoad (3ms)
				EditorAssembliesLoaded (0ms)
			ExecutionOrderSort2 (0ms)
			AwakeInstancesAfterBackupRestoration (7ms)
Platform modules already initialized, skipping
========================================================================
Worker process is ready to serve import requests
Launched and connected shader compiler UnityShaderCompiler.exe after 0.05 seconds
Refreshing native plugins compatible for Editor in 1.12 ms, found 3 plugins.
Preloading 0 native plugins for Editor in 0.00 ms.
Unloading 3382 Unused Serialized files (Serialized files now loaded: 0)
Unloading 27 unused Assets / (113.9 KB). Loaded Objects now: 3860.
Memory consumption went from 130.9 MB to 130.8 MB.
Total: 3.772600 ms (FindLiveObjects: 0.309200 ms CreateObjectMapping: 0.271200 ms MarkObjects: 3.021700 ms  DeleteObjects: 0.168900 ms)

AssetImportParameters requested are different than current active one (requested -> active):
  custom:video-decoder-ogg-theora: a1e56fd34408186e4bbccfd4996cb3dc -> 
  custom:container-muxer-webm: aa71ff27fc2769a1b78a27578f13a17b -> 
  custom:container-demuxer-webm: 4f35f7cbe854078d1ac9338744f61a02 -> 
  custom:video-encoder-webm-vp8: eb34c28f22e8b96e1ab97ce403110664 -> 
  custom:video-codec-MediaFoundation-h265: 746d11721c4dcdbdad8f713fa42b33f4 -> 
  custom:audio-encoder-webm-vorbis: bf7c407c2cedff20999df2af8eb42d56 -> 
  custom:framework-win-MediaFoundation: 216162199b28c13a410421893ffa2e32 -> 
  custom:container-demuxer-ogg: 62fdf1f143b41e24485cea50d1cbac27 -> 
  custom:video-decoder-webm-vp8: 9c59270c3fd7afecdb556c50c9e8de78 -> 
  custom:audio-decoder-ogg-vorbis: bf7c407c2cedff20999df2af8eb42d56 -> 
========================================================================
Received Import Request.
  Time since last request: 46689.422979 seconds.
  path: Assets/PolygonCity/Models/SM_Env_Cloud_01.fbx
  artifactKey: Guid(b03970f60f30c6446a3073a546bcd606) Importer(815301076,1909f56bfc062723c751e8b465ee728b)
Start importing Assets/PolygonCity/Models/SM_Env_Cloud_01.fbx using Guid(b03970f60f30c6446a3073a546bcd606) Importer(815301076,1909f56bfc062723c751e8b465ee728b)  -> (artifact id: 'be26f2d01673df1356b7f1659455d149') in 0.147253 seconds 
========================================================================
Received Import Request.
  Time since last request: 0.000032 seconds.
  path: Assets/PolygonCity/Prefabs/Props/SM_Prop_Sign_GiveWay_03.prefab
  artifactKey: Guid(37dd8e51361cbec4b9634c7b784861f5) Importer(815301076,1909f56bfc062723c751e8b465ee728b)
Start importing Assets/PolygonCity/Prefabs/Props/SM_Prop_Sign_GiveWay_03.prefab using Guid(37dd8e51361cbec4b9634c7b784861f5) Importer(815301076,1909f56bfc062723c751e8b465ee728b)  -> (artifact id: '5e471efa1d835213a280f1229bc4aa21') in 0.055022 seconds 
========================================================================
Received Import Request.
  Time since last request: 0.000026 seconds.
  path: Assets/PolygonCity/Models/SM_Bld_Shop_04.fbx
  artifactKey: Guid(df75d1a69c99b944998e075e30c98272) Importer(815301076,1909f56bfc062723c751e8b465ee728b)
Start importing Assets/PolygonCity/Models/SM_Bld_Shop_04.fbx using Guid(df75d1a69c99b944998e075e30c98272) Importer(815301076,1909f56bfc062723c751e8b465ee728b)  -> (artifact id: '5bb2addb31debbeda2111cc3a67e671f') in 0.027443 seconds 
========================================================================
Received Import Request.
  Time since last request: 0.000052 seconds.
  path: Assets/PolygonCity/Models/SM_Prop_ShopInterior_Table_01.fbx
  artifactKey: Guid(013bc7eb7c48f3e459b5a5b5ef95d33d) Importer(815301076,1909f56bfc062723c751e8b465ee728b)
Start importing Assets/PolygonCity/Models/SM_Prop_ShopInterior_Table_01.fbx using Guid(013bc7eb7c48f3e459b5a5b5ef95d33d) Importer(815301076,1909f56bfc062723c751e8b465ee728b)  -> (artifact id: 'e1758df7f9da42e33b3c26716a6e3006') in 0.019812 seconds 
========================================================================
Received Import Request.
  Time since last request: 0.000023 seconds.
  path: Assets/PolygonCity/Prefabs/Props/SM_Prop_LightPole_CrossButton_01.prefab
  artifactKey: Guid(916be2ac89687b0458f9c3b7759c3248) Importer(815301076,1909f56bfc062723c751e8b465ee728b)
Start importing Assets/PolygonCity/Prefabs/Props/SM_Prop_LightPole_CrossButton_01.prefab using Guid(916be2ac89687b0458f9c3b7759c3248) Importer(815301076,1909f56bfc062723c751e8b465ee728b)  -> (artifact id: 'b4848e056fc34b04e4b862d69c0a3844') in 0.024088 seconds 
========================================================================
Received Import Request.
  Time since last request: 0.000027 seconds.
  path: Assets/PolygonCity/Prefabs/Props/SM_Prop_TrafficLight_03.prefab
  artifactKey: Guid(f535db8b221d73a4abbe7062e1624a15) Importer(815301076,1909f56bfc062723c751e8b465ee728b)
Start importing Assets/PolygonCity/Prefabs/Props/SM_Prop_TrafficLight_03.prefab using Guid(f535db8b221d73a4abbe7062e1624a15) Importer(815301076,1909f56bfc062723c751e8b465ee728b)  -> (artifact id: '4ebf4a8e43ad25f1df943fe2138d5bab') in 0.020594 seconds 
========================================================================
Received Import Request.
  Time since last request: 0.000032 seconds.
  path: Assets/PolygonCity/Models/SM_Env_Sidewalk_Construction_01.fbx
  artifactKey: Guid(e38113ccf03e1de43904d13b5513059f) Importer(815301076,1909f56bfc062723c751e8b465ee728b)
Start importing Assets/PolygonCity/Models/SM_Env_Sidewalk_Construction_01.fbx using Guid(e38113ccf03e1de43904d13b5513059f) Importer(815301076,1909f56bfc062723c751e8b465ee728b)  -> (artifact id: '2150db9c8c7861510eb46cf1aa9fad66') in 0.019244 seconds 
========================================================================
Received Import Request.
  Time since last request: 0.000028 seconds.
  path: Assets/PolygonCity/Models/SM_Veh_Car_Sedan_01.fbx
  artifactKey: Guid(2dfd189627cfe43479265db2e35e552c) Importer(815301076,1909f56bfc062723c751e8b465ee728b)
Start importing Assets/PolygonCity/Models/SM_Veh_Car_Sedan_01.fbx using Guid(2dfd189627cfe43479265db2e35e552c) Importer(815301076,1909f56bfc062723c751e8b465ee728b)  -> (artifact id: '59357e381b2016246a55a1aead4cefbb') in 0.090368 seconds 
========================================================================
Received Import Request.
  Time since last request: 5.707014 seconds.
  path: Assets/PolygonCity/Textures/Emissive_03.png
  artifactKey: Guid(5b180a3347057294a826ebec48642b81) Importer(815301076,1909f56bfc062723c751e8b465ee728b)
Start importing Assets/PolygonCity/Textures/Emissive_03.png using Guid(5b180a3347057294a826ebec48642b81) Importer(815301076,1909f56bfc062723c751e8b465ee728b)  -> (artifact id: '0ebe3050583b5a18c708763e8a2b47b7') in 0.069068 seconds 
========================================================================
Received Import Request.
  Time since last request: 2.511435 seconds.
  path: Assets/PolygonCity/Textures/PolygonCity_Texture.png
  artifactKey: Guid(37ef2dab4a7fd874a928511f5fbed144) Importer(815301076,1909f56bfc062723c751e8b465ee728b)
Start importing Assets/PolygonCity/Textures/PolygonCity_Texture.png using Guid(37ef2dab4a7fd874a928511f5fbed144) Importer(815301076,1909f56bfc062723c751e8b465ee728b)  -> (artifact id: '171338714f380bceb06186460ae3e2f4') in 0.018028 seconds 
========================================================================
Received Import Request.
  Time since last request: 0.000019 seconds.
  path: Assets/PolygonCity/Textures/PolygonCity_Texture_02_B.png
  artifactKey: Guid(3597477262f71434faded6c191b5e1dc) Importer(815301076,1909f56bfc062723c751e8b465ee728b)
Start importing Assets/PolygonCity/Textures/PolygonCity_Texture_02_B.png using Guid(3597477262f71434faded6c191b5e1dc) Importer(815301076,1909f56bfc062723c751e8b465ee728b)  -> (artifact id: 'bb2f80e5799aea76e28607910f3edc99') in 0.010830 seconds 
========================================================================
Received Import Request.
  Time since last request: 0.000029 seconds.
  path: Assets/PolygonCity/Textures/PolygonCity_Texture_03_B.png
  artifactKey: Guid(36feb82263c3ae54b9317c97603a3bce) Importer(815301076,1909f56bfc062723c751e8b465ee728b)
Start importing Assets/PolygonCity/Textures/PolygonCity_Texture_03_B.png using Guid(36feb82263c3ae54b9317c97603a3bce) Importer(815301076,1909f56bfc062723c751e8b465ee728b)  -> (artifact id: '7d87506057867cef26786f209cbedf82') in 0.010271 seconds 
========================================================================
Received Import Request.
  Time since last request: 0.004471 seconds.
  path: Assets/PolygonCity/Textures/PolygonCity_Texture_04_C.png
  artifactKey: Guid(d2085ccbd691b134ba81f1666e575f92) Importer(815301076,1909f56bfc062723c751e8b465ee728b)
Start importing Assets/PolygonCity/Textures/PolygonCity_Texture_04_C.png using Guid(d2085ccbd691b134ba81f1666e575f92) Importer(815301076,1909f56bfc062723c751e8b465ee728b)  -> (artifact id: '1be2190bbce47b53e20e12ff5233e14e') in 0.010079 seconds 
Editor requested this worker to shutdown with reason: Scaling down because of idle timeout
AssetImportWorker is now disconnected from the server
Process exiting
Exiting without the bug reporter. Application will terminate with return code 0