Using pre-set license
Built from '2021.3/staging' branch; Version is '2021.3.10f1 (1c7d0df0160b) revision 1867021'; Using compiler version '192829333'; Build Type 'Release'
OS: 'Windows 11  (10.0.22000) 64bit CoreSingleLanguage' Language: 'es' Physical Memory: 15629 MB
BatchMode: 1, IsHumanControllingUs: 0, StartBugReporterOnCrash: 0, Is64bit: 1, IsPro: 1

COMMAND LINE ARGUMENTS:
D:\Aplicaciones\Unity\Editor\2021.3.10f1\Editor\Unity.exe
-adb2
-batchMode
-noUpm
-name
AssetImportWorker3
-projectPath
D:/Aplicaciones/GitHub/ABC_BCP_GAME_JAM/abc_game_jam
-logFile
Logs/AssetImportWorker3.log
-srvPort
63026
Successfully changed project path to: D:/Aplicaciones/GitHub/ABC_BCP_GAME_JAM/abc_game_jam
D:/Aplicaciones/GitHub/ABC_BCP_GAME_JAM/abc_game_jam
[UnityMemory] Configuration Parameters - Can be set up in boot.config
    "memorysetup-bucket-allocator-granularity=16"
    "memorysetup-bucket-allocator-bucket-count=8"
    "memorysetup-bucket-allocator-block-size=33554432"
    "memorysetup-bucket-allocator-block-count=8"
    "memorysetup-main-allocator-block-size=16777216"
    "memorysetup-thread-allocator-block-size=16777216"
    "memorysetup-gfx-main-allocator-block-size=16777216"
    "memorysetup-gfx-thread-allocator-block-size=16777216"
    "memorysetup-cache-allocator-block-size=4194304"
    "memorysetup-typetree-allocator-block-size=2097152"
    "memorysetup-profiler-bucket-allocator-granularity=16"
    "memorysetup-profiler-bucket-allocator-bucket-count=8"
    "memorysetup-profiler-bucket-allocator-block-size=33554432"
    "memorysetup-profiler-bucket-allocator-block-count=8"
    "memorysetup-profiler-allocator-block-size=16777216"
    "memorysetup-profiler-editor-allocator-block-size=1048576"
    "memorysetup-temp-allocator-size-main=16777216"
    "memorysetup-job-temp-allocator-block-size=2097152"
    "memorysetup-job-temp-allocator-block-size-background=1048576"
    "memorysetup-job-temp-allocator-reduction-small-platforms=262144"
    "memorysetup-temp-allocator-size-background-worker=32768"
    "memorysetup-temp-allocator-size-job-worker=262144"
    "memorysetup-temp-allocator-size-preload-manager=33554432"
    "memorysetup-temp-allocator-size-nav-mesh-worker=65536"
    "memorysetup-temp-allocator-size-audio-worker=65536"
    "memorysetup-temp-allocator-size-cloud-worker=32768"
    "memorysetup-temp-allocator-size-gi-baking-worker=262144"
    "memorysetup-temp-allocator-size-gfx=262144"
Refreshing native plugins compatible for Editor in 103.40 ms, found 3 plugins.
Preloading 0 native plugins for Editor in 0.00 ms.
Initialize engine version: 2021.3.10f1 (1c7d0df0160b)
[Subsystems] Discovering subsystems at path D:/Aplicaciones/Unity/Editor/2021.3.10f1/Editor/Data/Resources/UnitySubsystems
[Subsystems] Discovering subsystems at path D:/Aplicaciones/GitHub/ABC_BCP_GAME_JAM/abc_game_jam/Assets
GfxDevice: creating device client; threaded=0; jobified=0
Direct3D:
    Version:  Direct3D 11.0 [level 11.1]
    Renderer: NVIDIA GeForce RTX 3060 Laptop GPU (ID=0x2520)
    Vendor:   NVIDIA
    VRAM:     6023 MB
    Driver:   31.0.15.1694
Initialize mono
Mono path[0] = 'D:/Aplicaciones/Unity/Editor/2021.3.10f1/Editor/Data/Managed'
Mono path[1] = 'D:/Aplicaciones/Unity/Editor/2021.3.10f1/Editor/Data/MonoBleedingEdge/lib/mono/unityjit-win32'
Mono config path = 'D:/Aplicaciones/Unity/Editor/2021.3.10f1/Editor/Data/MonoBleedingEdge/etc'
Using monoOptions --debugger-agent=transport=dt_socket,embedding=1,server=y,suspend=n,address=127.0.0.1:56840
Begin MonoManager ReloadAssembly
Registering precompiled unity dll's ...
Register platform support module: D:/Aplicaciones/Unity/Editor/2021.3.10f1/Editor/Data/PlaybackEngines/WebGLSupport/UnityEditor.WebGL.Extensions.dll
Register platform support module: D:/Aplicaciones/Unity/Editor/2021.3.10f1/Editor/Data/PlaybackEngines/AndroidPlayer/UnityEditor.Android.Extensions.dll
Register platform support module: D:/Aplicaciones/Unity/Editor/2021.3.10f1/Editor/Data/PlaybackEngines/WindowsStandaloneSupport/UnityEditor.WindowsStandalone.Extensions.dll
Registered in 0.001981 seconds.
Native extension for WindowsStandalone target not found
Native extension for Android target not found
Native extension for WebGL target not found
Refreshing native plugins compatible for Editor in 98.77 ms, found 3 plugins.
Preloading 0 native plugins for Editor in 0.00 ms.
Mono: successfully reloaded assembly
- Completed reload, in  0.644 seconds
Domain Reload Profiling:
	ReloadAssembly (645ms)
		BeginReloadAssembly (62ms)
			ExecutionOrderSort (0ms)
			DisableScriptedObjects (0ms)
			BackupInstance (0ms)
			ReleaseScriptingObjects (0ms)
			CreateAndSetChildDomain (1ms)
		EndReloadAssembly (496ms)
			LoadAssemblies (62ms)
			RebuildTransferFunctionScriptingTraits (0ms)
			SetupTypeCache (103ms)
			ReleaseScriptCaches (0ms)
			RebuildScriptCaches (34ms)
			SetupLoadedEditorAssemblies (314ms)
				LogAssemblyErrors (0ms)
				InitializePlatformSupportModulesInManaged (59ms)
				SetLoadedEditorAssemblies (0ms)
				RefreshPlugins (99ms)
				BeforeProcessingInitializeOnLoad (3ms)
				ProcessInitializeOnLoadAttributes (105ms)
				ProcessInitializeOnLoadMethodAttributes (48ms)
				AfterProcessingInitializeOnLoad (0ms)
				EditorAssembliesLoaded (0ms)
			ExecutionOrderSort2 (0ms)
			AwakeInstancesAfterBackupRestoration (0ms)
Platform modules already initialized, skipping
Registering precompiled user dll's ...
Registered in 0.003248 seconds.
Begin MonoManager ReloadAssembly
Symbol file LoadedFromMemory doesn't match image D:\Aplicaciones\GitHub\ABC_BCP_GAME_JAM\abc_game_jam\Library\PackageCache\com.unity.visualscripting@1.7.8\Editor\VisualScripting.Core\Dependencies\YamlDotNet\Unity.VisualScripting.YamlDotNet.dll
Symbol file LoadedFromMemory doesn't match image D:\Aplicaciones\GitHub\ABC_BCP_GAME_JAM\abc_game_jam\Library\PackageCache\com.unity.visualscripting@1.7.8\Editor\VisualScripting.Core\Dependencies\DotNetZip\Unity.VisualScripting.IonicZip.dll
Native extension for WindowsStandalone target not found
Native extension for Android target not found
Native extension for WebGL target not found
Refreshing native plugins compatible for Editor in 0.72 ms, found 3 plugins.
Preloading 0 native plugins for Editor in 0.00 ms.
Mono: successfully reloaded assembly
- Completed reload, in  0.860 seconds
Domain Reload Profiling:
	ReloadAssembly (860ms)
		BeginReloadAssembly (190ms)
			ExecutionOrderSort (0ms)
			DisableScriptedObjects (6ms)
			BackupInstance (0ms)
			ReleaseScriptingObjects (0ms)
			CreateAndSetChildDomain (132ms)
		EndReloadAssembly (593ms)
			LoadAssemblies (49ms)
			RebuildTransferFunctionScriptingTraits (0ms)
			SetupTypeCache (184ms)
			ReleaseScriptCaches (1ms)
			RebuildScriptCaches (40ms)
			SetupLoadedEditorAssemblies (289ms)
				LogAssemblyErrors (0ms)
				InitializePlatformSupportModulesInManaged (10ms)
				SetLoadedEditorAssemblies (0ms)
				RefreshPlugins (1ms)
				BeforeProcessingInitializeOnLoad (64ms)
				ProcessInitializeOnLoadAttributes (189ms)
				ProcessInitializeOnLoadMethodAttributes (23ms)
				AfterProcessingInitializeOnLoad (1ms)
				EditorAssembliesLoaded (0ms)
			ExecutionOrderSort2 (0ms)
			AwakeInstancesAfterBackupRestoration (4ms)
Platform modules already initialized, skipping
========================================================================
Worker process is ready to serve import requests
Launched and connected shader compiler UnityShaderCompiler.exe after 0.04 seconds
Refreshing native plugins compatible for Editor in 1.63 ms, found 3 plugins.
Preloading 0 native plugins for Editor in 0.00 ms.
Unloading 3558 Unused Serialized files (Serialized files now loaded: 0)
Unloading 40 unused Assets / (186.7 KB). Loaded Objects now: 4038.
Memory consumption went from 139.5 MB to 139.3 MB.
Total: 2.901900 ms (FindLiveObjects: 0.256000 ms CreateObjectMapping: 0.121400 ms MarkObjects: 2.406500 ms  DeleteObjects: 0.117000 ms)

AssetImportParameters requested are different than current active one (requested -> active):
  custom:video-decoder-ogg-theora: a1e56fd34408186e4bbccfd4996cb3dc -> 
  custom:container-muxer-webm: aa71ff27fc2769a1b78a27578f13a17b -> 
  custom:container-demuxer-webm: 4f35f7cbe854078d1ac9338744f61a02 -> 
  custom:video-encoder-webm-vp8: eb34c28f22e8b96e1ab97ce403110664 -> 
  custom:video-codec-MediaFoundation-h265: 746d11721c4dcdbdad8f713fa42b33f4 -> 
  custom:audio-encoder-webm-vorbis: bf7c407c2cedff20999df2af8eb42d56 -> 
  custom:framework-win-MediaFoundation: 216162199b28c13a410421893ffa2e32 -> 
  custom:container-demuxer-ogg: 62fdf1f143b41e24485cea50d1cbac27 -> 
  custom:video-decoder-webm-vp8: 9c59270c3fd7afecdb556c50c9e8de78 -> 
  custom:audio-decoder-ogg-vorbis: bf7c407c2cedff20999df2af8eb42d56 -> 
========================================================================
Received Import Request.
  Time since last request: 127485.098746 seconds.
  path: Assets/PolygonCity/Prefabs/Props/SM_Prop_LargeSign_Pizza_01.prefab
  artifactKey: Guid(eba1f7ece2536204bb30cc7ab64ae8bf) Importer(815301076,1909f56bfc062723c751e8b465ee728b)
Start importing Assets/PolygonCity/Prefabs/Props/SM_Prop_LargeSign_Pizza_01.prefab using Guid(eba1f7ece2536204bb30cc7ab64ae8bf) Importer(815301076,1909f56bfc062723c751e8b465ee728b)  -> (artifact id: 'ccdc7210a99df743fa0e4acbe60122fa') in 0.284176 seconds 
========================================================================
Received Import Request.
  Time since last request: 0.000023 seconds.
  path: Assets/PolygonCity/Prefabs/Props/SM_Prop_LargeSign_Popcorn_01.prefab
  artifactKey: Guid(44cce66fc039e314183f60c57567cd3c) Importer(815301076,1909f56bfc062723c751e8b465ee728b)
Start importing Assets/PolygonCity/Prefabs/Props/SM_Prop_LargeSign_Popcorn_01.prefab using Guid(44cce66fc039e314183f60c57567cd3c) Importer(815301076,1909f56bfc062723c751e8b465ee728b)  -> (artifact id: '7f413add1d2375c8444be336309906c1') in 0.067654 seconds 
========================================================================
Received Import Request.
  Time since last request: 0.000034 seconds.
  path: Assets/PolygonCity/Prefabs/Props/SM_Prop_Mailbox_01.prefab
  artifactKey: Guid(17fd2c85588a1954eb295a34c9775577) Importer(815301076,1909f56bfc062723c751e8b465ee728b)
Start importing Assets/PolygonCity/Prefabs/Props/SM_Prop_Mailbox_01.prefab using Guid(17fd2c85588a1954eb295a34c9775577) Importer(815301076,1909f56bfc062723c751e8b465ee728b)  -> (artifact id: '9c4d3628755d4789bc6c426ffad65dc5') in 0.050938 seconds 
========================================================================
Received Import Request.
  Time since last request: 11.994463 seconds.
  path: Assets/PolygonCity/Prefabs/Props/SM_Prop_Pallet_01.prefab
  artifactKey: Guid(21dcc5f62e503f0438b4e490cdd00d44) Importer(815301076,1909f56bfc062723c751e8b465ee728b)
Start importing Assets/PolygonCity/Prefabs/Props/SM_Prop_Pallet_01.prefab using Guid(21dcc5f62e503f0438b4e490cdd00d44) Importer(815301076,1909f56bfc062723c751e8b465ee728b)  -> (artifact id: 'a4c5f37a33ab1e32f907b29c88d05db7') in 0.148122 seconds 
========================================================================
Received Import Request.
  Time since last request: 0.000022 seconds.
  path: Assets/PolygonCity/Prefabs/Props/SM_Prop_Paper_03.prefab
  artifactKey: Guid(97d18204e4538e64f9bdf47d8db7c5e5) Importer(815301076,1909f56bfc062723c751e8b465ee728b)
Start importing Assets/PolygonCity/Prefabs/Props/SM_Prop_Paper_03.prefab using Guid(97d18204e4538e64f9bdf47d8db7c5e5) Importer(815301076,1909f56bfc062723c751e8b465ee728b)  -> (artifact id: '3ecb83cb0fb9ce08c9158e43b64b1423') in 0.189650 seconds 
========================================================================
Received Import Request.
  Time since last request: 12.600441 seconds.
  path: Assets/PolygonCity/Prefabs/Props/SM_Prop_Phones_01.prefab
  artifactKey: Guid(521c305b3d17bc149affb6c1f1016889) Importer(815301076,1909f56bfc062723c751e8b465ee728b)
Start importing Assets/PolygonCity/Prefabs/Props/SM_Prop_Phones_01.prefab using Guid(521c305b3d17bc149affb6c1f1016889) Importer(815301076,1909f56bfc062723c751e8b465ee728b)  -> (artifact id: '8e9f364e8ef211ff5703d971db5a6f67') in 0.190574 seconds 
========================================================================
Received Import Request.
  Time since last request: 0.000024 seconds.
  path: Assets/PolygonCity/Prefabs/Props/SM_Prop_Pipe_Part_T_01.prefab
  artifactKey: Guid(75ed760c5f58b1b45b9173b77c8c7785) Importer(815301076,1909f56bfc062723c751e8b465ee728b)
Start importing Assets/PolygonCity/Prefabs/Props/SM_Prop_Pipe_Part_T_01.prefab using Guid(75ed760c5f58b1b45b9173b77c8c7785) Importer(815301076,1909f56bfc062723c751e8b465ee728b)  -> (artifact id: 'a2ba99b503d478466a081bcebcb0404d') in 0.034490 seconds 
========================================================================
Received Import Request.
  Time since last request: 352.528517 seconds.
  path: Assets/PolygonCity/Prefabs/Props/SM_Prop_Pipe_Preset_02.prefab
  artifactKey: Guid(b27d14e37eec12a46a31852986a1fd84) Importer(815301076,1909f56bfc062723c751e8b465ee728b)
Start importing Assets/PolygonCity/Prefabs/Props/SM_Prop_Pipe_Preset_02.prefab using Guid(b27d14e37eec12a46a31852986a1fd84) Importer(815301076,1909f56bfc062723c751e8b465ee728b)  -> (artifact id: 'e5fcfa938d9b365d5dd14f80060c0894') in 0.040752 seconds 
========================================================================
Received Import Request.
  Time since last request: 0.000029 seconds.
  path: Assets/PolygonCity/Prefabs/Props/SM_Prop_PlanterWindow_01.prefab
  artifactKey: Guid(16dd2e2d30bf97a4282b745980e24bd8) Importer(815301076,1909f56bfc062723c751e8b465ee728b)
Start importing Assets/PolygonCity/Prefabs/Props/SM_Prop_PlanterWindow_01.prefab using Guid(16dd2e2d30bf97a4282b745980e24bd8) Importer(815301076,1909f56bfc062723c751e8b465ee728b)  -> (artifact id: 'f44f4931415ca0810f562df6b9ecde82') in 0.040081 seconds 
========================================================================
Received Import Request.
  Time since last request: 0.000035 seconds.
  path: Assets/PolygonCity/Prefabs/Props/SM_Prop_Pipe_Preset_03.prefab
  artifactKey: Guid(95e6ac9cb6c498d4fb94b42d4800fd9f) Importer(815301076,1909f56bfc062723c751e8b465ee728b)
Start importing Assets/PolygonCity/Prefabs/Props/SM_Prop_Pipe_Preset_03.prefab using Guid(95e6ac9cb6c498d4fb94b42d4800fd9f) Importer(815301076,1909f56bfc062723c751e8b465ee728b)  -> (artifact id: '0179bbad4bea34b3ec19f1e854b373d0') in 0.040646 seconds 
========================================================================
Received Import Request.
  Time since last request: 0.000024 seconds.
  path: Assets/PolygonCity/Prefabs/Props/SM_Prop_PlanterWindow_02.prefab
  artifactKey: Guid(385e440e39a69044bbd3453c1caa8158) Importer(815301076,1909f56bfc062723c751e8b465ee728b)
Start importing Assets/PolygonCity/Prefabs/Props/SM_Prop_PlanterWindow_02.prefab using Guid(385e440e39a69044bbd3453c1caa8158) Importer(815301076,1909f56bfc062723c751e8b465ee728b)  -> (artifact id: '7e6df7ccbf48ba24750ef4e164b99848') in 0.033842 seconds 
========================================================================
Received Import Request.
  Time since last request: 1.161880 seconds.
  path: Assets/PolygonCity/Prefabs/Props/SM_Prop_Poster_01.prefab
  artifactKey: Guid(6ecb324e8e16b6b4b98daab276eb3449) Importer(815301076,1909f56bfc062723c751e8b465ee728b)
Start importing Assets/PolygonCity/Prefabs/Props/SM_Prop_Poster_01.prefab using Guid(6ecb324e8e16b6b4b98daab276eb3449) Importer(815301076,1909f56bfc062723c751e8b465ee728b)  -> (artifact id: '772b9c18e4a395e4c49c6783731110d2') in 0.214022 seconds 
========================================================================
Received Import Request.
  Time since last request: 0.000020 seconds.
  path: Assets/PolygonCity/Prefabs/Props/SM_Prop_Power_Cables_01.prefab
  artifactKey: Guid(3995e7bc013d6744a8142ad7b28854e7) Importer(815301076,1909f56bfc062723c751e8b465ee728b)
Start importing Assets/PolygonCity/Prefabs/Props/SM_Prop_Power_Cables_01.prefab using Guid(3995e7bc013d6744a8142ad7b28854e7) Importer(815301076,1909f56bfc062723c751e8b465ee728b)  -> (artifact id: 'af7d0131d75299ba8c0cb57ea7338dfc') in 0.029447 seconds 
========================================================================
Received Import Request.
  Time since last request: 0.000031 seconds.
  path: Assets/PolygonCity/Prefabs/Props/SM_Prop_Poster_Frame_01.prefab
  artifactKey: Guid(675b73d883444064fb48c1dd46a03c44) Importer(815301076,1909f56bfc062723c751e8b465ee728b)
Start importing Assets/PolygonCity/Prefabs/Props/SM_Prop_Poster_Frame_01.prefab using Guid(675b73d883444064fb48c1dd46a03c44) Importer(815301076,1909f56bfc062723c751e8b465ee728b)  -> (artifact id: 'ab83611db247933ce4047bcf05b1c1b5') in 0.035349 seconds 
========================================================================
Received Import Request.
  Time since last request: 0.000043 seconds.
  path: Assets/PolygonCity/Prefabs/Props/SM_Prop_PotPlant_02.prefab
  artifactKey: Guid(31fa0b36e57a33f44ae905116d606e3a) Importer(815301076,1909f56bfc062723c751e8b465ee728b)
Start importing Assets/PolygonCity/Prefabs/Props/SM_Prop_PotPlant_02.prefab using Guid(31fa0b36e57a33f44ae905116d606e3a) Importer(815301076,1909f56bfc062723c751e8b465ee728b)  -> (artifact id: '5805c394863ed3ef56adb8fc9fd6d52b') in 0.040260 seconds 
========================================================================
Received Import Request.
  Time since last request: 0.117835 seconds.
  path: Assets/PolygonCity/Prefabs/Props/SM_Prop_PowerBox_01.prefab
  artifactKey: Guid(627f78867a195924ab8cd8a55429db26) Importer(815301076,1909f56bfc062723c751e8b465ee728b)
Start importing Assets/PolygonCity/Prefabs/Props/SM_Prop_PowerBox_01.prefab using Guid(627f78867a195924ab8cd8a55429db26) Importer(815301076,1909f56bfc062723c751e8b465ee728b)  -> (artifact id: '7b442c96ea961f6130c6cce2c1420df0') in 0.036606 seconds 
========================================================================
Received Import Request.
  Time since last request: 0.000022 seconds.
  path: Assets/PolygonCity/Prefabs/Props/SM_Prop_Roof_Aircon_03.prefab
  artifactKey: Guid(b307a3e7dc3e3ec409ff68b9cb1080ed) Importer(815301076,1909f56bfc062723c751e8b465ee728b)
Start importing Assets/PolygonCity/Prefabs/Props/SM_Prop_Roof_Aircon_03.prefab using Guid(b307a3e7dc3e3ec409ff68b9cb1080ed) Importer(815301076,1909f56bfc062723c751e8b465ee728b)  -> (artifact id: '74dfc064bbbcc2f75690456487e34db7') in 0.038493 seconds 
========================================================================
Received Import Request.
  Time since last request: 0.000024 seconds.
  path: Assets/PolygonCity/Prefabs/Props/SM_Prop_ShopInterior_Cafe_01.prefab
  artifactKey: Guid(dd3f8232b06f14c4f8785c787dc44fde) Importer(815301076,1909f56bfc062723c751e8b465ee728b)
Start importing Assets/PolygonCity/Prefabs/Props/SM_Prop_ShopInterior_Cafe_01.prefab using Guid(dd3f8232b06f14c4f8785c787dc44fde) Importer(815301076,1909f56bfc062723c751e8b465ee728b)  -> (artifact id: '24f8642dc813525fb27b345b8f58649b') in 0.037540 seconds 
========================================================================
Received Import Request.
  Time since last request: 0.000039 seconds.
  path: Assets/PolygonCity/Prefabs/Props/SM_Prop_SecurityCamera_Arm_01.prefab
  artifactKey: Guid(928a99e5a0200f24fb2084c90b0b88c4) Importer(815301076,1909f56bfc062723c751e8b465ee728b)
Start importing Assets/PolygonCity/Prefabs/Props/SM_Prop_SecurityCamera_Arm_01.prefab using Guid(928a99e5a0200f24fb2084c90b0b88c4) Importer(815301076,1909f56bfc062723c751e8b465ee728b)  -> (artifact id: 'd6b6e4e572061bc192fbaa17c7739676') in 0.036475 seconds 
========================================================================
Received Import Request.
  Time since last request: 1.208902 seconds.
  path: Assets/PolygonCity/Prefabs/Props/SM_Prop_ShopInterior_Desk_02.prefab
  artifactKey: Guid(30c80b9834fd8f248b24cf47fa3329b4) Importer(815301076,1909f56bfc062723c751e8b465ee728b)
Start importing Assets/PolygonCity/Prefabs/Props/SM_Prop_ShopInterior_Desk_02.prefab using Guid(30c80b9834fd8f248b24cf47fa3329b4) Importer(815301076,1909f56bfc062723c751e8b465ee728b)  -> (artifact id: 'b48dd72899455ec3917679ee42262e29') in 0.043738 seconds 
========================================================================
Received Import Request.
  Time since last request: 0.000031 seconds.
  path: Assets/PolygonCity/Prefabs/Props/SM_Prop_ShopInterior_Shelf_02.prefab
  artifactKey: Guid(990ca4a6ba9b900449bc9d4d1a0c0dd0) Importer(815301076,1909f56bfc062723c751e8b465ee728b)
Start importing Assets/PolygonCity/Prefabs/Props/SM_Prop_ShopInterior_Shelf_02.prefab using Guid(990ca4a6ba9b900449bc9d4d1a0c0dd0) Importer(815301076,1909f56bfc062723c751e8b465ee728b)  -> (artifact id: 'f879932a28221c579b979012e5277487') in 0.057752 seconds 
========================================================================
Received Import Request.
  Time since last request: 0.000041 seconds.
  path: Assets/PolygonCity/Prefabs/Props/SM_Prop_ShopInterior_Display_02.prefab
  artifactKey: Guid(2ea7292a3363b0648a35e02467d8ef1d) Importer(815301076,1909f56bfc062723c751e8b465ee728b)
Start importing Assets/PolygonCity/Prefabs/Props/SM_Prop_ShopInterior_Display_02.prefab using Guid(2ea7292a3363b0648a35e02467d8ef1d) Importer(815301076,1909f56bfc062723c751e8b465ee728b)  -> (artifact id: '64764b71002e2d5c320ac46527d50292') in 0.077777 seconds 
========================================================================
Received Import Request.
  Time since last request: 0.981691 seconds.
  path: Assets/PolygonCity/Prefabs/Props/SM_Prop_Sidewalk_Panel_02.prefab
  artifactKey: Guid(f5d836287b731654889d5c887015e410) Importer(815301076,1909f56bfc062723c751e8b465ee728b)
Start importing Assets/PolygonCity/Prefabs/Props/SM_Prop_Sidewalk_Panel_02.prefab using Guid(f5d836287b731654889d5c887015e410) Importer(815301076,1909f56bfc062723c751e8b465ee728b)  -> (artifact id: '74face652707d1dbd2091dae86f45a54') in 0.044573 seconds 
========================================================================
Received Import Request.
  Time since last request: 0.000025 seconds.
  path: Assets/PolygonCity/Prefabs/Props/SM_Prop_Sidewalk_Panel_04.prefab
  artifactKey: Guid(bdec9e11564b10548af18c3359d9203e) Importer(815301076,1909f56bfc062723c751e8b465ee728b)
Start importing Assets/PolygonCity/Prefabs/Props/SM_Prop_Sidewalk_Panel_04.prefab using Guid(bdec9e11564b10548af18c3359d9203e) Importer(815301076,1909f56bfc062723c751e8b465ee728b)  -> (artifact id: '9654fbd7d74b90202412489d2f72487b') in 0.040808 seconds 
========================================================================
Received Import Request.
  Time since last request: 0.492791 seconds.
  path: Assets/PolygonCity/Prefabs/Props/SM_Prop_Sign_Attachment_03.prefab
  artifactKey: Guid(99ec98a713e68684cbfb382167732238) Importer(815301076,1909f56bfc062723c751e8b465ee728b)
Start importing Assets/PolygonCity/Prefabs/Props/SM_Prop_Sign_Attachment_03.prefab using Guid(99ec98a713e68684cbfb382167732238) Importer(815301076,1909f56bfc062723c751e8b465ee728b)  -> (artifact id: 'd9ca8ed65318477f18ddcc6a6c028052') in 0.044538 seconds 
========================================================================
Received Import Request.
  Time since last request: 0.000024 seconds.
  path: Assets/PolygonCity/Prefabs/Props/SM_Prop_Sign_Barber_01.prefab
  artifactKey: Guid(6f13e404c814e8d4aa20a5f3d4469109) Importer(815301076,1909f56bfc062723c751e8b465ee728b)
Start importing Assets/PolygonCity/Prefabs/Props/SM_Prop_Sign_Barber_01.prefab using Guid(6f13e404c814e8d4aa20a5f3d4469109) Importer(815301076,1909f56bfc062723c751e8b465ee728b)  -> (artifact id: '7175375830ab095c8618e01363729e2e') in 0.041024 seconds 
========================================================================
Received Import Request.
  Time since last request: 21.956844 seconds.
  path: Assets/PolygonCity/Prefabs/Props/SM_Prop_Sign_GiveWay_01.prefab
  artifactKey: Guid(4170b399e985d6549a784678829905ad) Importer(815301076,1909f56bfc062723c751e8b465ee728b)
Start importing Assets/PolygonCity/Prefabs/Props/SM_Prop_Sign_GiveWay_01.prefab using Guid(4170b399e985d6549a784678829905ad) Importer(815301076,1909f56bfc062723c751e8b465ee728b)  -> (artifact id: 'd869366833c032bdd357ed6b081645b4') in 0.212007 seconds 
========================================================================
Received Import Request.
  Time since last request: 0.000030 seconds.
  path: Assets/PolygonCity/Prefabs/Props/SM_Prop_Sign_Hotel_01.prefab
  artifactKey: Guid(15dc232cd3fb7284497126cd68dc7ba7) Importer(815301076,1909f56bfc062723c751e8b465ee728b)
Start importing Assets/PolygonCity/Prefabs/Props/SM_Prop_Sign_Hotel_01.prefab using Guid(15dc232cd3fb7284497126cd68dc7ba7) Importer(815301076,1909f56bfc062723c751e8b465ee728b)  -> (artifact id: '240c501b00fa6e1b2cd29810a2a1f10e') in 0.044333 seconds 
========================================================================
Received Import Request.
  Time since last request: 5.325451 seconds.
  path: Assets/PolygonCity/Prefabs/Props/SM_Prop_Sign_Stop_01.prefab
  artifactKey: Guid(f91a7b3d9aa8ad64ab1d31bb2ae7608e) Importer(815301076,1909f56bfc062723c751e8b465ee728b)
Start importing Assets/PolygonCity/Prefabs/Props/SM_Prop_Sign_Stop_01.prefab using Guid(f91a7b3d9aa8ad64ab1d31bb2ae7608e) Importer(815301076,1909f56bfc062723c751e8b465ee728b)  -> (artifact id: '601808d1ff457dacbb0b5914f6169432') in 0.115643 seconds 
========================================================================
Received Import Request.
  Time since last request: 0.000021 seconds.
  path: Assets/PolygonCity/Prefabs/Props/SM_Prop_Skip_01.prefab
  artifactKey: Guid(7a686972998735e4e8e9cedda7f0bc43) Importer(815301076,1909f56bfc062723c751e8b465ee728b)
Start importing Assets/PolygonCity/Prefabs/Props/SM_Prop_Skip_01.prefab using Guid(7a686972998735e4e8e9cedda7f0bc43) Importer(815301076,1909f56bfc062723c751e8b465ee728b)  -> (artifact id: 'b358fed2d5fec41eb1567186859abe92') in 0.078726 seconds 
========================================================================
Received Import Request.
  Time since last request: 4.445155 seconds.
  path: Assets/PolygonCity/Prefabs/Props/SM_Prop_Soda_01.prefab
  artifactKey: Guid(d8d6e22fb12c1724096123ee86509be6) Importer(815301076,1909f56bfc062723c751e8b465ee728b)
Start importing Assets/PolygonCity/Prefabs/Props/SM_Prop_Soda_01.prefab using Guid(d8d6e22fb12c1724096123ee86509be6) Importer(815301076,1909f56bfc062723c751e8b465ee728b)  -> (artifact id: '2fa2a44f3fd85a6aa100104a9dbd36e8') in 0.174903 seconds 
========================================================================
Received Import Request.
  Time since last request: 0.000021 seconds.
  path: Assets/PolygonCity/Prefabs/Props/SM_Prop_TrafficLight_02.prefab
  artifactKey: Guid(0ba99da88f5077845b463335f529a335) Importer(815301076,1909f56bfc062723c751e8b465ee728b)
Start importing Assets/PolygonCity/Prefabs/Props/SM_Prop_TrafficLight_02.prefab using Guid(0ba99da88f5077845b463335f529a335) Importer(815301076,1909f56bfc062723c751e8b465ee728b)  -> (artifact id: 'b304d81de35705c2adae5191cf0f935e') in 0.062942 seconds 
========================================================================
Received Import Request.
  Time since last request: 0.000032 seconds.
  path: Assets/PolygonCity/Prefabs/Props/SM_Prop_Vents_Corner_01.prefab
  artifactKey: Guid(79caabbec3979a74b929feaca606d26d) Importer(815301076,1909f56bfc062723c751e8b465ee728b)
Start importing Assets/PolygonCity/Prefabs/Props/SM_Prop_Vents_Corner_01.prefab using Guid(79caabbec3979a74b929feaca606d26d) Importer(815301076,1909f56bfc062723c751e8b465ee728b)  -> (artifact id: '7f08ad4cf4a72e0b910dd1c8fa4609cd') in 0.052122 seconds 
========================================================================
Received Import Request.
  Time since last request: 0.000023 seconds.
  path: Assets/PolygonCity/Prefabs/Props/SM_Prop_TrashCan_01.prefab
  artifactKey: Guid(f738f6acdbb1d5844bd657732cb05e13) Importer(815301076,1909f56bfc062723c751e8b465ee728b)
Start importing Assets/PolygonCity/Prefabs/Props/SM_Prop_TrashCan_01.prefab using Guid(f738f6acdbb1d5844bd657732cb05e13) Importer(815301076,1909f56bfc062723c751e8b465ee728b)  -> (artifact id: 'a20ff72965aa0ed2a3d6de6cc2677038') in 0.042360 seconds 
========================================================================
Received Import Request.
  Time since last request: 0.645079 seconds.
  path: Assets/PolygonCity/Prefabs/Props/SM_Prop_Vents_Exhaust_01.prefab
  artifactKey: Guid(e43280ef66994c74f925cf8a64e966ed) Importer(815301076,1909f56bfc062723c751e8b465ee728b)
Start importing Assets/PolygonCity/Prefabs/Props/SM_Prop_Vents_Exhaust_01.prefab using Guid(e43280ef66994c74f925cf8a64e966ed) Importer(815301076,1909f56bfc062723c751e8b465ee728b)  -> (artifact id: '16c3c224e105b3327cc99adf8ae8ce91') in 0.050682 seconds 
========================================================================
Received Import Request.
  Time since last request: 0.000031 seconds.
  path: Assets/PolygonCity/Prefabs/Props/SM_Prop_Washingline_01.prefab
  artifactKey: Guid(e51407a0809d1584ba21208f0acb453f) Importer(815301076,1909f56bfc062723c751e8b465ee728b)
Start importing Assets/PolygonCity/Prefabs/Props/SM_Prop_Washingline_01.prefab using Guid(e51407a0809d1584ba21208f0acb453f) Importer(815301076,1909f56bfc062723c751e8b465ee728b)  -> (artifact id: 'a29ae519a5512471e7b352b4456fb30d') in 0.052879 seconds 
Editor requested this worker to shutdown with reason: Scaling down because of idle timeout
AssetImportWorker is now disconnected from the server
Process exiting
Exiting without the bug reporter. Application will terminate with return code 0