Using pre-set license
Built from '2021.3/staging' branch; Version is '2021.3.10f1 (1c7d0df0160b) revision 1867021'; Using compiler version '192829333'; Build Type 'Release'
OS: 'Windows 11  (10.0.22000) 64bit CoreSingleLanguage' Language: 'es' Physical Memory: 15629 MB
BatchMode: 1, IsHumanControllingUs: 0, StartBugReporterOnCrash: 0, Is64bit: 1, IsPro: 1

COMMAND LINE ARGUMENTS:
D:\Aplicaciones\Unity\Editor\2021.3.10f1\Editor\Unity.exe
-adb2
-batchMode
-noUpm
-name
AssetImportWorker2
-projectPath
D:/Aplicaciones/GitHub/ABC_BCP_GAME_JAM/abc_game_jam
-logFile
Logs/AssetImportWorker2.log
-srvPort
63026
Successfully changed project path to: D:/Aplicaciones/GitHub/ABC_BCP_GAME_JAM/abc_game_jam
D:/Aplicaciones/GitHub/ABC_BCP_GAME_JAM/abc_game_jam
[UnityMemory] Configuration Parameters - Can be set up in boot.config
    "memorysetup-bucket-allocator-granularity=16"
    "memorysetup-bucket-allocator-bucket-count=8"
    "memorysetup-bucket-allocator-block-size=33554432"
    "memorysetup-bucket-allocator-block-count=8"
    "memorysetup-main-allocator-block-size=16777216"
    "memorysetup-thread-allocator-block-size=16777216"
    "memorysetup-gfx-main-allocator-block-size=16777216"
    "memorysetup-gfx-thread-allocator-block-size=16777216"
    "memorysetup-cache-allocator-block-size=4194304"
    "memorysetup-typetree-allocator-block-size=2097152"
    "memorysetup-profiler-bucket-allocator-granularity=16"
    "memorysetup-profiler-bucket-allocator-bucket-count=8"
    "memorysetup-profiler-bucket-allocator-block-size=33554432"
    "memorysetup-profiler-bucket-allocator-block-count=8"
    "memorysetup-profiler-allocator-block-size=16777216"
    "memorysetup-profiler-editor-allocator-block-size=1048576"
    "memorysetup-temp-allocator-size-main=16777216"
    "memorysetup-job-temp-allocator-block-size=2097152"
    "memorysetup-job-temp-allocator-block-size-background=1048576"
    "memorysetup-job-temp-allocator-reduction-small-platforms=262144"
    "memorysetup-temp-allocator-size-background-worker=32768"
    "memorysetup-temp-allocator-size-job-worker=262144"
    "memorysetup-temp-allocator-size-preload-manager=33554432"
    "memorysetup-temp-allocator-size-nav-mesh-worker=65536"
    "memorysetup-temp-allocator-size-audio-worker=65536"
    "memorysetup-temp-allocator-size-cloud-worker=32768"
    "memorysetup-temp-allocator-size-gi-baking-worker=262144"
    "memorysetup-temp-allocator-size-gfx=262144"
Refreshing native plugins compatible for Editor in 94.60 ms, found 3 plugins.
Preloading 0 native plugins for Editor in 0.00 ms.
Initialize engine version: 2021.3.10f1 (1c7d0df0160b)
[Subsystems] Discovering subsystems at path D:/Aplicaciones/Unity/Editor/2021.3.10f1/Editor/Data/Resources/UnitySubsystems
[Subsystems] Discovering subsystems at path D:/Aplicaciones/GitHub/ABC_BCP_GAME_JAM/abc_game_jam/Assets
GfxDevice: creating device client; threaded=0; jobified=0
Direct3D:
    Version:  Direct3D 11.0 [level 11.1]
    Renderer: NVIDIA GeForce RTX 3060 Laptop GPU (ID=0x2520)
    Vendor:   NVIDIA
    VRAM:     6023 MB
    Driver:   31.0.15.1694
Initialize mono
Mono path[0] = 'D:/Aplicaciones/Unity/Editor/2021.3.10f1/Editor/Data/Managed'
Mono path[1] = 'D:/Aplicaciones/Unity/Editor/2021.3.10f1/Editor/Data/MonoBleedingEdge/lib/mono/unityjit-win32'
Mono config path = 'D:/Aplicaciones/Unity/Editor/2021.3.10f1/Editor/Data/MonoBleedingEdge/etc'
Using monoOptions --debugger-agent=transport=dt_socket,embedding=1,server=y,suspend=n,address=127.0.0.1:56652
Begin MonoManager ReloadAssembly
Registering precompiled unity dll's ...
Register platform support module: D:/Aplicaciones/Unity/Editor/2021.3.10f1/Editor/Data/PlaybackEngines/WebGLSupport/UnityEditor.WebGL.Extensions.dll
Register platform support module: D:/Aplicaciones/Unity/Editor/2021.3.10f1/Editor/Data/PlaybackEngines/AndroidPlayer/UnityEditor.Android.Extensions.dll
Register platform support module: D:/Aplicaciones/Unity/Editor/2021.3.10f1/Editor/Data/PlaybackEngines/WindowsStandaloneSupport/UnityEditor.WindowsStandalone.Extensions.dll
Registered in 0.001927 seconds.
Native extension for WindowsStandalone target not found
Native extension for Android target not found
Native extension for WebGL target not found
Refreshing native plugins compatible for Editor in 84.26 ms, found 3 plugins.
Preloading 0 native plugins for Editor in 0.00 ms.
Mono: successfully reloaded assembly
- Completed reload, in  0.533 seconds
Domain Reload Profiling:
	ReloadAssembly (534ms)
		BeginReloadAssembly (52ms)
			ExecutionOrderSort (0ms)
			DisableScriptedObjects (0ms)
			BackupInstance (0ms)
			ReleaseScriptingObjects (0ms)
			CreateAndSetChildDomain (1ms)
		EndReloadAssembly (404ms)
			LoadAssemblies (52ms)
			RebuildTransferFunctionScriptingTraits (0ms)
			SetupTypeCache (90ms)
			ReleaseScriptCaches (0ms)
			RebuildScriptCaches (24ms)
			SetupLoadedEditorAssemblies (250ms)
				LogAssemblyErrors (0ms)
				InitializePlatformSupportModulesInManaged (46ms)
				SetLoadedEditorAssemblies (0ms)
				RefreshPlugins (84ms)
				BeforeProcessingInitializeOnLoad (1ms)
				ProcessInitializeOnLoadAttributes (82ms)
				ProcessInitializeOnLoadMethodAttributes (37ms)
				AfterProcessingInitializeOnLoad (0ms)
				EditorAssembliesLoaded (0ms)
			ExecutionOrderSort2 (0ms)
			AwakeInstancesAfterBackupRestoration (0ms)
Platform modules already initialized, skipping
Registering precompiled user dll's ...
Registered in 0.002532 seconds.
Begin MonoManager ReloadAssembly
Symbol file LoadedFromMemory doesn't match image D:\Aplicaciones\GitHub\ABC_BCP_GAME_JAM\abc_game_jam\Library\PackageCache\com.unity.visualscripting@1.7.8\Editor\VisualScripting.Core\Dependencies\YamlDotNet\Unity.VisualScripting.YamlDotNet.dll
Symbol file LoadedFromMemory doesn't match image D:\Aplicaciones\GitHub\ABC_BCP_GAME_JAM\abc_game_jam\Library\PackageCache\com.unity.visualscripting@1.7.8\Editor\VisualScripting.Core\Dependencies\DotNetZip\Unity.VisualScripting.IonicZip.dll
Native extension for WindowsStandalone target not found
Native extension for Android target not found
Native extension for WebGL target not found
Refreshing native plugins compatible for Editor in 0.84 ms, found 3 plugins.
Preloading 0 native plugins for Editor in 0.00 ms.
Mono: successfully reloaded assembly
- Completed reload, in  1.103 seconds
Domain Reload Profiling:
	ReloadAssembly (1104ms)
		BeginReloadAssembly (230ms)
			ExecutionOrderSort (0ms)
			DisableScriptedObjects (5ms)
			BackupInstance (0ms)
			ReleaseScriptingObjects (0ms)
			CreateAndSetChildDomain (148ms)
		EndReloadAssembly (723ms)
			LoadAssemblies (106ms)
			RebuildTransferFunctionScriptingTraits (0ms)
			SetupTypeCache (278ms)
			ReleaseScriptCaches (1ms)
			RebuildScriptCaches (39ms)
			SetupLoadedEditorAssemblies (287ms)
				LogAssemblyErrors (0ms)
				InitializePlatformSupportModulesInManaged (10ms)
				SetLoadedEditorAssemblies (0ms)
				RefreshPlugins (1ms)
				BeforeProcessingInitializeOnLoad (64ms)
				ProcessInitializeOnLoadAttributes (189ms)
				ProcessInitializeOnLoadMethodAttributes (21ms)
				AfterProcessingInitializeOnLoad (1ms)
				EditorAssembliesLoaded (0ms)
			ExecutionOrderSort2 (0ms)
			AwakeInstancesAfterBackupRestoration (4ms)
Platform modules already initialized, skipping
========================================================================
Worker process is ready to serve import requests
Launched and connected shader compiler UnityShaderCompiler.exe after 0.03 seconds
Refreshing native plugins compatible for Editor in 0.82 ms, found 3 plugins.
Preloading 0 native plugins for Editor in 0.00 ms.
Unloading 3558 Unused Serialized files (Serialized files now loaded: 0)
Unloading 40 unused Assets / (186.8 KB). Loaded Objects now: 4038.
Memory consumption went from 139.5 MB to 139.3 MB.
Total: 3.156900 ms (FindLiveObjects: 0.290600 ms CreateObjectMapping: 0.119700 ms MarkObjects: 2.620100 ms  DeleteObjects: 0.125500 ms)

AssetImportParameters requested are different than current active one (requested -> active):
  custom:video-decoder-ogg-theora: a1e56fd34408186e4bbccfd4996cb3dc -> 
  custom:container-muxer-webm: aa71ff27fc2769a1b78a27578f13a17b -> 
  custom:container-demuxer-webm: 4f35f7cbe854078d1ac9338744f61a02 -> 
  custom:video-encoder-webm-vp8: eb34c28f22e8b96e1ab97ce403110664 -> 
  custom:video-codec-MediaFoundation-h265: 746d11721c4dcdbdad8f713fa42b33f4 -> 
  custom:audio-encoder-webm-vorbis: bf7c407c2cedff20999df2af8eb42d56 -> 
  custom:framework-win-MediaFoundation: 216162199b28c13a410421893ffa2e32 -> 
  custom:container-demuxer-ogg: 62fdf1f143b41e24485cea50d1cbac27 -> 
  custom:video-decoder-webm-vp8: 9c59270c3fd7afecdb556c50c9e8de78 -> 
  custom:audio-decoder-ogg-vorbis: bf7c407c2cedff20999df2af8eb42d56 -> 
========================================================================
Received Import Request.
  Time since last request: 124384.309860 seconds.
  path: Assets/TerrainSampleAssets/TerrainLayers/Pebbles_A_TerrainLayer.terrainlayer
  artifactKey: Guid(a4f389caed25e6241b38ba88a286c911) Importer(815301076,1909f56bfc062723c751e8b465ee728b)
Start importing Assets/TerrainSampleAssets/TerrainLayers/Pebbles_A_TerrainLayer.terrainlayer using Guid(a4f389caed25e6241b38ba88a286c911) Importer(815301076,1909f56bfc062723c751e8b465ee728b)  -> (artifact id: 'db9dbb218a86016151beb7e73ce6fb45') in 0.378268 seconds 
========================================================================
Received Import Request.
  Time since last request: 70.368785 seconds.
  path: Assets/TerrainSampleAssets/TerrainBrushes/Terrainstamp_Canyon02_Brush.brush
  artifactKey: Guid(7ddc1e59f6e82cc4693b55b0badb4aa3) Importer(815301076,1909f56bfc062723c751e8b465ee728b)
Start importing Assets/TerrainSampleAssets/TerrainBrushes/Terrainstamp_Canyon02_Brush.brush using Guid(7ddc1e59f6e82cc4693b55b0badb4aa3) Importer(815301076,1909f56bfc062723c751e8b465ee728b)  -> (artifact id: '225c0ca5aa7db4734ab81b2ab68986c4') in 0.079510 seconds 
========================================================================
Received Import Request.
  Time since last request: 51.734114 seconds.
  path: Assets/Scenes/SampleScene/LightingData.asset
  artifactKey: Guid(5e988b10706d0c141b002998aeaef0e5) Importer(815301076,1909f56bfc062723c751e8b465ee728b)
Start importing Assets/Scenes/SampleScene/LightingData.asset using Guid(5e988b10706d0c141b002998aeaef0e5) Importer(815301076,1909f56bfc062723c751e8b465ee728b)  -> (artifact id: '132b33e3f995b1683fd1628c4dad662e') in 0.007756 seconds 
========================================================================
Received Prepare
Registering precompiled user dll's ...
Registered in 0.003668 seconds.
Begin MonoManager ReloadAssembly
Symbol file LoadedFromMemory doesn't match image D:\Aplicaciones\GitHub\ABC_BCP_GAME_JAM\abc_game_jam\Library\PackageCache\com.unity.visualscripting@1.7.8\Editor\VisualScripting.Core\Dependencies\YamlDotNet\Unity.VisualScripting.YamlDotNet.dll
Symbol file LoadedFromMemory doesn't match image D:\Aplicaciones\GitHub\ABC_BCP_GAME_JAM\abc_game_jam\Library\PackageCache\com.unity.visualscripting@1.7.8\Editor\VisualScripting.Core\Dependencies\DotNetZip\Unity.VisualScripting.IonicZip.dll
Native extension for WindowsStandalone target not found
Native extension for Android target not found
Native extension for WebGL target not found
Refreshing native plugins compatible for Editor in 0.79 ms, found 3 plugins.
Preloading 0 native plugins for Editor in 0.00 ms.
Mono: successfully reloaded assembly
- Completed reload, in  0.737 seconds
Domain Reload Profiling:
	ReloadAssembly (738ms)
		BeginReloadAssembly (118ms)
			ExecutionOrderSort (0ms)
			DisableScriptedObjects (4ms)
			BackupInstance (0ms)
			ReleaseScriptingObjects (0ms)
			CreateAndSetChildDomain (41ms)
		EndReloadAssembly (552ms)
			LoadAssemblies (62ms)
			RebuildTransferFunctionScriptingTraits (0ms)
			SetupTypeCache (179ms)
			ReleaseScriptCaches (1ms)
			RebuildScriptCaches (30ms)
			SetupLoadedEditorAssemblies (258ms)
				LogAssemblyErrors (0ms)
				InitializePlatformSupportModulesInManaged (15ms)
				SetLoadedEditorAssemblies (0ms)
				RefreshPlugins (1ms)
				BeforeProcessingInitializeOnLoad (46ms)
				ProcessInitializeOnLoadAttributes (171ms)
				ProcessInitializeOnLoadMethodAttributes (23ms)
				AfterProcessingInitializeOnLoad (1ms)
				EditorAssembliesLoaded (0ms)
			ExecutionOrderSort2 (0ms)
			AwakeInstancesAfterBackupRestoration (4ms)
Platform modules already initialized, skipping
Refreshing native plugins compatible for Editor in 1.84 ms, found 3 plugins.
Preloading 0 native plugins for Editor in 0.00 ms.
Unloading 3540 Unused Serialized files (Serialized files now loaded: 0)
Unloading 21 unused Assets / (153.4 KB). Loaded Objects now: 4062.
Memory consumption went from 142.3 MB to 142.2 MB.
Total: 3.486600 ms (FindLiveObjects: 0.300600 ms CreateObjectMapping: 0.265900 ms MarkObjects: 2.792600 ms  DeleteObjects: 0.126500 ms)

AssetImportParameters requested are different than current active one (requested -> active):
  custom:video-decoder-ogg-theora: a1e56fd34408186e4bbccfd4996cb3dc -> 
  custom:container-muxer-webm: aa71ff27fc2769a1b78a27578f13a17b -> 
  custom:container-demuxer-webm: 4f35f7cbe854078d1ac9338744f61a02 -> 
  custom:video-encoder-webm-vp8: eb34c28f22e8b96e1ab97ce403110664 -> 
  custom:video-codec-MediaFoundation-h265: 746d11721c4dcdbdad8f713fa42b33f4 -> 
  custom:audio-encoder-webm-vorbis: bf7c407c2cedff20999df2af8eb42d56 -> 
  custom:framework-win-MediaFoundation: 216162199b28c13a410421893ffa2e32 -> 
  custom:container-demuxer-ogg: 62fdf1f143b41e24485cea50d1cbac27 -> 
  custom:video-decoder-webm-vp8: 9c59270c3fd7afecdb556c50c9e8de78 -> 
  custom:audio-decoder-ogg-vorbis: bf7c407c2cedff20999df2af8eb42d56 -> 
========================================================================
Received Prepare
Registering precompiled user dll's ...
Registered in 0.002746 seconds.
Begin MonoManager ReloadAssembly
Symbol file LoadedFromMemory doesn't match image D:\Aplicaciones\GitHub\ABC_BCP_GAME_JAM\abc_game_jam\Library\PackageCache\com.unity.visualscripting@1.7.8\Editor\VisualScripting.Core\Dependencies\YamlDotNet\Unity.VisualScripting.YamlDotNet.dll
Symbol file LoadedFromMemory doesn't match image D:\Aplicaciones\GitHub\ABC_BCP_GAME_JAM\abc_game_jam\Library\PackageCache\com.unity.visualscripting@1.7.8\Editor\VisualScripting.Core\Dependencies\DotNetZip\Unity.VisualScripting.IonicZip.dll
Native extension for WindowsStandalone target not found
Native extension for Android target not found
Native extension for WebGL target not found
Refreshing native plugins compatible for Editor in 0.79 ms, found 3 plugins.
Preloading 0 native plugins for Editor in 0.00 ms.
Mono: successfully reloaded assembly
- Completed reload, in  0.733 seconds
Domain Reload Profiling:
	ReloadAssembly (733ms)
		BeginReloadAssembly (99ms)
			ExecutionOrderSort (0ms)
			DisableScriptedObjects (3ms)
			BackupInstance (0ms)
			ReleaseScriptingObjects (0ms)
			CreateAndSetChildDomain (32ms)
		EndReloadAssembly (572ms)
			LoadAssemblies (54ms)
			RebuildTransferFunctionScriptingTraits (0ms)
			SetupTypeCache (181ms)
			ReleaseScriptCaches (1ms)
			RebuildScriptCaches (31ms)
			SetupLoadedEditorAssemblies (271ms)
				LogAssemblyErrors (0ms)
				InitializePlatformSupportModulesInManaged (15ms)
				SetLoadedEditorAssemblies (0ms)
				RefreshPlugins (1ms)
				BeforeProcessingInitializeOnLoad (47ms)
				ProcessInitializeOnLoadAttributes (181ms)
				ProcessInitializeOnLoadMethodAttributes (25ms)
				AfterProcessingInitializeOnLoad (2ms)
				EditorAssembliesLoaded (0ms)
			ExecutionOrderSort2 (0ms)
			AwakeInstancesAfterBackupRestoration (5ms)
Platform modules already initialized, skipping
Refreshing native plugins compatible for Editor in 1.81 ms, found 3 plugins.
Preloading 0 native plugins for Editor in 0.00 ms.
Unloading 3540 Unused Serialized files (Serialized files now loaded: 0)
Unloading 21 unused Assets / (153.5 KB). Loaded Objects now: 4077.
Memory consumption went from 142.4 MB to 142.2 MB.
Total: 3.470800 ms (FindLiveObjects: 0.292200 ms CreateObjectMapping: 0.250700 ms MarkObjects: 2.786700 ms  DeleteObjects: 0.140000 ms)

AssetImportParameters requested are different than current active one (requested -> active):
  custom:video-decoder-ogg-theora: a1e56fd34408186e4bbccfd4996cb3dc -> 
  custom:container-muxer-webm: aa71ff27fc2769a1b78a27578f13a17b -> 
  custom:container-demuxer-webm: 4f35f7cbe854078d1ac9338744f61a02 -> 
  custom:video-encoder-webm-vp8: eb34c28f22e8b96e1ab97ce403110664 -> 
  custom:video-codec-MediaFoundation-h265: 746d11721c4dcdbdad8f713fa42b33f4 -> 
  custom:audio-encoder-webm-vorbis: bf7c407c2cedff20999df2af8eb42d56 -> 
  custom:framework-win-MediaFoundation: 216162199b28c13a410421893ffa2e32 -> 
  custom:container-demuxer-ogg: 62fdf1f143b41e24485cea50d1cbac27 -> 
  custom:video-decoder-webm-vp8: 9c59270c3fd7afecdb556c50c9e8de78 -> 
  custom:audio-decoder-ogg-vorbis: bf7c407c2cedff20999df2af8eb42d56 -> 
========================================================================
Received Prepare
Registering precompiled user dll's ...
Registered in 0.003089 seconds.
Begin MonoManager ReloadAssembly
Symbol file LoadedFromMemory doesn't match image D:\Aplicaciones\GitHub\ABC_BCP_GAME_JAM\abc_game_jam\Library\PackageCache\com.unity.visualscripting@1.7.8\Editor\VisualScripting.Core\Dependencies\YamlDotNet\Unity.VisualScripting.YamlDotNet.dll
Symbol file LoadedFromMemory doesn't match image D:\Aplicaciones\GitHub\ABC_BCP_GAME_JAM\abc_game_jam\Library\PackageCache\com.unity.visualscripting@1.7.8\Editor\VisualScripting.Core\Dependencies\DotNetZip\Unity.VisualScripting.IonicZip.dll
Native extension for WindowsStandalone target not found
Native extension for Android target not found
Native extension for WebGL target not found
Refreshing native plugins compatible for Editor in 0.82 ms, found 3 plugins.
Preloading 0 native plugins for Editor in 0.00 ms.
Mono: successfully reloaded assembly
- Completed reload, in  0.735 seconds
Domain Reload Profiling:
	ReloadAssembly (736ms)
		BeginReloadAssembly (100ms)
			ExecutionOrderSort (0ms)
			DisableScriptedObjects (3ms)
			BackupInstance (0ms)
			ReleaseScriptingObjects (0ms)
			CreateAndSetChildDomain (33ms)
		EndReloadAssembly (574ms)
			LoadAssemblies (54ms)
			RebuildTransferFunctionScriptingTraits (0ms)
			SetupTypeCache (175ms)
			ReleaseScriptCaches (1ms)
			RebuildScriptCaches (33ms)
			SetupLoadedEditorAssemblies (273ms)
				LogAssemblyErrors (0ms)
				InitializePlatformSupportModulesInManaged (17ms)
				SetLoadedEditorAssemblies (0ms)
				RefreshPlugins (1ms)
				BeforeProcessingInitializeOnLoad (47ms)
				ProcessInitializeOnLoadAttributes (181ms)
				ProcessInitializeOnLoadMethodAttributes (25ms)
				AfterProcessingInitializeOnLoad (2ms)
				EditorAssembliesLoaded (0ms)
			ExecutionOrderSort2 (0ms)
			AwakeInstancesAfterBackupRestoration (4ms)
Platform modules already initialized, skipping
Refreshing native plugins compatible for Editor in 1.97 ms, found 3 plugins.
Preloading 0 native plugins for Editor in 0.00 ms.
Unloading 3540 Unused Serialized files (Serialized files now loaded: 0)
Unloading 21 unused Assets / (153.5 KB). Loaded Objects now: 4092.
Memory consumption went from 142.4 MB to 142.2 MB.
Total: 3.458700 ms (FindLiveObjects: 0.276400 ms CreateObjectMapping: 0.240900 ms MarkObjects: 2.805700 ms  DeleteObjects: 0.134400 ms)

AssetImportParameters requested are different than current active one (requested -> active):
  custom:video-decoder-ogg-theora: a1e56fd34408186e4bbccfd4996cb3dc -> 
  custom:container-muxer-webm: aa71ff27fc2769a1b78a27578f13a17b -> 
  custom:container-demuxer-webm: 4f35f7cbe854078d1ac9338744f61a02 -> 
  custom:video-encoder-webm-vp8: eb34c28f22e8b96e1ab97ce403110664 -> 
  custom:video-codec-MediaFoundation-h265: 746d11721c4dcdbdad8f713fa42b33f4 -> 
  custom:audio-encoder-webm-vorbis: bf7c407c2cedff20999df2af8eb42d56 -> 
  custom:framework-win-MediaFoundation: 216162199b28c13a410421893ffa2e32 -> 
  custom:container-demuxer-ogg: 62fdf1f143b41e24485cea50d1cbac27 -> 
  custom:video-decoder-webm-vp8: 9c59270c3fd7afecdb556c50c9e8de78 -> 
  custom:audio-decoder-ogg-vorbis: bf7c407c2cedff20999df2af8eb42d56 -> 
========================================================================
Received Prepare
Registering precompiled user dll's ...
Registered in 0.003271 seconds.
Begin MonoManager ReloadAssembly
Symbol file LoadedFromMemory doesn't match image D:\Aplicaciones\GitHub\ABC_BCP_GAME_JAM\abc_game_jam\Library\PackageCache\com.unity.visualscripting@1.7.8\Editor\VisualScripting.Core\Dependencies\YamlDotNet\Unity.VisualScripting.YamlDotNet.dll
Symbol file LoadedFromMemory doesn't match image D:\Aplicaciones\GitHub\ABC_BCP_GAME_JAM\abc_game_jam\Library\PackageCache\com.unity.visualscripting@1.7.8\Editor\VisualScripting.Core\Dependencies\DotNetZip\Unity.VisualScripting.IonicZip.dll
Native extension for WindowsStandalone target not found
Native extension for Android target not found
Native extension for WebGL target not found
Refreshing native plugins compatible for Editor in 0.89 ms, found 3 plugins.
Preloading 0 native plugins for Editor in 0.00 ms.
Mono: successfully reloaded assembly
- Completed reload, in  0.726 seconds
Domain Reload Profiling:
	ReloadAssembly (726ms)
		BeginReloadAssembly (97ms)
			ExecutionOrderSort (0ms)
			DisableScriptedObjects (3ms)
			BackupInstance (0ms)
			ReleaseScriptingObjects (0ms)
			CreateAndSetChildDomain (35ms)
		EndReloadAssembly (568ms)
			LoadAssemblies (46ms)
			RebuildTransferFunctionScriptingTraits (0ms)
			SetupTypeCache (172ms)
			ReleaseScriptCaches (1ms)
			RebuildScriptCaches (31ms)
			SetupLoadedEditorAssemblies (279ms)
				LogAssemblyErrors (0ms)
				InitializePlatformSupportModulesInManaged (16ms)
				SetLoadedEditorAssemblies (0ms)
				RefreshPlugins (1ms)
				BeforeProcessingInitializeOnLoad (49ms)
				ProcessInitializeOnLoadAttributes (187ms)
				ProcessInitializeOnLoadMethodAttributes (25ms)
				AfterProcessingInitializeOnLoad (2ms)
				EditorAssembliesLoaded (0ms)
			ExecutionOrderSort2 (0ms)
			AwakeInstancesAfterBackupRestoration (5ms)
Platform modules already initialized, skipping
Refreshing native plugins compatible for Editor in 1.61 ms, found 3 plugins.
Preloading 0 native plugins for Editor in 0.00 ms.
Unloading 3540 Unused Serialized files (Serialized files now loaded: 0)
Unloading 21 unused Assets / (153.6 KB). Loaded Objects now: 4107.
Memory consumption went from 142.4 MB to 142.2 MB.
Total: 3.704400 ms (FindLiveObjects: 0.343900 ms CreateObjectMapping: 0.304900 ms MarkObjects: 2.921500 ms  DeleteObjects: 0.133100 ms)

AssetImportParameters requested are different than current active one (requested -> active):
  custom:video-decoder-ogg-theora: a1e56fd34408186e4bbccfd4996cb3dc -> 
  custom:container-muxer-webm: aa71ff27fc2769a1b78a27578f13a17b -> 
  custom:container-demuxer-webm: 4f35f7cbe854078d1ac9338744f61a02 -> 
  custom:video-encoder-webm-vp8: eb34c28f22e8b96e1ab97ce403110664 -> 
  custom:video-codec-MediaFoundation-h265: 746d11721c4dcdbdad8f713fa42b33f4 -> 
  custom:audio-encoder-webm-vorbis: bf7c407c2cedff20999df2af8eb42d56 -> 
  custom:framework-win-MediaFoundation: 216162199b28c13a410421893ffa2e32 -> 
  custom:container-demuxer-ogg: 62fdf1f143b41e24485cea50d1cbac27 -> 
  custom:video-decoder-webm-vp8: 9c59270c3fd7afecdb556c50c9e8de78 -> 
  custom:audio-decoder-ogg-vorbis: bf7c407c2cedff20999df2af8eb42d56 -> 
========================================================================
Received Prepare
Registering precompiled user dll's ...
Registered in 0.002289 seconds.
Begin MonoManager ReloadAssembly
Symbol file LoadedFromMemory doesn't match image D:\Aplicaciones\GitHub\ABC_BCP_GAME_JAM\abc_game_jam\Library\PackageCache\com.unity.visualscripting@1.7.8\Editor\VisualScripting.Core\Dependencies\YamlDotNet\Unity.VisualScripting.YamlDotNet.dll
Symbol file LoadedFromMemory doesn't match image D:\Aplicaciones\GitHub\ABC_BCP_GAME_JAM\abc_game_jam\Library\PackageCache\com.unity.visualscripting@1.7.8\Editor\VisualScripting.Core\Dependencies\DotNetZip\Unity.VisualScripting.IonicZip.dll
Native extension for WindowsStandalone target not found
Native extension for Android target not found
Native extension for WebGL target not found
Refreshing native plugins compatible for Editor in 0.78 ms, found 3 plugins.
Preloading 0 native plugins for Editor in 0.00 ms.
Mono: successfully reloaded assembly
- Completed reload, in  0.730 seconds
Domain Reload Profiling:
	ReloadAssembly (730ms)
		BeginReloadAssembly (96ms)
			ExecutionOrderSort (0ms)
			DisableScriptedObjects (3ms)
			BackupInstance (0ms)
			ReleaseScriptingObjects (0ms)
			CreateAndSetChildDomain (33ms)
		EndReloadAssembly (571ms)
			LoadAssemblies (52ms)
			RebuildTransferFunctionScriptingTraits (0ms)
			SetupTypeCache (177ms)
			ReleaseScriptCaches (1ms)
			RebuildScriptCaches (32ms)
			SetupLoadedEditorAssemblies (277ms)
				LogAssemblyErrors (0ms)
				InitializePlatformSupportModulesInManaged (16ms)
				SetLoadedEditorAssemblies (0ms)
				RefreshPlugins (1ms)
				BeforeProcessingInitializeOnLoad (49ms)
				ProcessInitializeOnLoadAttributes (183ms)
				ProcessInitializeOnLoadMethodAttributes (27ms)
				AfterProcessingInitializeOnLoad (2ms)
				EditorAssembliesLoaded (0ms)
			ExecutionOrderSort2 (0ms)
			AwakeInstancesAfterBackupRestoration (5ms)
Platform modules already initialized, skipping
Refreshing native plugins compatible for Editor in 1.97 ms, found 3 plugins.
Preloading 0 native plugins for Editor in 0.00 ms.
Unloading 3540 Unused Serialized files (Serialized files now loaded: 0)
Unloading 21 unused Assets / (153.5 KB). Loaded Objects now: 4122.
Memory consumption went from 142.4 MB to 142.3 MB.
Total: 3.615700 ms (FindLiveObjects: 0.264700 ms CreateObjectMapping: 0.228800 ms MarkObjects: 2.989300 ms  DeleteObjects: 0.131600 ms)

AssetImportParameters requested are different than current active one (requested -> active):
  custom:video-decoder-ogg-theora: a1e56fd34408186e4bbccfd4996cb3dc -> 
  custom:container-muxer-webm: aa71ff27fc2769a1b78a27578f13a17b -> 
  custom:container-demuxer-webm: 4f35f7cbe854078d1ac9338744f61a02 -> 
  custom:video-encoder-webm-vp8: eb34c28f22e8b96e1ab97ce403110664 -> 
  custom:video-codec-MediaFoundation-h265: 746d11721c4dcdbdad8f713fa42b33f4 -> 
  custom:audio-encoder-webm-vorbis: bf7c407c2cedff20999df2af8eb42d56 -> 
  custom:framework-win-MediaFoundation: 216162199b28c13a410421893ffa2e32 -> 
  custom:container-demuxer-ogg: 62fdf1f143b41e24485cea50d1cbac27 -> 
  custom:video-decoder-webm-vp8: 9c59270c3fd7afecdb556c50c9e8de78 -> 
  custom:audio-decoder-ogg-vorbis: bf7c407c2cedff20999df2af8eb42d56 -> 
========================================================================
Received Import Request.
  Time since last request: 2973.696667 seconds.
  path: Assets/PolygonCity/Prefabs/Props/SM_Prop_Aircon_01.prefab
  artifactKey: Guid(015249c005381134e896458eb3ed0bb1) Importer(815301076,1909f56bfc062723c751e8b465ee728b)
Start importing Assets/PolygonCity/Prefabs/Props/SM_Prop_Aircon_01.prefab using Guid(015249c005381134e896458eb3ed0bb1) Importer(815301076,1909f56bfc062723c751e8b465ee728b)  -> (artifact id: '82187cf0291e5ebaad73b26799abf927') in 0.283102 seconds 
========================================================================
Received Import Request.
  Time since last request: 0.000021 seconds.
  path: Assets/PolygonCity/Prefabs/Props/SM_Prop_Billboard_Sign_05.prefab
  artifactKey: Guid(7d206ba72eb6a4b44bb884bc010bd2d8) Importer(815301076,1909f56bfc062723c751e8b465ee728b)
Start importing Assets/PolygonCity/Prefabs/Props/SM_Prop_Billboard_Sign_05.prefab using Guid(7d206ba72eb6a4b44bb884bc010bd2d8) Importer(815301076,1909f56bfc062723c751e8b465ee728b)  -> (artifact id: '5eb72e876e728f30e4ca144460843756') in 0.303987 seconds 
========================================================================
Received Import Request.
  Time since last request: 0.000038 seconds.
  path: Assets/PolygonCity/Prefabs/Props/SM_Prop_LargeSign_Beer_01.prefab
  artifactKey: Guid(c64c1c913095fb64db3fd1ac114e9b80) Importer(815301076,1909f56bfc062723c751e8b465ee728b)
Start importing Assets/PolygonCity/Prefabs/Props/SM_Prop_LargeSign_Beer_01.prefab using Guid(c64c1c913095fb64db3fd1ac114e9b80) Importer(815301076,1909f56bfc062723c751e8b465ee728b)  -> (artifact id: 'f95d4060f3dc544800dac6d44c9eb167') in 0.035644 seconds 
========================================================================
Received Import Request.
  Time since last request: 0.000024 seconds.
  path: Assets/PolygonCity/Prefabs/Props/SM_Prop_Billboard_Sign_06.prefab
  artifactKey: Guid(f7538ab1dc37c8e49b7d76fd462c53eb) Importer(815301076,1909f56bfc062723c751e8b465ee728b)
Start importing Assets/PolygonCity/Prefabs/Props/SM_Prop_Billboard_Sign_06.prefab using Guid(f7538ab1dc37c8e49b7d76fd462c53eb) Importer(815301076,1909f56bfc062723c751e8b465ee728b)  -> (artifact id: '907946cafac35b90e8e3e3a8b5b88fa0') in 0.030349 seconds 
========================================================================
Received Import Request.
  Time since last request: 0.000035 seconds.
  path: Assets/PolygonCity/Prefabs/Props/SM_Prop_Burger_01.prefab
  artifactKey: Guid(a4a36f473384c3c489b6458561ff07ac) Importer(815301076,1909f56bfc062723c751e8b465ee728b)
Start importing Assets/PolygonCity/Prefabs/Props/SM_Prop_Burger_01.prefab using Guid(a4a36f473384c3c489b6458561ff07ac) Importer(815301076,1909f56bfc062723c751e8b465ee728b)  -> (artifact id: 'ca3af5e9fdd39da5e713772f08c8c611') in 0.038779 seconds 
========================================================================
Received Import Request.
  Time since last request: 0.000034 seconds.
  path: Assets/PolygonCity/Prefabs/Props/SM_Prop_Couch_01.prefab
  artifactKey: Guid(e74203ea62daad341816376fb141a8b5) Importer(815301076,1909f56bfc062723c751e8b465ee728b)
Start importing Assets/PolygonCity/Prefabs/Props/SM_Prop_Couch_01.prefab using Guid(e74203ea62daad341816376fb141a8b5) Importer(815301076,1909f56bfc062723c751e8b465ee728b)  -> (artifact id: '58b4d0310f80c19047237a20823ab03d') in 0.037925 seconds 
========================================================================
Received Import Request.
  Time since last request: 0.000027 seconds.
  path: Assets/PolygonCity/Prefabs/Props/SM_Prop_LargeSign_Burger_01.prefab
  artifactKey: Guid(c4dc818a3d0107c43a6ad73bdfca8766) Importer(815301076,1909f56bfc062723c751e8b465ee728b)
Start importing Assets/PolygonCity/Prefabs/Props/SM_Prop_LargeSign_Burger_01.prefab using Guid(c4dc818a3d0107c43a6ad73bdfca8766) Importer(815301076,1909f56bfc062723c751e8b465ee728b)  -> (artifact id: '06f0f39b6fdf44dd76a079ea1d207ec1') in 0.032771 seconds 
========================================================================
Received Import Request.
  Time since last request: 0.000028 seconds.
  path: Assets/PolygonCity/Prefabs/Props/SM_Prop_Billboard_Pole_01.prefab
  artifactKey: Guid(41f97a49a9daacd4cb2f4f15f3b4a822) Importer(815301076,1909f56bfc062723c751e8b465ee728b)
Start importing Assets/PolygonCity/Prefabs/Props/SM_Prop_Billboard_Pole_01.prefab using Guid(41f97a49a9daacd4cb2f4f15f3b4a822) Importer(815301076,1909f56bfc062723c751e8b465ee728b)  -> (artifact id: '84771d5c075c99aa3525adedaadd371b') in 0.038273 seconds 
========================================================================
Received Import Request.
  Time since last request: 0.000030 seconds.
  path: Assets/PolygonCity/Prefabs/Props/SM_Prop_Billboard_Roof_01.prefab
  artifactKey: Guid(046554645d66bc8439c25da40928ded1) Importer(815301076,1909f56bfc062723c751e8b465ee728b)
Start importing Assets/PolygonCity/Prefabs/Props/SM_Prop_Billboard_Roof_01.prefab using Guid(046554645d66bc8439c25da40928ded1) Importer(815301076,1909f56bfc062723c751e8b465ee728b)  -> (artifact id: '9133dcc2d43a246388f8cdd5756dd6ef') in 0.037255 seconds 
========================================================================
Received Import Request.
  Time since last request: 0.000028 seconds.
  path: Assets/PolygonCity/Prefabs/Props/SM_Prop_CardboardBox_03.prefab
  artifactKey: Guid(0aec61f3a3bdb4a438a673a2ab728ce8) Importer(815301076,1909f56bfc062723c751e8b465ee728b)
Start importing Assets/PolygonCity/Prefabs/Props/SM_Prop_CardboardBox_03.prefab using Guid(0aec61f3a3bdb4a438a673a2ab728ce8) Importer(815301076,1909f56bfc062723c751e8b465ee728b)  -> (artifact id: '7607ace03d310904e4885075a6a6b392') in 0.035616 seconds 
========================================================================
Received Import Request.
  Time since last request: 0.000026 seconds.
  path: Assets/PolygonCity/Prefabs/Props/SM_Prop_Billboard_Sign_02.prefab
  artifactKey: Guid(017a6f5ce43f6d74ca746ed804873917) Importer(815301076,1909f56bfc062723c751e8b465ee728b)
Start importing Assets/PolygonCity/Prefabs/Props/SM_Prop_Billboard_Sign_02.prefab using Guid(017a6f5ce43f6d74ca746ed804873917) Importer(815301076,1909f56bfc062723c751e8b465ee728b)  -> (artifact id: 'f3ddbf2028f58eb39aa876d60128eed4') in 0.031546 seconds 
========================================================================
Received Import Request.
  Time since last request: 0.000019 seconds.
  path: Assets/PolygonCity/Prefabs/Props/SM_Prop_Door_01.prefab
  artifactKey: Guid(47455669544a7614fb1944943e4fdcbd) Importer(815301076,1909f56bfc062723c751e8b465ee728b)
Start importing Assets/PolygonCity/Prefabs/Props/SM_Prop_Door_01.prefab using Guid(47455669544a7614fb1944943e4fdcbd) Importer(815301076,1909f56bfc062723c751e8b465ee728b)  -> (artifact id: 'f3444aaaaca76c8c579f607d3dce7c4f') in 0.037208 seconds 
========================================================================
Received Import Request.
  Time since last request: 0.000020 seconds.
  path: Assets/PolygonCity/Prefabs/Props/SM_Prop_Cone_01.prefab
  artifactKey: Guid(33b36afb51822b442b3a3f8accf3c199) Importer(815301076,1909f56bfc062723c751e8b465ee728b)
Start importing Assets/PolygonCity/Prefabs/Props/SM_Prop_Cone_01.prefab using Guid(33b36afb51822b442b3a3f8accf3c199) Importer(815301076,1909f56bfc062723c751e8b465ee728b)  -> (artifact id: 'f36ed2e92fa57c4f0f03b8f048606509') in 0.036710 seconds 
========================================================================
Received Import Request.
  Time since last request: 0.000025 seconds.
  path: Assets/PolygonCity/Prefabs/Props/SM_Prop_Billboard_Sign_04.prefab
  artifactKey: Guid(430345e20ddf842489bc80fba96a0edd) Importer(815301076,1909f56bfc062723c751e8b465ee728b)
Start importing Assets/PolygonCity/Prefabs/Props/SM_Prop_Billboard_Sign_04.prefab using Guid(430345e20ddf842489bc80fba96a0edd) Importer(815301076,1909f56bfc062723c751e8b465ee728b)  -> (artifact id: '50f2c38dca22a2df4f8d4d81d1ec66f0') in 0.033326 seconds 
========================================================================
Received Import Request.
  Time since last request: 0.000031 seconds.
  path: Assets/PolygonCity/Prefabs/Props/SM_Prop_LargeSign_Hotdog_01.prefab
  artifactKey: Guid(f52a5629a2062924bafe8d5ad7a3c5f5) Importer(815301076,1909f56bfc062723c751e8b465ee728b)
Start importing Assets/PolygonCity/Prefabs/Props/SM_Prop_LargeSign_Hotdog_01.prefab using Guid(f52a5629a2062924bafe8d5ad7a3c5f5) Importer(815301076,1909f56bfc062723c751e8b465ee728b)  -> (artifact id: '623728d1153e82abb8ac7e2ceb46590a') in 0.034929 seconds 
========================================================================
Received Import Request.
  Time since last request: 0.000021 seconds.
  path: Assets/PolygonCity/Prefabs/Props/SM_Prop_CardboardBox_02.prefab
  artifactKey: Guid(e4e5d2f7f155681449aca26cbdb2b635) Importer(815301076,1909f56bfc062723c751e8b465ee728b)
Start importing Assets/PolygonCity/Prefabs/Props/SM_Prop_CardboardBox_02.prefab using Guid(e4e5d2f7f155681449aca26cbdb2b635) Importer(815301076,1909f56bfc062723c751e8b465ee728b)  -> (artifact id: '11fb65ff5e9f3919f12d395e2688191e') in 0.027193 seconds 
========================================================================
Received Import Request.
  Time since last request: 0.000017 seconds.
  path: Assets/PolygonCity/Prefabs/Props/SM_Prop_CardboardBox_04.prefab
  artifactKey: Guid(2ecc0b496791eed43906204037035d18) Importer(815301076,1909f56bfc062723c751e8b465ee728b)
Start importing Assets/PolygonCity/Prefabs/Props/SM_Prop_CardboardBox_04.prefab using Guid(2ecc0b496791eed43906204037035d18) Importer(815301076,1909f56bfc062723c751e8b465ee728b)  -> (artifact id: '178099680546fe406d6e05c7af696647') in 0.033496 seconds 
========================================================================
Received Import Request.
  Time since last request: 0.000020 seconds.
  path: Assets/PolygonCity/Prefabs/Props/SM_Prop_LargeSign_Bottle_01.prefab
  artifactKey: Guid(4f96f6be8b901eb4c80c229856393703) Importer(815301076,1909f56bfc062723c751e8b465ee728b)
Start importing Assets/PolygonCity/Prefabs/Props/SM_Prop_LargeSign_Bottle_01.prefab using Guid(4f96f6be8b901eb4c80c229856393703) Importer(815301076,1909f56bfc062723c751e8b465ee728b)  -> (artifact id: '2aa4eaeb382fcc208653bb12636c7f1c') in 0.033564 seconds 
========================================================================
Received Import Request.
  Time since last request: 0.000020 seconds.
  path: Assets/PolygonCity/Prefabs/Props/SM_Prop_LargeSign_BowlingBall_01.prefab
  artifactKey: Guid(d01d785db09ea5f43a99f45228e63817) Importer(815301076,1909f56bfc062723c751e8b465ee728b)
Start importing Assets/PolygonCity/Prefabs/Props/SM_Prop_LargeSign_BowlingBall_01.prefab using Guid(d01d785db09ea5f43a99f45228e63817) Importer(815301076,1909f56bfc062723c751e8b465ee728b)  -> (artifact id: '738ed650080a98b6f4e6c1069235e9dc') in 0.034027 seconds 
========================================================================
Received Import Request.
  Time since last request: 0.000021 seconds.
  path: Assets/PolygonCity/Prefabs/Props/SM_Prop_LargeSign_BowlingPin_01.prefab
  artifactKey: Guid(94147211148ab5a449bb861d39bd169f) Importer(815301076,1909f56bfc062723c751e8b465ee728b)
Start importing Assets/PolygonCity/Prefabs/Props/SM_Prop_LargeSign_BowlingPin_01.prefab using Guid(94147211148ab5a449bb861d39bd169f) Importer(815301076,1909f56bfc062723c751e8b465ee728b)  -> (artifact id: '12ee1cc69e97bb7dcd2b5a6af72bde2c') in 0.041836 seconds 
========================================================================
Received Import Request.
  Time since last request: 0.000033 seconds.
  path: Assets/PolygonCity/Prefabs/Props/SM_Prop_Billboard_Sign_03.prefab
  artifactKey: Guid(982d949264f5fd34e95b58f116932053) Importer(815301076,1909f56bfc062723c751e8b465ee728b)
Start importing Assets/PolygonCity/Prefabs/Props/SM_Prop_Billboard_Sign_03.prefab using Guid(982d949264f5fd34e95b58f116932053) Importer(815301076,1909f56bfc062723c751e8b465ee728b)  -> (artifact id: '25665ab1652c5460a9b2e2976859366d') in 0.029016 seconds 
========================================================================
Received Import Request.
  Time since last request: 3.129537 seconds.
  path: Assets/PolygonCity/Prefabs/Props/SM_Prop_LargeSign_Milkshake_01.prefab
  artifactKey: Guid(6f80e919ce3f15944905cac373e3b447) Importer(815301076,1909f56bfc062723c751e8b465ee728b)
Start importing Assets/PolygonCity/Prefabs/Props/SM_Prop_LargeSign_Milkshake_01.prefab using Guid(6f80e919ce3f15944905cac373e3b447) Importer(815301076,1909f56bfc062723c751e8b465ee728b)  -> (artifact id: '8bf595fd04fd4bef5be21131389aa59f') in 0.053793 seconds 
========================================================================
Received Import Request.
  Time since last request: 0.000031 seconds.
  path: Assets/PolygonCity/Prefabs/Props/SM_Prop_LargeSign_Soda_01.prefab
  artifactKey: Guid(94ee31a3d58997f4788e26bcab5a03dc) Importer(815301076,1909f56bfc062723c751e8b465ee728b)
Start importing Assets/PolygonCity/Prefabs/Props/SM_Prop_LargeSign_Soda_01.prefab using Guid(94ee31a3d58997f4788e26bcab5a03dc) Importer(815301076,1909f56bfc062723c751e8b465ee728b)  -> (artifact id: 'd70ababf9b29e7727ca3d5dcc8e3df58') in 0.070358 seconds 
========================================================================
Received Import Request.
  Time since last request: 0.000040 seconds.
  path: Assets/PolygonCity/Prefabs/Props/SM_Prop_LightPole_Base_01.prefab
  artifactKey: Guid(06a9858b4309bcf4cbe7ef09ae436c1d) Importer(815301076,1909f56bfc062723c751e8b465ee728b)
Start importing Assets/PolygonCity/Prefabs/Props/SM_Prop_LightPole_Base_01.prefab using Guid(06a9858b4309bcf4cbe7ef09ae436c1d) Importer(815301076,1909f56bfc062723c751e8b465ee728b)  -> (artifact id: 'b8359ca1f567ddeb2a8c2a15be7d1045') in 0.053527 seconds 
========================================================================
Received Import Request.
  Time since last request: 0.000060 seconds.
  path: Assets/PolygonCity/Prefabs/Props/SM_Prop_Manhole_01.prefab
  artifactKey: Guid(17d89c35d4de1e34faab77de25282d4b) Importer(815301076,1909f56bfc062723c751e8b465ee728b)
Start importing Assets/PolygonCity/Prefabs/Props/SM_Prop_Manhole_01.prefab using Guid(17d89c35d4de1e34faab77de25282d4b) Importer(815301076,1909f56bfc062723c751e8b465ee728b)  -> (artifact id: '97f76eaac8142912247ed098fb6d39a6') in 0.081646 seconds 
========================================================================
Received Import Request.
  Time since last request: 0.000035 seconds.
  path: Assets/PolygonCity/Prefabs/Props/SM_Prop_LightPole_Lights_02.prefab
  artifactKey: Guid(6702d719a0fd01142ab7529f2a36d350) Importer(815301076,1909f56bfc062723c751e8b465ee728b)
Start importing Assets/PolygonCity/Prefabs/Props/SM_Prop_LightPole_Lights_02.prefab using Guid(6702d719a0fd01142ab7529f2a36d350) Importer(815301076,1909f56bfc062723c751e8b465ee728b)  -> (artifact id: 'f7f85845322a2bd253806794935ad86e') in 0.072741 seconds 
========================================================================
Received Import Request.
  Time since last request: 0.000024 seconds.
  path: Assets/PolygonCity/Prefabs/Props/SM_Prop_LightPole_Base_02.prefab
  artifactKey: Guid(684edc7838bf89d4b933a49c85d72080) Importer(815301076,1909f56bfc062723c751e8b465ee728b)
Start importing Assets/PolygonCity/Prefabs/Props/SM_Prop_LightPole_Base_02.prefab using Guid(684edc7838bf89d4b933a49c85d72080) Importer(815301076,1909f56bfc062723c751e8b465ee728b)  -> (artifact id: 'bad0a297b5d8015684e53c386207b001') in 0.050667 seconds 
========================================================================
Received Import Request.
  Time since last request: 11.986575 seconds.
  path: Assets/PolygonCity/Prefabs/Props/SM_Prop_Newspaper_01.prefab
  artifactKey: Guid(d0a449419dc6e404d94d5081fa710767) Importer(815301076,1909f56bfc062723c751e8b465ee728b)
Start importing Assets/PolygonCity/Prefabs/Props/SM_Prop_Newspaper_01.prefab using Guid(d0a449419dc6e404d94d5081fa710767) Importer(815301076,1909f56bfc062723c751e8b465ee728b)  -> (artifact id: '140a8be9b724eb54ddb0ce8a7b223111') in 0.159155 seconds 
========================================================================
Received Import Request.
  Time since last request: 0.000029 seconds.
  path: Assets/PolygonCity/Prefabs/Props/SM_Prop_Paper_02.prefab
  artifactKey: Guid(fc189f6b0af3f6843b28de731f5b15e1) Importer(815301076,1909f56bfc062723c751e8b465ee728b)
Start importing Assets/PolygonCity/Prefabs/Props/SM_Prop_Paper_02.prefab using Guid(fc189f6b0af3f6843b28de731f5b15e1) Importer(815301076,1909f56bfc062723c751e8b465ee728b)  -> (artifact id: 'a83b2a2df5a8401cd07761972c5c7651') in 0.188801 seconds 
========================================================================
Received Import Request.
  Time since last request: 12.591893 seconds.
  path: Assets/PolygonCity/Prefabs/Props/SM_Prop_ParkingMeter_01.prefab
  artifactKey: Guid(03ade969ba0f5d842a49161d00145831) Importer(815301076,1909f56bfc062723c751e8b465ee728b)
Start importing Assets/PolygonCity/Prefabs/Props/SM_Prop_ParkingMeter_01.prefab using Guid(03ade969ba0f5d842a49161d00145831) Importer(815301076,1909f56bfc062723c751e8b465ee728b)  -> (artifact id: '25d1b5a85a08125194464a897d0535de') in 0.121880 seconds 
========================================================================
Received Import Request.
  Time since last request: 0.000024 seconds.
  path: Assets/PolygonCity/Prefabs/Props/SM_Prop_Pipe_Part_Corner_01.prefab
  artifactKey: Guid(4992e3e5ba8f19c4bbd4187ea00e63fd) Importer(815301076,1909f56bfc062723c751e8b465ee728b)
Start importing Assets/PolygonCity/Prefabs/Props/SM_Prop_Pipe_Part_Corner_01.prefab using Guid(4992e3e5ba8f19c4bbd4187ea00e63fd) Importer(815301076,1909f56bfc062723c751e8b465ee728b)  -> (artifact id: '1d9aac9189284c42675e5e9dd7a98614') in 0.076564 seconds 
Editor requested this worker to shutdown with reason: Scaling down because of idle timeout
AssetImportWorkerClient::OnTransportError - code=2 error=End of file
AssetImportWorker is now disconnected from the server
Process exiting
Exiting without the bug reporter. Application will terminate with return code 0