Using pre-set license
Built from '2021.3/staging' branch; Version is '2021.3.10f1 (1c7d0df0160b) revision 1867021'; Using compiler version '192829333'; Build Type 'Release'
OS: 'Windows 11  (10.0.22000) 64bit CoreSingleLanguage' Language: 'es' Physical Memory: 15629 MB
BatchMode: 1, IsHumanControllingUs: 0, StartBugReporterOnCrash: 0, Is64bit: 1, IsPro: 1

COMMAND LINE ARGUMENTS:
D:\Aplicaciones\Unity\Editor\2021.3.10f1\Editor\Unity.exe
-adb2
-batchMode
-noUpm
-name
AssetImportWorker5
-projectPath
D:/Aplicaciones/GitHub/ABC_BCP_GAME_JAM/abc_game_jam
-logFile
Logs/AssetImportWorker5.log
-srvPort
54985
Successfully changed project path to: D:/Aplicaciones/GitHub/ABC_BCP_GAME_JAM/abc_game_jam
D:/Aplicaciones/GitHub/ABC_BCP_GAME_JAM/abc_game_jam
[UnityMemory] Configuration Parameters - Can be set up in boot.config
    "memorysetup-bucket-allocator-granularity=16"
    "memorysetup-bucket-allocator-bucket-count=8"
    "memorysetup-bucket-allocator-block-size=33554432"
    "memorysetup-bucket-allocator-block-count=8"
    "memorysetup-main-allocator-block-size=16777216"
    "memorysetup-thread-allocator-block-size=16777216"
    "memorysetup-gfx-main-allocator-block-size=16777216"
    "memorysetup-gfx-thread-allocator-block-size=16777216"
    "memorysetup-cache-allocator-block-size=4194304"
    "memorysetup-typetree-allocator-block-size=2097152"
    "memorysetup-profiler-bucket-allocator-granularity=16"
    "memorysetup-profiler-bucket-allocator-bucket-count=8"
    "memorysetup-profiler-bucket-allocator-block-size=33554432"
    "memorysetup-profiler-bucket-allocator-block-count=8"
    "memorysetup-profiler-allocator-block-size=16777216"
    "memorysetup-profiler-editor-allocator-block-size=1048576"
    "memorysetup-temp-allocator-size-main=16777216"
    "memorysetup-job-temp-allocator-block-size=2097152"
    "memorysetup-job-temp-allocator-block-size-background=1048576"
    "memorysetup-job-temp-allocator-reduction-small-platforms=262144"
    "memorysetup-temp-allocator-size-background-worker=32768"
    "memorysetup-temp-allocator-size-job-worker=262144"
    "memorysetup-temp-allocator-size-preload-manager=33554432"
    "memorysetup-temp-allocator-size-nav-mesh-worker=65536"
    "memorysetup-temp-allocator-size-audio-worker=65536"
    "memorysetup-temp-allocator-size-cloud-worker=32768"
    "memorysetup-temp-allocator-size-gi-baking-worker=262144"
    "memorysetup-temp-allocator-size-gfx=262144"
Refreshing native plugins compatible for Editor in 81.36 ms, found 3 plugins.
Preloading 0 native plugins for Editor in 0.00 ms.
Initialize engine version: 2021.3.10f1 (1c7d0df0160b)
[Subsystems] Discovering subsystems at path D:/Aplicaciones/Unity/Editor/2021.3.10f1/Editor/Data/Resources/UnitySubsystems
[Subsystems] Discovering subsystems at path D:/Aplicaciones/GitHub/ABC_BCP_GAME_JAM/abc_game_jam/Assets
GfxDevice: creating device client; threaded=0; jobified=0
Direct3D:
    Version:  Direct3D 11.0 [level 11.1]
    Renderer: NVIDIA GeForce RTX 3060 Laptop GPU (ID=0x2520)
    Vendor:   NVIDIA
    VRAM:     6023 MB
    Driver:   31.0.15.1694
Initialize mono
Mono path[0] = 'D:/Aplicaciones/Unity/Editor/2021.3.10f1/Editor/Data/Managed'
Mono path[1] = 'D:/Aplicaciones/Unity/Editor/2021.3.10f1/Editor/Data/MonoBleedingEdge/lib/mono/unityjit-win32'
Mono config path = 'D:/Aplicaciones/Unity/Editor/2021.3.10f1/Editor/Data/MonoBleedingEdge/etc'
Using monoOptions --debugger-agent=transport=dt_socket,embedding=1,server=y,suspend=n,address=127.0.0.1:56080
Begin MonoManager ReloadAssembly
Registering precompiled unity dll's ...
Register platform support module: D:/Aplicaciones/Unity/Editor/2021.3.10f1/Editor/Data/PlaybackEngines/WebGLSupport/UnityEditor.WebGL.Extensions.dll
Register platform support module: D:/Aplicaciones/Unity/Editor/2021.3.10f1/Editor/Data/PlaybackEngines/AndroidPlayer/UnityEditor.Android.Extensions.dll
Register platform support module: D:/Aplicaciones/Unity/Editor/2021.3.10f1/Editor/Data/PlaybackEngines/WindowsStandaloneSupport/UnityEditor.WindowsStandalone.Extensions.dll
Registered in 0.002230 seconds.
Native extension for WindowsStandalone target not found
Native extension for Android target not found
Native extension for WebGL target not found
Refreshing native plugins compatible for Editor in 74.66 ms, found 3 plugins.
Preloading 0 native plugins for Editor in 0.00 ms.
Mono: successfully reloaded assembly
- Completed reload, in  0.524 seconds
Domain Reload Profiling:
	ReloadAssembly (524ms)
		BeginReloadAssembly (50ms)
			ExecutionOrderSort (0ms)
			DisableScriptedObjects (0ms)
			BackupInstance (0ms)
			ReleaseScriptingObjects (0ms)
			CreateAndSetChildDomain (1ms)
		EndReloadAssembly (390ms)
			LoadAssemblies (50ms)
			RebuildTransferFunctionScriptingTraits (0ms)
			SetupTypeCache (93ms)
			ReleaseScriptCaches (0ms)
			RebuildScriptCaches (23ms)
			SetupLoadedEditorAssemblies (236ms)
				LogAssemblyErrors (0ms)
				InitializePlatformSupportModulesInManaged (45ms)
				SetLoadedEditorAssemblies (0ms)
				RefreshPlugins (75ms)
				BeforeProcessingInitializeOnLoad (1ms)
				ProcessInitializeOnLoadAttributes (81ms)
				ProcessInitializeOnLoadMethodAttributes (34ms)
				AfterProcessingInitializeOnLoad (0ms)
				EditorAssembliesLoaded (0ms)
			ExecutionOrderSort2 (0ms)
			AwakeInstancesAfterBackupRestoration (0ms)
Platform modules already initialized, skipping
Registering precompiled user dll's ...
Registered in 0.002808 seconds.
Begin MonoManager ReloadAssembly
Symbol file LoadedFromMemory doesn't match image D:\Aplicaciones\GitHub\ABC_BCP_GAME_JAM\abc_game_jam\Library\PackageCache\com.unity.visualscripting@1.7.8\Editor\VisualScripting.Core\Dependencies\YamlDotNet\Unity.VisualScripting.YamlDotNet.dll
Symbol file LoadedFromMemory doesn't match image D:\Aplicaciones\GitHub\ABC_BCP_GAME_JAM\abc_game_jam\Library\PackageCache\com.unity.visualscripting@1.7.8\Editor\VisualScripting.Core\Dependencies\DotNetZip\Unity.VisualScripting.IonicZip.dll
Native extension for WindowsStandalone target not found
Native extension for Android target not found
Native extension for WebGL target not found
Refreshing native plugins compatible for Editor in 0.73 ms, found 3 plugins.
Preloading 0 native plugins for Editor in 0.00 ms.
Mono: successfully reloaded assembly
- Completed reload, in  0.859 seconds
Domain Reload Profiling:
	ReloadAssembly (860ms)
		BeginReloadAssembly (187ms)
			ExecutionOrderSort (0ms)
			DisableScriptedObjects (5ms)
			BackupInstance (0ms)
			ReleaseScriptingObjects (0ms)
			CreateAndSetChildDomain (129ms)
		EndReloadAssembly (593ms)
			LoadAssemblies (53ms)
			RebuildTransferFunctionScriptingTraits (0ms)
			SetupTypeCache (191ms)
			ReleaseScriptCaches (1ms)
			RebuildScriptCaches (37ms)
			SetupLoadedEditorAssemblies (270ms)
				LogAssemblyErrors (0ms)
				InitializePlatformSupportModulesInManaged (11ms)
				SetLoadedEditorAssemblies (0ms)
				RefreshPlugins (1ms)
				BeforeProcessingInitializeOnLoad (64ms)
				ProcessInitializeOnLoadAttributes (170ms)
				ProcessInitializeOnLoadMethodAttributes (22ms)
				AfterProcessingInitializeOnLoad (2ms)
				EditorAssembliesLoaded (0ms)
			ExecutionOrderSort2 (0ms)
			AwakeInstancesAfterBackupRestoration (5ms)
Platform modules already initialized, skipping
========================================================================
Worker process is ready to serve import requests
Launched and connected shader compiler UnityShaderCompiler.exe after 0.04 seconds
Refreshing native plugins compatible for Editor in 0.74 ms, found 3 plugins.
Preloading 0 native plugins for Editor in 0.00 ms.
Unloading 3382 Unused Serialized files (Serialized files now loaded: 0)
Unloading 27 unused Assets / (113.9 KB). Loaded Objects now: 3860.
Memory consumption went from 130.9 MB to 130.8 MB.
Total: 3.063600 ms (FindLiveObjects: 0.254600 ms CreateObjectMapping: 0.188700 ms MarkObjects: 2.515700 ms  DeleteObjects: 0.103800 ms)

AssetImportParameters requested are different than current active one (requested -> active):
  custom:video-decoder-ogg-theora: a1e56fd34408186e4bbccfd4996cb3dc -> 
  custom:container-muxer-webm: aa71ff27fc2769a1b78a27578f13a17b -> 
  custom:container-demuxer-webm: 4f35f7cbe854078d1ac9338744f61a02 -> 
  custom:video-encoder-webm-vp8: eb34c28f22e8b96e1ab97ce403110664 -> 
  custom:video-codec-MediaFoundation-h265: 746d11721c4dcdbdad8f713fa42b33f4 -> 
  custom:audio-encoder-webm-vorbis: bf7c407c2cedff20999df2af8eb42d56 -> 
  custom:framework-win-MediaFoundation: 216162199b28c13a410421893ffa2e32 -> 
  custom:container-demuxer-ogg: 62fdf1f143b41e24485cea50d1cbac27 -> 
  custom:video-decoder-webm-vp8: 9c59270c3fd7afecdb556c50c9e8de78 -> 
  custom:audio-decoder-ogg-vorbis: bf7c407c2cedff20999df2af8eb42d56 -> 
========================================================================
Received Import Request.
  Time since last request: 46686.469835 seconds.
  path: Assets/PolygonCity/Models/SM_Bld_Apartment_Corner_02.fbx
  artifactKey: Guid(7d25cfa8321eccd438d23d1194e46bd9) Importer(815301076,1909f56bfc062723c751e8b465ee728b)
Start importing Assets/PolygonCity/Models/SM_Bld_Apartment_Corner_02.fbx using Guid(7d25cfa8321eccd438d23d1194e46bd9) Importer(815301076,1909f56bfc062723c751e8b465ee728b)  -> (artifact id: '192b9daddd9b8ed454e13743dc0972a9') in 0.122493 seconds 
========================================================================
Received Import Request.
  Time since last request: 0.000034 seconds.
  path: Assets/PolygonCity/Prefabs/Buildings/SM_Bld_OfficeSquare_03.prefab
  artifactKey: Guid(83d0ec3c099b45e44b769c5f2a30890b) Importer(815301076,1909f56bfc062723c751e8b465ee728b)
Start importing Assets/PolygonCity/Prefabs/Buildings/SM_Bld_OfficeSquare_03.prefab using Guid(83d0ec3c099b45e44b769c5f2a30890b) Importer(815301076,1909f56bfc062723c751e8b465ee728b)  -> (artifact id: '74ef071631e90d45325ddff2dff330f1') in 0.073462 seconds 
========================================================================
Received Import Request.
  Time since last request: 0.000037 seconds.
  path: Assets/PolygonCity/Models/SM_Env_Bridge_Support_01.fbx
  artifactKey: Guid(756006661a52eeb4b839a6bd64eb4cf4) Importer(815301076,1909f56bfc062723c751e8b465ee728b)
Start importing Assets/PolygonCity/Models/SM_Env_Bridge_Support_01.fbx using Guid(756006661a52eeb4b839a6bd64eb4cf4) Importer(815301076,1909f56bfc062723c751e8b465ee728b)  -> (artifact id: '350ab41935900e96cd9a10f5c1a96296') in 0.016245 seconds 
========================================================================
Received Import Request.
  Time since last request: 0.000019 seconds.
  path: Assets/PolygonCity/Models/SM_Bld_OfficeRound_01.fbx
  artifactKey: Guid(67aa945c78b7397468aea0d3ba64f441) Importer(815301076,1909f56bfc062723c751e8b465ee728b)
Start importing Assets/PolygonCity/Models/SM_Bld_OfficeRound_01.fbx using Guid(67aa945c78b7397468aea0d3ba64f441) Importer(815301076,1909f56bfc062723c751e8b465ee728b)  -> (artifact id: 'cb41839f9f40be507d5c0e019a54d76f') in 0.019764 seconds 
========================================================================
Received Import Request.
  Time since last request: 0.000030 seconds.
  path: Assets/PolygonCity/Models/SM_Env_GrassPath_Corner_01.fbx
  artifactKey: Guid(602b7629d0bc3f4488da25a302966862) Importer(815301076,1909f56bfc062723c751e8b465ee728b)
Start importing Assets/PolygonCity/Models/SM_Env_GrassPath_Corner_01.fbx using Guid(602b7629d0bc3f4488da25a302966862) Importer(815301076,1909f56bfc062723c751e8b465ee728b)  -> (artifact id: 'da9cd7f0a10b2f66d0d5259d2367a512') in 0.018995 seconds 
========================================================================
Received Import Request.
  Time since last request: 0.000035 seconds.
  path: Assets/PolygonCity/Models/SM_Env_Road_Arrow_01.fbx
  artifactKey: Guid(24e4fc04a1a6ed94d9357a621f9f2a93) Importer(815301076,1909f56bfc062723c751e8b465ee728b)
Start importing Assets/PolygonCity/Models/SM_Env_Road_Arrow_01.fbx using Guid(24e4fc04a1a6ed94d9357a621f9f2a93) Importer(815301076,1909f56bfc062723c751e8b465ee728b)  -> (artifact id: 'bfa6d8f810ce45df26816340d2e219b5') in 0.019186 seconds 
========================================================================
Received Import Request.
  Time since last request: 0.000027 seconds.
  path: Assets/PolygonCity/Models/SM_Prop_Paper_04.fbx
  artifactKey: Guid(f2bacc97b0f619e4ab69a9236a580b8d) Importer(815301076,1909f56bfc062723c751e8b465ee728b)
Start importing Assets/PolygonCity/Models/SM_Prop_Paper_04.fbx using Guid(f2bacc97b0f619e4ab69a9236a580b8d) Importer(815301076,1909f56bfc062723c751e8b465ee728b)  -> (artifact id: '78fe37a602dca8171ccfe25946e3a208') in 0.021227 seconds 
========================================================================
Received Import Request.
  Time since last request: 0.000035 seconds.
  path: Assets/PolygonCity/Models/SM_Env_Road_03.fbx
  artifactKey: Guid(34a549e11005e7140990d2fbe8ccd147) Importer(815301076,1909f56bfc062723c751e8b465ee728b)
Start importing Assets/PolygonCity/Models/SM_Env_Road_03.fbx using Guid(34a549e11005e7140990d2fbe8ccd147) Importer(815301076,1909f56bfc062723c751e8b465ee728b)  -> (artifact id: '5999a412b61d131db5f7bd1d89c2e02b') in 0.016289 seconds 
========================================================================
Received Import Request.
  Time since last request: 0.000028 seconds.
  path: Assets/PolygonCity/Prefabs/Props/SM_Prop_PlanterWindow_01.prefab
  artifactKey: Guid(16dd2e2d30bf97a4282b745980e24bd8) Importer(815301076,1909f56bfc062723c751e8b465ee728b)
Start importing Assets/PolygonCity/Prefabs/Props/SM_Prop_PlanterWindow_01.prefab using Guid(16dd2e2d30bf97a4282b745980e24bd8) Importer(815301076,1909f56bfc062723c751e8b465ee728b)  -> (artifact id: '14f45f421cb9051982fd6608fcaf1b44') in 0.024907 seconds 
========================================================================
Received Import Request.
  Time since last request: 0.000025 seconds.
  path: Assets/PolygonCity/Models/SM_Prop_Billboard_Sign_02.fbx
  artifactKey: Guid(3a65700e226cd8845893bf8b4c321649) Importer(815301076,1909f56bfc062723c751e8b465ee728b)
Start importing Assets/PolygonCity/Models/SM_Prop_Billboard_Sign_02.fbx using Guid(3a65700e226cd8845893bf8b4c321649) Importer(815301076,1909f56bfc062723c751e8b465ee728b)  -> (artifact id: 'e4991f456f69e4ab684b275827352270') in 0.019755 seconds 
========================================================================
Received Import Request.
  Time since last request: 0.000020 seconds.
  path: Assets/PolygonCity/Prefabs/Props/SM_Prop_ShopInterior_Shelf_02.prefab
  artifactKey: Guid(990ca4a6ba9b900449bc9d4d1a0c0dd0) Importer(815301076,1909f56bfc062723c751e8b465ee728b)
Start importing Assets/PolygonCity/Prefabs/Props/SM_Prop_ShopInterior_Shelf_02.prefab using Guid(990ca4a6ba9b900449bc9d4d1a0c0dd0) Importer(815301076,1909f56bfc062723c751e8b465ee728b)  -> (artifact id: '5039b4d57bbe30a65750caf4bbfc9201') in 0.024518 seconds 
========================================================================
Received Import Request.
  Time since last request: 0.000028 seconds.
  path: Assets/PolygonCity/Models/SM_Env_Road_02.fbx
  artifactKey: Guid(9aa786dd3f793a84a8a8852a66498c63) Importer(815301076,1909f56bfc062723c751e8b465ee728b)
Start importing Assets/PolygonCity/Models/SM_Env_Road_02.fbx using Guid(9aa786dd3f793a84a8a8852a66498c63) Importer(815301076,1909f56bfc062723c751e8b465ee728b)  -> (artifact id: '74e709008140da0e601a72f1167e70ed') in 0.015817 seconds 
========================================================================
Received Import Request.
  Time since last request: 0.000022 seconds.
  path: Assets/PolygonCity/Prefabs/Props/SM_Prop_Paper_02.prefab
  artifactKey: Guid(fc189f6b0af3f6843b28de731f5b15e1) Importer(815301076,1909f56bfc062723c751e8b465ee728b)
Start importing Assets/PolygonCity/Prefabs/Props/SM_Prop_Paper_02.prefab using Guid(fc189f6b0af3f6843b28de731f5b15e1) Importer(815301076,1909f56bfc062723c751e8b465ee728b)  -> (artifact id: '954c3fe7a07761ec776bef7e7aa0de3e') in 0.019890 seconds 
========================================================================
Received Import Request.
  Time since last request: 0.000022 seconds.
  path: Assets/PolygonCity/Prefabs/Props/SM_Prop_LightPole_Box_01.prefab
  artifactKey: Guid(bf8c887ce2a3f8f41be86bb54fa20b60) Importer(815301076,1909f56bfc062723c751e8b465ee728b)
Start importing Assets/PolygonCity/Prefabs/Props/SM_Prop_LightPole_Box_01.prefab using Guid(bf8c887ce2a3f8f41be86bb54fa20b60) Importer(815301076,1909f56bfc062723c751e8b465ee728b)  -> (artifact id: '83c75326d2a5178beaeb43e35dee7a78') in 0.026972 seconds 
========================================================================
Received Import Request.
  Time since last request: 0.000025 seconds.
  path: Assets/PolygonCity/Prefabs/Props/SM_Prop_TrashCan_01.prefab
  artifactKey: Guid(f738f6acdbb1d5844bd657732cb05e13) Importer(815301076,1909f56bfc062723c751e8b465ee728b)
Start importing Assets/PolygonCity/Prefabs/Props/SM_Prop_TrashCan_01.prefab using Guid(f738f6acdbb1d5844bd657732cb05e13) Importer(815301076,1909f56bfc062723c751e8b465ee728b)  -> (artifact id: '1baa63ce67e2e3a69778930e4c3c1bbe') in 0.024148 seconds 
========================================================================
Received Import Request.
  Time since last request: 0.000022 seconds.
  path: Assets/PolygonCity/Models/SM_Prop_Vents_Straight_01.fbx
  artifactKey: Guid(87682a1625d49854c9b2d3eaa42691bc) Importer(815301076,1909f56bfc062723c751e8b465ee728b)
Start importing Assets/PolygonCity/Models/SM_Prop_Vents_Straight_01.fbx using Guid(87682a1625d49854c9b2d3eaa42691bc) Importer(815301076,1909f56bfc062723c751e8b465ee728b)  -> (artifact id: 'd59bf5d090728989d14a36dd6833409c') in 0.020678 seconds 
========================================================================
Received Import Request.
  Time since last request: 0.000027 seconds.
  path: Assets/PolygonCity/Prefabs/Environments/SM_Env_Sidewalk_Grate_01.prefab
  artifactKey: Guid(35d21aaf608eba24285e42aad64a70a8) Importer(815301076,1909f56bfc062723c751e8b465ee728b)
Start importing Assets/PolygonCity/Prefabs/Environments/SM_Env_Sidewalk_Grate_01.prefab using Guid(35d21aaf608eba24285e42aad64a70a8) Importer(815301076,1909f56bfc062723c751e8b465ee728b)  -> (artifact id: '899244db53f80f88c1aaa0b632f264e5') in 0.018270 seconds 
========================================================================
Received Import Request.
  Time since last request: 0.000029 seconds.
  path: Assets/PolygonCity/Models/SM_Env_Road_ParkingLines_01.fbx
  artifactKey: Guid(437b7657e25fefd41be1a201bdabe4d5) Importer(815301076,1909f56bfc062723c751e8b465ee728b)
Start importing Assets/PolygonCity/Models/SM_Env_Road_ParkingLines_01.fbx using Guid(437b7657e25fefd41be1a201bdabe4d5) Importer(815301076,1909f56bfc062723c751e8b465ee728b)  -> (artifact id: '76ed1be106c30fae5addc508ff68838a') in 0.017930 seconds 
========================================================================
Received Import Request.
  Time since last request: 0.000022 seconds.
  path: Assets/PolygonCity/Models/SM_Veh_Car_Medium_01.fbx
  artifactKey: Guid(9e3e05b5e4951d64a9412bf0e557e6d3) Importer(815301076,1909f56bfc062723c751e8b465ee728b)
Start importing Assets/PolygonCity/Models/SM_Veh_Car_Medium_01.fbx using Guid(9e3e05b5e4951d64a9412bf0e557e6d3) Importer(815301076,1909f56bfc062723c751e8b465ee728b)  -> (artifact id: '30896510b717d89dcaf9f96bf0eed5ce') in 0.084026 seconds 
========================================================================
Received Import Request.
  Time since last request: 0.000024 seconds.
  path: Assets/PolygonCity/Prefabs/Props/SM_Prop_PlanterWindow_02.prefab
  artifactKey: Guid(385e440e39a69044bbd3453c1caa8158) Importer(815301076,1909f56bfc062723c751e8b465ee728b)
Start importing Assets/PolygonCity/Prefabs/Props/SM_Prop_PlanterWindow_02.prefab using Guid(385e440e39a69044bbd3453c1caa8158) Importer(815301076,1909f56bfc062723c751e8b465ee728b)  -> (artifact id: '9b69ab945dae43f04739251b7d60fd70') in 0.024824 seconds 
========================================================================
Received Import Request.
  Time since last request: 0.000038 seconds.
  path: Assets/PolygonCity/Prefabs/Buildings/SM_Bld_FireEscape_03.prefab
  artifactKey: Guid(0e83389f2726cec4b805919daeccf2f6) Importer(815301076,1909f56bfc062723c751e8b465ee728b)
Start importing Assets/PolygonCity/Prefabs/Buildings/SM_Bld_FireEscape_03.prefab using Guid(0e83389f2726cec4b805919daeccf2f6) Importer(815301076,1909f56bfc062723c751e8b465ee728b)  -> (artifact id: 'be4cacd2f0a2e96454f9838b8c71bb74') in 0.024846 seconds 
========================================================================
Received Import Request.
  Time since last request: 0.000023 seconds.
  path: Assets/PolygonCity/Models/SM_Prop_Paper_03.fbx
  artifactKey: Guid(4672e905a94e7c842a52305e53f0cd20) Importer(815301076,1909f56bfc062723c751e8b465ee728b)
Start importing Assets/PolygonCity/Models/SM_Prop_Paper_03.fbx using Guid(4672e905a94e7c842a52305e53f0cd20) Importer(815301076,1909f56bfc062723c751e8b465ee728b)  -> (artifact id: '31e7fc80d6664b65d89f6decfb636280') in 0.021371 seconds 
========================================================================
Received Import Request.
  Time since last request: 0.000018 seconds.
  path: Assets/PolygonCity/Models/SM_Prop_Police_Baton_01.fbx
  artifactKey: Guid(282879460138be34ead82c2c30d4b091) Importer(815301076,1909f56bfc062723c751e8b465ee728b)
Start importing Assets/PolygonCity/Models/SM_Prop_Police_Baton_01.fbx using Guid(282879460138be34ead82c2c30d4b091) Importer(815301076,1909f56bfc062723c751e8b465ee728b)  -> (artifact id: '9fcdd34a059f6dce37e132aec678458d') in 0.018966 seconds 
========================================================================
Received Import Request.
  Time since last request: 0.000017 seconds.
  path: Assets/PolygonCity/Models/SM_Prop_ShopInterior_Display_02.fbx
  artifactKey: Guid(19a733966acc36e44b627a36017aaf0a) Importer(815301076,1909f56bfc062723c751e8b465ee728b)
Start importing Assets/PolygonCity/Models/SM_Prop_ShopInterior_Display_02.fbx using Guid(19a733966acc36e44b627a36017aaf0a) Importer(815301076,1909f56bfc062723c751e8b465ee728b)  -> (artifact id: '210b1987ac347aa65f9bf97feed22dff') in 0.016203 seconds 
========================================================================
Received Import Request.
  Time since last request: 0.000019 seconds.
  path: Assets/PolygonCity/Models/SM_Bld_Apartment_Door_Corner_02.fbx
  artifactKey: Guid(a5e18c6ed29761c42a91151011d03b39) Importer(815301076,1909f56bfc062723c751e8b465ee728b)
Start importing Assets/PolygonCity/Models/SM_Bld_Apartment_Door_Corner_02.fbx using Guid(a5e18c6ed29761c42a91151011d03b39) Importer(815301076,1909f56bfc062723c751e8b465ee728b)  -> (artifact id: '11801356d88caf95d45ac1b8fcec3b51') in 0.015694 seconds 
========================================================================
Received Import Request.
  Time since last request: 0.000025 seconds.
  path: Assets/PolygonCity/Models/SM_Prop_Pipe_Part_Straight_01.fbx
  artifactKey: Guid(1a0e9ff6b887f2a48a1b1ed08dd3ade1) Importer(815301076,1909f56bfc062723c751e8b465ee728b)
Start importing Assets/PolygonCity/Models/SM_Prop_Pipe_Part_Straight_01.fbx using Guid(1a0e9ff6b887f2a48a1b1ed08dd3ade1) Importer(815301076,1909f56bfc062723c751e8b465ee728b)  -> (artifact id: '18f81665ffd864cba97cf053e7a5e984') in 0.019734 seconds 
========================================================================
Received Import Request.
  Time since last request: 0.000022 seconds.
  path: Assets/PolygonCity/Models/SM_Prop_Sign_Arrow_01.fbx
  artifactKey: Guid(09e6867afb767c24f9d68081e59eb4f3) Importer(815301076,1909f56bfc062723c751e8b465ee728b)
Start importing Assets/PolygonCity/Models/SM_Prop_Sign_Arrow_01.fbx using Guid(09e6867afb767c24f9d68081e59eb4f3) Importer(815301076,1909f56bfc062723c751e8b465ee728b)  -> (artifact id: '3d3b2b7590d5792ffc9a592379f365c2') in 0.020350 seconds 
========================================================================
Received Import Request.
  Time since last request: 0.000026 seconds.
  path: Assets/PolygonCity/Models/SM_Prop_ShopInterior_Shelf_01.fbx
  artifactKey: Guid(cbb10bac1aa67344482814d97bba4728) Importer(815301076,1909f56bfc062723c751e8b465ee728b)
Start importing Assets/PolygonCity/Models/SM_Prop_ShopInterior_Shelf_01.fbx using Guid(cbb10bac1aa67344482814d97bba4728) Importer(815301076,1909f56bfc062723c751e8b465ee728b)  -> (artifact id: 'e985474bc73fa4d1468cf571c53e4f1f') in 0.014336 seconds 
========================================================================
Received Import Request.
  Time since last request: 0.000020 seconds.
  path: Assets/PolygonCity/Models/SM_Prop_Roof_Aircon_01.fbx
  artifactKey: Guid(77fb40c6132e8e145ab24a19d6e0aa63) Importer(815301076,1909f56bfc062723c751e8b465ee728b)
Start importing Assets/PolygonCity/Models/SM_Prop_Roof_Aircon_01.fbx using Guid(77fb40c6132e8e145ab24a19d6e0aa63) Importer(815301076,1909f56bfc062723c751e8b465ee728b)  -> (artifact id: 'd4e7244a19116daf46b8e12bcff4b973') in 0.018734 seconds 
========================================================================
Received Import Request.
  Time since last request: 0.000024 seconds.
  path: Assets/PolygonCity/Models/SM_Prop_Billboard_Sign_03.fbx
  artifactKey: Guid(3f5b541fabe8ff346b2597b1e81e3f06) Importer(815301076,1909f56bfc062723c751e8b465ee728b)
Start importing Assets/PolygonCity/Models/SM_Prop_Billboard_Sign_03.fbx using Guid(3f5b541fabe8ff346b2597b1e81e3f06) Importer(815301076,1909f56bfc062723c751e8b465ee728b)  -> (artifact id: '5530e00c1c79550da1faea952ec2aada') in 0.020290 seconds 
========================================================================
Received Import Request.
  Time since last request: 0.000038 seconds.
  path: Assets/PolygonCity/Models/SM_Prop_LightPole_Box_01.fbx
  artifactKey: Guid(1c1345b159956db41b2c95e65f6dd86c) Importer(815301076,1909f56bfc062723c751e8b465ee728b)
Start importing Assets/PolygonCity/Models/SM_Prop_LightPole_Box_01.fbx using Guid(1c1345b159956db41b2c95e65f6dd86c) Importer(815301076,1909f56bfc062723c751e8b465ee728b)  -> (artifact id: 'd25c2d3f473abc9aeef01aa2851d6b9f') in 0.016135 seconds 
========================================================================
Received Import Request.
  Time since last request: 0.000023 seconds.
  path: Assets/PolygonCity/Prefabs/Props/SM_Prop_Sign_Attachment_02.prefab
  artifactKey: Guid(0b0db9af9ba2ab54893ab175e0030f03) Importer(815301076,1909f56bfc062723c751e8b465ee728b)
Start importing Assets/PolygonCity/Prefabs/Props/SM_Prop_Sign_Attachment_02.prefab using Guid(0b0db9af9ba2ab54893ab175e0030f03) Importer(815301076,1909f56bfc062723c751e8b465ee728b)  -> (artifact id: '34b2172bfe41ea87334e013056712571') in 0.024184 seconds 
========================================================================
Received Import Request.
  Time since last request: 0.000034 seconds.
  path: Assets/PolygonCity/Models/SM_Prop_TrafficLight_02.fbx
  artifactKey: Guid(1c6b66b9662e5614fa28535a720bc0c9) Importer(815301076,1909f56bfc062723c751e8b465ee728b)
Start importing Assets/PolygonCity/Models/SM_Prop_TrafficLight_02.fbx using Guid(1c6b66b9662e5614fa28535a720bc0c9) Importer(815301076,1909f56bfc062723c751e8b465ee728b)  -> (artifact id: '5b669cbef3f4fa3ccd51090f0b01f384') in 0.020971 seconds 
========================================================================
Received Import Request.
  Time since last request: 0.000020 seconds.
  path: Assets/PolygonCity/Models/SM_Prop_Paper_02.fbx
  artifactKey: Guid(a0f09514e6d8beb4bb4d670739f7f4fd) Importer(815301076,1909f56bfc062723c751e8b465ee728b)
Start importing Assets/PolygonCity/Models/SM_Prop_Paper_02.fbx using Guid(a0f09514e6d8beb4bb4d670739f7f4fd) Importer(815301076,1909f56bfc062723c751e8b465ee728b)  -> (artifact id: '996c5f4bbddb4b7e9b554cf3bd492aea') in 0.014402 seconds 
========================================================================
Received Import Request.
  Time since last request: 0.000022 seconds.
  path: Assets/PolygonCity/Prefabs/Props/SM_Prop_Vents_End_01.prefab
  artifactKey: Guid(827ae48cedbbd6543817a37cb59dab8d) Importer(815301076,1909f56bfc062723c751e8b465ee728b)
Start importing Assets/PolygonCity/Prefabs/Props/SM_Prop_Vents_End_01.prefab using Guid(827ae48cedbbd6543817a37cb59dab8d) Importer(815301076,1909f56bfc062723c751e8b465ee728b)  -> (artifact id: 'b960c4c7422bec5bca4aa8c5c8929d01') in 0.023147 seconds 
========================================================================
Received Import Request.
  Time since last request: 0.000023 seconds.
  path: Assets/PolygonCity/Prefabs/Props/SM_Prop_Billboard_Sign_02.prefab
  artifactKey: Guid(017a6f5ce43f6d74ca746ed804873917) Importer(815301076,1909f56bfc062723c751e8b465ee728b)
Start importing Assets/PolygonCity/Prefabs/Props/SM_Prop_Billboard_Sign_02.prefab using Guid(017a6f5ce43f6d74ca746ed804873917) Importer(815301076,1909f56bfc062723c751e8b465ee728b)  -> (artifact id: '00f71e614f0f263e7ba82bbd30870f12') in 0.012101 seconds 
========================================================================
Received Import Request.
  Time since last request: 0.000032 seconds.
  path: Assets/PolygonCity/Models/SM_Prop_Door_01.fbx
  artifactKey: Guid(46e2ced59c8b8024394bfcf3c53c8788) Importer(815301076,1909f56bfc062723c751e8b465ee728b)
Start importing Assets/PolygonCity/Models/SM_Prop_Door_01.fbx using Guid(46e2ced59c8b8024394bfcf3c53c8788) Importer(815301076,1909f56bfc062723c751e8b465ee728b)  -> (artifact id: '5a4fccefd517ff1766f32bad0d98fb6b') in 0.019872 seconds 
========================================================================
Received Import Request.
  Time since last request: 0.000020 seconds.
  path: Assets/PolygonCity/Models/SM_Env_Sidewalk_Dip_Corner_01.fbx
  artifactKey: Guid(6b506b360e764ff48a511f0278060479) Importer(815301076,1909f56bfc062723c751e8b465ee728b)
Start importing Assets/PolygonCity/Models/SM_Env_Sidewalk_Dip_Corner_01.fbx using Guid(6b506b360e764ff48a511f0278060479) Importer(815301076,1909f56bfc062723c751e8b465ee728b)  -> (artifact id: 'd15ac2432f6fe4ecdaadc3df192c3a5e') in 0.019330 seconds 
========================================================================
Received Import Request.
  Time since last request: 0.000023 seconds.
  path: Assets/PolygonCity/Prefabs/Props/SM_Prop_Pipe_Part_Straight_01.prefab
  artifactKey: Guid(42e94ce5732df054f8a422b0b283aef8) Importer(815301076,1909f56bfc062723c751e8b465ee728b)
Start importing Assets/PolygonCity/Prefabs/Props/SM_Prop_Pipe_Part_Straight_01.prefab using Guid(42e94ce5732df054f8a422b0b283aef8) Importer(815301076,1909f56bfc062723c751e8b465ee728b)  -> (artifact id: '07ea21f339f79f9710f9a41434106e90') in 0.017831 seconds 
========================================================================
Received Import Request.
  Time since last request: 0.000037 seconds.
  path: Assets/PolygonCity/Models/SM_Bld_OfficeSquare_01.fbx
  artifactKey: Guid(97a41753a685efc43b2def492fb0dea5) Importer(815301076,1909f56bfc062723c751e8b465ee728b)
Start importing Assets/PolygonCity/Models/SM_Bld_OfficeSquare_01.fbx using Guid(97a41753a685efc43b2def492fb0dea5) Importer(815301076,1909f56bfc062723c751e8b465ee728b)  -> (artifact id: '5fa5d8ee769a8eb92a4578a2486602f8') in 0.019734 seconds 
========================================================================
Received Import Request.
  Time since last request: 0.000025 seconds.
  path: Assets/PolygonCity/Models/SM_Bld_Apartment_Door_01.fbx
  artifactKey: Guid(b4e92f91613439040b43108a49a4f3b3) Importer(815301076,1909f56bfc062723c751e8b465ee728b)
Start importing Assets/PolygonCity/Models/SM_Bld_Apartment_Door_01.fbx using Guid(b4e92f91613439040b43108a49a4f3b3) Importer(815301076,1909f56bfc062723c751e8b465ee728b)  -> (artifact id: 'c035f8c7fe5743ed50d43de811970cc7') in 0.014147 seconds 
========================================================================
Received Import Request.
  Time since last request: 0.000019 seconds.
  path: Assets/PolygonCity/Prefabs/Vehicles/SM_Veh_Steering_Wheel_01.prefab
  artifactKey: Guid(722e3b426f61a5e44b0cfe828760da3e) Importer(815301076,1909f56bfc062723c751e8b465ee728b)
Start importing Assets/PolygonCity/Prefabs/Vehicles/SM_Veh_Steering_Wheel_01.prefab using Guid(722e3b426f61a5e44b0cfe828760da3e) Importer(815301076,1909f56bfc062723c751e8b465ee728b)  -> (artifact id: '59c4eebbaa9f71235192d4cd8b31c3dd') in 0.018911 seconds 
========================================================================
Received Import Request.
  Time since last request: 0.000027 seconds.
  path: Assets/PolygonCity/Models/SM_Veh_Car_Police_01.fbx
  artifactKey: Guid(1b9e9f93cf8ada14b8dfb8c9c1b35002) Importer(815301076,1909f56bfc062723c751e8b465ee728b)
Start importing Assets/PolygonCity/Models/SM_Veh_Car_Police_01.fbx using Guid(1b9e9f93cf8ada14b8dfb8c9c1b35002) Importer(815301076,1909f56bfc062723c751e8b465ee728b)  -> (artifact id: 'cd00296e448fc5e9e0fafa62ef9b8809') in 0.102539 seconds 
========================================================================
Received Import Request.
  Time since last request: 0.000039 seconds.
  path: Assets/PolygonCity/Models/SM_Env_GrassPath_Junction_01.fbx
  artifactKey: Guid(e76b994765a9bd24da1b215505b251a1) Importer(815301076,1909f56bfc062723c751e8b465ee728b)
Start importing Assets/PolygonCity/Models/SM_Env_GrassPath_Junction_01.fbx using Guid(e76b994765a9bd24da1b215505b251a1) Importer(815301076,1909f56bfc062723c751e8b465ee728b)  -> (artifact id: '5922810c4a29d7f34a4ba7ee2abb11d5') in 0.017726 seconds 
========================================================================
Received Import Request.
  Time since last request: 0.000037 seconds.
  path: Assets/PolygonCity/Models/SM_Prop_Sign_GiveWay_02.fbx
  artifactKey: Guid(de2e9c076df30a943a2b7ecd0d1972f9) Importer(815301076,1909f56bfc062723c751e8b465ee728b)
Start importing Assets/PolygonCity/Models/SM_Prop_Sign_GiveWay_02.fbx using Guid(de2e9c076df30a943a2b7ecd0d1972f9) Importer(815301076,1909f56bfc062723c751e8b465ee728b)  -> (artifact id: 'b61b65d2f7483196c6c00da02c593f25') in 0.015759 seconds 
========================================================================
Received Import Request.
  Time since last request: 0.000028 seconds.
  path: Assets/PolygonCity/Prefabs/Props/SM_Prop_Sign_Arrow_01.prefab
  artifactKey: Guid(d5ff5bf0c6b69b44db782ab5fcee2d7e) Importer(815301076,1909f56bfc062723c751e8b465ee728b)
Start importing Assets/PolygonCity/Prefabs/Props/SM_Prop_Sign_Arrow_01.prefab using Guid(d5ff5bf0c6b69b44db782ab5fcee2d7e) Importer(815301076,1909f56bfc062723c751e8b465ee728b)  -> (artifact id: '5f5678f4fa55571ed703f31de90b1df5') in 0.019314 seconds 
========================================================================
Received Import Request.
  Time since last request: 0.000056 seconds.
  path: Assets/PolygonCity/Models/SM_Prop_LightPole_CrossButton_01.fbx
  artifactKey: Guid(0163278e6a1e5d74099ded2c752faa2c) Importer(815301076,1909f56bfc062723c751e8b465ee728b)
Start importing Assets/PolygonCity/Models/SM_Prop_LightPole_CrossButton_01.fbx using Guid(0163278e6a1e5d74099ded2c752faa2c) Importer(815301076,1909f56bfc062723c751e8b465ee728b)  -> (artifact id: 'bd7c9dad1c0db9ed8779340be107c0e5') in 0.022438 seconds 
========================================================================
Received Import Request.
  Time since last request: 0.000034 seconds.
  path: Assets/PolygonCity/Models/SM_Prop_Pipe_Part_Corner_01.fbx
  artifactKey: Guid(abd37f546e0fac146a8fbdbf9324a0b2) Importer(815301076,1909f56bfc062723c751e8b465ee728b)
Start importing Assets/PolygonCity/Models/SM_Prop_Pipe_Part_Corner_01.fbx using Guid(abd37f546e0fac146a8fbdbf9324a0b2) Importer(815301076,1909f56bfc062723c751e8b465ee728b)  -> (artifact id: 'f5a069685f23ee6614bf1d2ce0b1a74d') in 0.015801 seconds 
========================================================================
Received Import Request.
  Time since last request: 0.000023 seconds.
  path: Assets/PolygonCity/Prefabs/Props/SM_Prop_Deckchair_01.prefab
  artifactKey: Guid(a04f6e9f627e52c4ab26cb420ab6401f) Importer(815301076,1909f56bfc062723c751e8b465ee728b)
Start importing Assets/PolygonCity/Prefabs/Props/SM_Prop_Deckchair_01.prefab using Guid(a04f6e9f627e52c4ab26cb420ab6401f) Importer(815301076,1909f56bfc062723c751e8b465ee728b)  -> (artifact id: 'd09757996dd383522c336944094e362d') in 0.023432 seconds 
========================================================================
Received Import Request.
  Time since last request: 0.000018 seconds.
  path: Assets/PolygonCity/Models/SM_Bld_OfficeSquare_03.fbx
  artifactKey: Guid(445a221c4fea9cf4296c5bedd40aa0ba) Importer(815301076,1909f56bfc062723c751e8b465ee728b)
Start importing Assets/PolygonCity/Models/SM_Bld_OfficeSquare_03.fbx using Guid(445a221c4fea9cf4296c5bedd40aa0ba) Importer(815301076,1909f56bfc062723c751e8b465ee728b)  -> (artifact id: 'b2a7ca325daafb943aab6dbf62128058') in 0.014121 seconds 
========================================================================
Received Import Request.
  Time since last request: 0.000020 seconds.
  path: Assets/PolygonCity/Prefabs/Environments/SM_Env_Road_Median_01.prefab
  artifactKey: Guid(a7995c77c0122324ca14027eaff6b47f) Importer(815301076,1909f56bfc062723c751e8b465ee728b)
Start importing Assets/PolygonCity/Prefabs/Environments/SM_Env_Road_Median_01.prefab using Guid(a7995c77c0122324ca14027eaff6b47f) Importer(815301076,1909f56bfc062723c751e8b465ee728b)  -> (artifact id: '94f2af85fbd30b53ad8c62b3671769f9') in 0.017479 seconds 
========================================================================
Received Import Request.
  Time since last request: 0.000024 seconds.
  path: Assets/PolygonCity/Models/SM_Env_WaterEdge_Pipe_01.fbx
  artifactKey: Guid(cc6ca95801c55744096d42eec7b7a49e) Importer(815301076,1909f56bfc062723c751e8b465ee728b)
Start importing Assets/PolygonCity/Models/SM_Env_WaterEdge_Pipe_01.fbx using Guid(cc6ca95801c55744096d42eec7b7a49e) Importer(815301076,1909f56bfc062723c751e8b465ee728b)  -> (artifact id: 'be7a01292e234cbf24d2e3dffa300304') in 0.020038 seconds 
========================================================================
Received Import Request.
  Time since last request: 0.000020 seconds.
  path: Assets/PolygonCity/Models/SM_Prop_ShopInterior_Shelf_02.fbx
  artifactKey: Guid(059ca0c42d405144ca917f8427c95c78) Importer(815301076,1909f56bfc062723c751e8b465ee728b)
Start importing Assets/PolygonCity/Models/SM_Prop_ShopInterior_Shelf_02.fbx using Guid(059ca0c42d405144ca917f8427c95c78) Importer(815301076,1909f56bfc062723c751e8b465ee728b)  -> (artifact id: 'd8e0b5b4b04caf904edd0576badeae2a') in 0.013684 seconds 
========================================================================
Received Import Request.
  Time since last request: 0.000018 seconds.
  path: Assets/PolygonCity/Prefabs/Props/SM_Prop_Vents_Straight_01.prefab
  artifactKey: Guid(4fa42fc4cca532640a6592f05bb6414a) Importer(815301076,1909f56bfc062723c751e8b465ee728b)
Start importing Assets/PolygonCity/Prefabs/Props/SM_Prop_Vents_Straight_01.prefab using Guid(4fa42fc4cca532640a6592f05bb6414a) Importer(815301076,1909f56bfc062723c751e8b465ee728b)  -> (artifact id: '0bd8f28582977fcf7ebf6e9287d22713') in 0.015927 seconds 
========================================================================
Received Import Request.
  Time since last request: 0.000020 seconds.
  path: Assets/PolygonCity/Models/SM_Prop_Window_01.fbx
  artifactKey: Guid(f4a376bce1d8c3842bda863d13d9711e) Importer(815301076,1909f56bfc062723c751e8b465ee728b)
Start importing Assets/PolygonCity/Models/SM_Prop_Window_01.fbx using Guid(f4a376bce1d8c3842bda863d13d9711e) Importer(815301076,1909f56bfc062723c751e8b465ee728b)  -> (artifact id: 'dd4322390184e70d054738ecf1be8f97') in 0.013603 seconds 
========================================================================
Received Import Request.
  Time since last request: 0.000024 seconds.
  path: Assets/PolygonCity/Prefabs/Environments/SM_Env_Road_ParkingLines_01.prefab
  artifactKey: Guid(13597cf796a53d543bab61fa348c4c56) Importer(815301076,1909f56bfc062723c751e8b465ee728b)
Start importing Assets/PolygonCity/Prefabs/Environments/SM_Env_Road_ParkingLines_01.prefab using Guid(13597cf796a53d543bab61fa348c4c56) Importer(815301076,1909f56bfc062723c751e8b465ee728b)  -> (artifact id: 'c97c2758a861382ffec3d3e8a97c0a34') in 0.011153 seconds 
========================================================================
Received Import Request.
  Time since last request: 0.000039 seconds.
  path: Assets/PolygonCity/Models/SM_Bld_Apartment_Roof_01.fbx
  artifactKey: Guid(f286c71f1970ade409f13a3fa171a2a3) Importer(815301076,1909f56bfc062723c751e8b465ee728b)
Start importing Assets/PolygonCity/Models/SM_Bld_Apartment_Roof_01.fbx using Guid(f286c71f1970ade409f13a3fa171a2a3) Importer(815301076,1909f56bfc062723c751e8b465ee728b)  -> (artifact id: '97c37ae05935c79673572651a8db5347') in 0.013725 seconds 
========================================================================
Received Import Request.
  Time since last request: 0.000021 seconds.
  path: Assets/PolygonCity/Models/SM_Prop_Sign_GiveWay_03.fbx
  artifactKey: Guid(01c5d01653d0e224c8f0b5cb8514fa1b) Importer(815301076,1909f56bfc062723c751e8b465ee728b)
Start importing Assets/PolygonCity/Models/SM_Prop_Sign_GiveWay_03.fbx using Guid(01c5d01653d0e224c8f0b5cb8514fa1b) Importer(815301076,1909f56bfc062723c751e8b465ee728b)  -> (artifact id: '02f11a449f65df00fed1f420167b4428') in 0.022268 seconds 
========================================================================
Received Import Request.
  Time since last request: 0.000026 seconds.
  path: Assets/PolygonCity/Models/SM_Prop_Washingline_01.fbx
  artifactKey: Guid(b0956b19562cba94ea7fe3436c24a94d) Importer(815301076,1909f56bfc062723c751e8b465ee728b)
Start importing Assets/PolygonCity/Models/SM_Prop_Washingline_01.fbx using Guid(b0956b19562cba94ea7fe3436c24a94d) Importer(815301076,1909f56bfc062723c751e8b465ee728b)  -> (artifact id: '4c8b3b7b33f27a77eab1c71b7e2ffe8f') in 0.016872 seconds 
========================================================================
Received Import Request.
  Time since last request: 0.000037 seconds.
  path: Assets/PolygonCity/Prefabs/Environments/SM_Env_WaterEdge_Straight_01.prefab
  artifactKey: Guid(91ccf0d6e58213544b5f911bb77f24c0) Importer(815301076,1909f56bfc062723c751e8b465ee728b)
Start importing Assets/PolygonCity/Prefabs/Environments/SM_Env_WaterEdge_Straight_01.prefab using Guid(91ccf0d6e58213544b5f911bb77f24c0) Importer(815301076,1909f56bfc062723c751e8b465ee728b)  -> (artifact id: '71467b16a4aae39a1446b4795c01584f') in 0.026429 seconds 
========================================================================
Received Import Request.
  Time since last request: 0.000023 seconds.
  path: Assets/PolygonCity/Prefabs/Props/SM_Prop_Sign_Hotel_01.prefab
  artifactKey: Guid(15dc232cd3fb7284497126cd68dc7ba7) Importer(815301076,1909f56bfc062723c751e8b465ee728b)
Start importing Assets/PolygonCity/Prefabs/Props/SM_Prop_Sign_Hotel_01.prefab using Guid(15dc232cd3fb7284497126cd68dc7ba7) Importer(815301076,1909f56bfc062723c751e8b465ee728b)  -> (artifact id: '31d63f0772af87cffdb23354fe9d1766') in 0.023170 seconds 
========================================================================
Received Import Request.
  Time since last request: 0.000031 seconds.
  path: Assets/PolygonCity/Prefabs/Props/SM_Prop_ShopInterior_Shelf_04.prefab
  artifactKey: Guid(a182c2a01d7be784e853dd2ecbed570e) Importer(815301076,1909f56bfc062723c751e8b465ee728b)
Start importing Assets/PolygonCity/Prefabs/Props/SM_Prop_ShopInterior_Shelf_04.prefab using Guid(a182c2a01d7be784e853dd2ecbed570e) Importer(815301076,1909f56bfc062723c751e8b465ee728b)  -> (artifact id: '17ff2e6a0588b08fe15224cd09fa8e10') in 0.022694 seconds 
========================================================================
Received Import Request.
  Time since last request: 0.000018 seconds.
  path: Assets/PolygonCity/Models/SM_Prop_Poster_03.fbx
  artifactKey: Guid(eedb3e89c519d8b48a77752541eecfb8) Importer(815301076,1909f56bfc062723c751e8b465ee728b)
Start importing Assets/PolygonCity/Models/SM_Prop_Poster_03.fbx using Guid(eedb3e89c519d8b48a77752541eecfb8) Importer(815301076,1909f56bfc062723c751e8b465ee728b)  -> (artifact id: 'd959be81bbb376a875ec47b69fa385ec') in 0.018087 seconds 
========================================================================
Received Import Request.
  Time since last request: 0.000030 seconds.
  path: Assets/PolygonCity/Models/SM_Prop_PicnicTable_01.fbx
  artifactKey: Guid(c454f6aff46058043ab43e59d0b536ec) Importer(815301076,1909f56bfc062723c751e8b465ee728b)
Start importing Assets/PolygonCity/Models/SM_Prop_PicnicTable_01.fbx using Guid(c454f6aff46058043ab43e59d0b536ec) Importer(815301076,1909f56bfc062723c751e8b465ee728b)  -> (artifact id: '4586cd0b934fbfb3bc5cf3b2e6d65acf') in 0.019300 seconds 
========================================================================
Received Import Request.
  Time since last request: 0.000050 seconds.
  path: Assets/PolygonCity/Models/SM_Prop_Manhole_02.fbx
  artifactKey: Guid(1e0d510f17a83f043a2e1e4619bf180c) Importer(815301076,1909f56bfc062723c751e8b465ee728b)
Start importing Assets/PolygonCity/Models/SM_Prop_Manhole_02.fbx using Guid(1e0d510f17a83f043a2e1e4619bf180c) Importer(815301076,1909f56bfc062723c751e8b465ee728b)  -> (artifact id: 'ed7971d9e2898f148a3afe216687e728') in 0.020834 seconds 
========================================================================
Received Import Request.
  Time since last request: 0.000036 seconds.
  path: Assets/PolygonCity/Models/SM_Prop_LargeSign_BowlingPin_01.fbx
  artifactKey: Guid(8a3feb3a678b0744580b34e250d24606) Importer(815301076,1909f56bfc062723c751e8b465ee728b)
Start importing Assets/PolygonCity/Models/SM_Prop_LargeSign_BowlingPin_01.fbx using Guid(8a3feb3a678b0744580b34e250d24606) Importer(815301076,1909f56bfc062723c751e8b465ee728b)  -> (artifact id: '840dd73d79bba40afe5c723d022d54ff') in 0.021327 seconds 
========================================================================
Received Import Request.
  Time since last request: 0.000029 seconds.
  path: Assets/PolygonCity/Prefabs/Props/SM_Prop_PicnicTable_01.prefab
  artifactKey: Guid(41513fd395dbe4942ae6a147484bc996) Importer(815301076,1909f56bfc062723c751e8b465ee728b)
Start importing Assets/PolygonCity/Prefabs/Props/SM_Prop_PicnicTable_01.prefab using Guid(41513fd395dbe4942ae6a147484bc996) Importer(815301076,1909f56bfc062723c751e8b465ee728b)  -> (artifact id: '4e72a5d52c216a3b3df899b035dd9596') in 0.017546 seconds 
========================================================================
Received Import Request.
  Time since last request: 0.000026 seconds.
  path: Assets/PolygonCity/Prefabs/Props/SM_Prop_Billboard_Sign_06.prefab
  artifactKey: Guid(f7538ab1dc37c8e49b7d76fd462c53eb) Importer(815301076,1909f56bfc062723c751e8b465ee728b)
Start importing Assets/PolygonCity/Prefabs/Props/SM_Prop_Billboard_Sign_06.prefab using Guid(f7538ab1dc37c8e49b7d76fd462c53eb) Importer(815301076,1909f56bfc062723c751e8b465ee728b)  -> (artifact id: '528160b5e556efe90f9dfc5ef1b2acab') in 0.015850 seconds 
========================================================================
Received Import Request.
  Time since last request: 0.000024 seconds.
  path: Assets/PolygonCity/Prefabs/Environments/SM_Env_WaterEdge_Corner_01.prefab
  artifactKey: Guid(91023e8405ce7764eb845f4aa7f5ca0e) Importer(815301076,1909f56bfc062723c751e8b465ee728b)
Start importing Assets/PolygonCity/Prefabs/Environments/SM_Env_WaterEdge_Corner_01.prefab using Guid(91023e8405ce7764eb845f4aa7f5ca0e) Importer(815301076,1909f56bfc062723c751e8b465ee728b)  -> (artifact id: 'c24c8cce25f0b75b74a318a1f7b20e0a') in 0.024561 seconds 
========================================================================
Received Import Request.
  Time since last request: 0.000028 seconds.
  path: Assets/PolygonCity/Prefabs/Environments/Custom/SM_Env_Skyline_01.prefab
  artifactKey: Guid(c2c402e99a56ad749b560bee7cdc6b2a) Importer(815301076,1909f56bfc062723c751e8b465ee728b)
Start importing Assets/PolygonCity/Prefabs/Environments/Custom/SM_Env_Skyline_01.prefab using Guid(c2c402e99a56ad749b560bee7cdc6b2a) Importer(815301076,1909f56bfc062723c751e8b465ee728b)  -> (artifact id: 'c8762dabd6d2c758ffaabf582cbdedad') in 0.060431 seconds 
========================================================================
Received Import Request.
  Time since last request: 0.000028 seconds.
  path: Assets/PolygonCity/Models/SM_Bld_Station_01.fbx
  artifactKey: Guid(26af0a0b3f41b964f81f83742925c1e9) Importer(815301076,1909f56bfc062723c751e8b465ee728b)
Start importing Assets/PolygonCity/Models/SM_Bld_Station_01.fbx using Guid(26af0a0b3f41b964f81f83742925c1e9) Importer(815301076,1909f56bfc062723c751e8b465ee728b)  -> (artifact id: 'bd38ab2adc987a7e4032592a2e8023cb') in 0.021255 seconds 
========================================================================
Received Import Request.
  Time since last request: 0.000025 seconds.
  path: Assets/PolygonCity/Prefabs/Buildings/SM_Bld_Shop_01.prefab
  artifactKey: Guid(ade248290e90bae40b4a349101c343c8) Importer(815301076,1909f56bfc062723c751e8b465ee728b)
Start importing Assets/PolygonCity/Prefabs/Buildings/SM_Bld_Shop_01.prefab using Guid(ade248290e90bae40b4a349101c343c8) Importer(815301076,1909f56bfc062723c751e8b465ee728b)  -> (artifact id: 'bb24b93d84a4636224b84b816cd51449') in 0.175404 seconds 
========================================================================
Received Import Request.
  Time since last request: 0.000024 seconds.
  path: Assets/PolygonCity/FX/FX_Steam.prefab
  artifactKey: Guid(de0fb8fabb4497b4fb140cddb057abbf) Importer(815301076,1909f56bfc062723c751e8b465ee728b)
Start importing Assets/PolygonCity/FX/FX_Steam.prefab using Guid(de0fb8fabb4497b4fb140cddb057abbf) Importer(815301076,1909f56bfc062723c751e8b465ee728b)  -> (artifact id: '7f58d0b79b755f6c00339e676a7eefe8') in 0.012878 seconds 
========================================================================
Received Import Request.
  Time since last request: 0.000027 seconds.
  path: Assets/PolygonCity/Models/SM_Bld_Apartment_Stack_01.fbx
  artifactKey: Guid(702411931968ddf488d1b4a073900bce) Importer(815301076,1909f56bfc062723c751e8b465ee728b)
Start importing Assets/PolygonCity/Models/SM_Bld_Apartment_Stack_01.fbx using Guid(702411931968ddf488d1b4a073900bce) Importer(815301076,1909f56bfc062723c751e8b465ee728b)  -> (artifact id: 'e7cfe03363a0e0dc8fa5b944c5597d58') in 0.015136 seconds 
========================================================================
Received Import Request.
  Time since last request: 0.000021 seconds.
  path: Assets/PolygonCity/Models/SM_Bld_Apartment_Stairs_Planter_02.fbx
  artifactKey: Guid(ea6e40021f37f144fa8e4f7e623b42dc) Importer(815301076,1909f56bfc062723c751e8b465ee728b)
Start importing Assets/PolygonCity/Models/SM_Bld_Apartment_Stairs_Planter_02.fbx using Guid(ea6e40021f37f144fa8e4f7e623b42dc) Importer(815301076,1909f56bfc062723c751e8b465ee728b)  -> (artifact id: 'd0d75a3bc325666da0f352fd2a9fff84') in 0.013903 seconds 
========================================================================
Received Import Request.
  Time since last request: 0.000022 seconds.
  path: Assets/PolygonCity/Models/SM_Bld_Shop_01.fbx
  artifactKey: Guid(d875b9ce96fd6cf4bb90e507580835d9) Importer(815301076,1909f56bfc062723c751e8b465ee728b)
Start importing Assets/PolygonCity/Models/SM_Bld_Shop_01.fbx using Guid(d875b9ce96fd6cf4bb90e507580835d9) Importer(815301076,1909f56bfc062723c751e8b465ee728b)  -> (artifact id: 'a124b04f6f93725898e49ad779cf7e93') in 0.023932 seconds 
========================================================================
Received Import Request.
  Time since last request: 0.000031 seconds.
  path: Assets/PolygonCity/Models/SM_Bld_Apartment_Roof_Corner_01.fbx
  artifactKey: Guid(bbde8de1b2547d54cb932fa9ac4ce702) Importer(815301076,1909f56bfc062723c751e8b465ee728b)
Start importing Assets/PolygonCity/Models/SM_Bld_Apartment_Roof_Corner_01.fbx using Guid(bbde8de1b2547d54cb932fa9ac4ce702) Importer(815301076,1909f56bfc062723c751e8b465ee728b)  -> (artifact id: 'dc7199dc52546e11344f3c7fd00d8918') in 0.014407 seconds 
========================================================================
Received Import Request.
  Time since last request: 0.000022 seconds.
  path: Assets/PolygonCity/FX/FX_Rain.prefab
  artifactKey: Guid(004c0bf81fbf1a342af7262f965b564f) Importer(815301076,1909f56bfc062723c751e8b465ee728b)
Start importing Assets/PolygonCity/FX/FX_Rain.prefab using Guid(004c0bf81fbf1a342af7262f965b564f) Importer(815301076,1909f56bfc062723c751e8b465ee728b)  -> (artifact id: '21d754fd26d863019f9fe2cde680ffc7') in 0.014095 seconds 
========================================================================
Received Import Request.
  Time since last request: 0.000029 seconds.
  path: Assets/PolygonCity/Models/SM_Env_Sidewalk_01.fbx
  artifactKey: Guid(1e6c3b705c9a0584b8be24361acd65ce) Importer(815301076,1909f56bfc062723c751e8b465ee728b)
Start importing Assets/PolygonCity/Models/SM_Env_Sidewalk_01.fbx using Guid(1e6c3b705c9a0584b8be24361acd65ce) Importer(815301076,1909f56bfc062723c751e8b465ee728b)  -> (artifact id: '6e14923ace226df07617810fe3a48d0d') in 0.019639 seconds 
========================================================================
Received Import Request.
  Time since last request: 0.000023 seconds.
  path: Assets/PolygonCity/Models/SM_Prop_Billboard_Sign_06.fbx
  artifactKey: Guid(0dbccc3738da3a543a017b523898229c) Importer(815301076,1909f56bfc062723c751e8b465ee728b)
Start importing Assets/PolygonCity/Models/SM_Prop_Billboard_Sign_06.fbx using Guid(0dbccc3738da3a543a017b523898229c) Importer(815301076,1909f56bfc062723c751e8b465ee728b)  -> (artifact id: '6f726fa7830ee8cf77b63b46f7cef1af') in 0.012408 seconds 
========================================================================
Received Import Request.
  Time since last request: 0.000027 seconds.
  path: Assets/PolygonCity/Prefabs/Props/SM_Prop_Phones_01.prefab
  artifactKey: Guid(521c305b3d17bc149affb6c1f1016889) Importer(815301076,1909f56bfc062723c751e8b465ee728b)
Start importing Assets/PolygonCity/Prefabs/Props/SM_Prop_Phones_01.prefab using Guid(521c305b3d17bc149affb6c1f1016889) Importer(815301076,1909f56bfc062723c751e8b465ee728b)  -> (artifact id: 'f6402454df1d8f25785d02637af1b4f4') in 0.025063 seconds 
========================================================================
Received Import Request.
  Time since last request: 0.000032 seconds.
  path: Assets/PolygonCity/Models/SM_Env_Road_YellowLines_02.fbx
  artifactKey: Guid(7571162363128f04bab09626d315bc80) Importer(815301076,1909f56bfc062723c751e8b465ee728b)
Start importing Assets/PolygonCity/Models/SM_Env_Road_YellowLines_02.fbx using Guid(7571162363128f04bab09626d315bc80) Importer(815301076,1909f56bfc062723c751e8b465ee728b)  -> (artifact id: '56374677fff910dc4f44c288f279f59e') in 0.014536 seconds 
========================================================================
Received Import Request.
  Time since last request: 0.000025 seconds.
  path: Assets/PolygonCity/Prefabs/Props/SM_Prop_ShopInterior_Table_01.prefab
  artifactKey: Guid(2f4d900fcaef08b41a8e29001211a0cc) Importer(815301076,1909f56bfc062723c751e8b465ee728b)
Start importing Assets/PolygonCity/Prefabs/Props/SM_Prop_ShopInterior_Table_01.prefab using Guid(2f4d900fcaef08b41a8e29001211a0cc) Importer(815301076,1909f56bfc062723c751e8b465ee728b)  -> (artifact id: '496c4077a8a46f553f661579a2a36481') in 0.024705 seconds 
========================================================================
Received Import Request.
  Time since last request: 0.000033 seconds.
  path: Assets/PolygonCity/Models/SM_Prop_Poster_Frame_01.fbx
  artifactKey: Guid(0855d8a5406ac9842a765dd14a9526c2) Importer(815301076,1909f56bfc062723c751e8b465ee728b)
Start importing Assets/PolygonCity/Models/SM_Prop_Poster_Frame_01.fbx using Guid(0855d8a5406ac9842a765dd14a9526c2) Importer(815301076,1909f56bfc062723c751e8b465ee728b)  -> (artifact id: 'b4fc61a628fedad98672dd64b72a115f') in 0.020797 seconds 
========================================================================
Received Import Request.
  Time since last request: 0.000031 seconds.
  path: Assets/PolygonCity/Prefabs/Props/SM_Prop_Sign_Parking_01.prefab
  artifactKey: Guid(11a167f53a2c97047a282aec51d34096) Importer(815301076,1909f56bfc062723c751e8b465ee728b)
Start importing Assets/PolygonCity/Prefabs/Props/SM_Prop_Sign_Parking_01.prefab using Guid(11a167f53a2c97047a282aec51d34096) Importer(815301076,1909f56bfc062723c751e8b465ee728b)  -> (artifact id: '48d50db120aad622283f0eaf789682df') in 0.017518 seconds 
========================================================================
Received Import Request.
  Time since last request: 0.000039 seconds.
  path: Assets/PolygonCity/Models/SM_Bld_OfficeOld_Small_Roof_01.fbx
  artifactKey: Guid(14c76b3839bbe2847b38722447fc49ab) Importer(815301076,1909f56bfc062723c751e8b465ee728b)
Start importing Assets/PolygonCity/Models/SM_Bld_OfficeOld_Small_Roof_01.fbx using Guid(14c76b3839bbe2847b38722447fc49ab) Importer(815301076,1909f56bfc062723c751e8b465ee728b)  -> (artifact id: 'c14762c8f09e403f74f1515b83965041') in 0.018682 seconds 
========================================================================
Received Import Request.
  Time since last request: 0.000022 seconds.
  path: Assets/PolygonCity/Models/SM_Prop_TrashBag_03.fbx
  artifactKey: Guid(29d37754f17cfed4c9b307c246461f87) Importer(815301076,1909f56bfc062723c751e8b465ee728b)
Start importing Assets/PolygonCity/Models/SM_Prop_TrashBag_03.fbx using Guid(29d37754f17cfed4c9b307c246461f87) Importer(815301076,1909f56bfc062723c751e8b465ee728b)  -> (artifact id: 'e06c269fa37d85a5e65047dac1bf5fbe') in 0.014848 seconds 
========================================================================
Received Import Request.
  Time since last request: 0.000025 seconds.
  path: Assets/PolygonCity/Models/SM_Bld_Apartment_Stairs_Planter_01.fbx
  artifactKey: Guid(ff5cbf6f60105054b93e3851b435ab4b) Importer(815301076,1909f56bfc062723c751e8b465ee728b)
Start importing Assets/PolygonCity/Models/SM_Bld_Apartment_Stairs_Planter_01.fbx using Guid(ff5cbf6f60105054b93e3851b435ab4b) Importer(815301076,1909f56bfc062723c751e8b465ee728b)  -> (artifact id: '66cf831bc61c8206f51330eadcbaccce') in 0.013391 seconds 
========================================================================
Received Import Request.
  Time since last request: 0.000032 seconds.
  path: Assets/PolygonCity/Prefabs/Props/SM_Prop_Vents_Transition_01.prefab
  artifactKey: Guid(18b3fbedd678f2b4190c7c8649439033) Importer(815301076,1909f56bfc062723c751e8b465ee728b)
Start importing Assets/PolygonCity/Prefabs/Props/SM_Prop_Vents_Transition_01.prefab using Guid(18b3fbedd678f2b4190c7c8649439033) Importer(815301076,1909f56bfc062723c751e8b465ee728b)  -> (artifact id: '3c4f0a63bbcd69f1b32b01fbc0cc2b09') in 0.021861 seconds 
========================================================================
Received Import Request.
  Time since last request: 0.012320 seconds.
  path: Assets/PolygonCity/Prefabs/Props/SM_Prop_LargeSign_BowlingBall_01.prefab
  artifactKey: Guid(d01d785db09ea5f43a99f45228e63817) Importer(815301076,1909f56bfc062723c751e8b465ee728b)
Start importing Assets/PolygonCity/Prefabs/Props/SM_Prop_LargeSign_BowlingBall_01.prefab using Guid(d01d785db09ea5f43a99f45228e63817) Importer(815301076,1909f56bfc062723c751e8b465ee728b)  -> (artifact id: '9066ef2522bd988f74bfe1efcff9eddb') in 0.014413 seconds 
========================================================================
Received Import Request.
  Time since last request: 0.000020 seconds.
  path: Assets/PolygonCity/Models/SM_Env_WaterEdge_Corner_02.fbx
  artifactKey: Guid(2e93c3b6d6a3f4041bfa4ddf0e070766) Importer(815301076,1909f56bfc062723c751e8b465ee728b)
Start importing Assets/PolygonCity/Models/SM_Env_WaterEdge_Corner_02.fbx using Guid(2e93c3b6d6a3f4041bfa4ddf0e070766) Importer(815301076,1909f56bfc062723c751e8b465ee728b)  -> (artifact id: '633f98d8efa0d042e96dbab2fa68f414') in 0.012622 seconds 
========================================================================
Received Import Request.
  Time since last request: 0.000017 seconds.
  path: Assets/PolygonCity/Models/SM_Bld_FireEscape_01.fbx
  artifactKey: Guid(4fa6704011bcf2943995d62b635382b5) Importer(815301076,1909f56bfc062723c751e8b465ee728b)
Start importing Assets/PolygonCity/Models/SM_Bld_FireEscape_01.fbx using Guid(4fa6704011bcf2943995d62b635382b5) Importer(815301076,1909f56bfc062723c751e8b465ee728b)  -> (artifact id: '2d91ab49e096d0ccb92bcd9a7b8cb8ad') in 0.018343 seconds 
========================================================================
Received Import Request.
  Time since last request: 0.000026 seconds.
  path: Assets/PolygonCity/Prefabs/Buildings/SM_Bld_Shop_04.prefab
  artifactKey: Guid(6e1b6bb6069c8c446bf14668e5eda0b4) Importer(815301076,1909f56bfc062723c751e8b465ee728b)
Start importing Assets/PolygonCity/Prefabs/Buildings/SM_Bld_Shop_04.prefab using Guid(6e1b6bb6069c8c446bf14668e5eda0b4) Importer(815301076,1909f56bfc062723c751e8b465ee728b)  -> (artifact id: '6ecb7080e05e7cbeb63a0249a2f289da') in 0.023939 seconds 
========================================================================
Received Import Request.
  Time since last request: 0.000032 seconds.
  path: Assets/PolygonCity/Prefabs/Environments/SM_Env_Street_Divider_01.prefab
  artifactKey: Guid(1a66f016bbb06824eb345102a2831977) Importer(815301076,1909f56bfc062723c751e8b465ee728b)
Start importing Assets/PolygonCity/Prefabs/Environments/SM_Env_Street_Divider_01.prefab using Guid(1a66f016bbb06824eb345102a2831977) Importer(815301076,1909f56bfc062723c751e8b465ee728b)  -> (artifact id: '509a95725e104a922a424abdf69fc240') in 0.025790 seconds 
========================================================================
Received Import Request.
  Time since last request: 0.000036 seconds.
  path: Assets/PolygonCity/Prefabs/Props/SM_Prop_Power_Cables_03.prefab
  artifactKey: Guid(239828adc5be7214c8fa4d6fe7dd6aff) Importer(815301076,1909f56bfc062723c751e8b465ee728b)
Start importing Assets/PolygonCity/Prefabs/Props/SM_Prop_Power_Cables_03.prefab using Guid(239828adc5be7214c8fa4d6fe7dd6aff) Importer(815301076,1909f56bfc062723c751e8b465ee728b)  -> (artifact id: '8ac77e245174bb416a1dcade924e97f7') in 0.021025 seconds 
========================================================================
Received Import Request.
  Time since last request: 0.000032 seconds.
  path: Assets/PolygonCity/Models/SM_Prop_Sign_Hotel_01.fbx
  artifactKey: Guid(99ae44b691c03d7439c97fdaed0c5744) Importer(815301076,1909f56bfc062723c751e8b465ee728b)
Start importing Assets/PolygonCity/Models/SM_Prop_Sign_Hotel_01.fbx using Guid(99ae44b691c03d7439c97fdaed0c5744) Importer(815301076,1909f56bfc062723c751e8b465ee728b)  -> (artifact id: 'a2133abf3108845ee5c79338b8b49c3f') in 0.019334 seconds 
========================================================================
Received Import Request.
  Time since last request: 0.000034 seconds.
  path: Assets/PolygonCity/Prefabs/Vehicles/SM_Veh_Car_Muscle_01.prefab
  artifactKey: Guid(edf6cb56e12fba648b2cf1e7dfa5bf88) Importer(815301076,1909f56bfc062723c751e8b465ee728b)
Start importing Assets/PolygonCity/Prefabs/Vehicles/SM_Veh_Car_Muscle_01.prefab using Guid(edf6cb56e12fba648b2cf1e7dfa5bf88) Importer(815301076,1909f56bfc062723c751e8b465ee728b)  -> (artifact id: '02adc123394439f369759af041e5a2a8') in 0.025419 seconds 
========================================================================
Received Import Request.
  Time since last request: 0.000021 seconds.
  path: Assets/PolygonCity/Models/SM_Env_Sidewalk_Grate_01.fbx
  artifactKey: Guid(70be506fedeec4a4a846d4a211a475ca) Importer(815301076,1909f56bfc062723c751e8b465ee728b)
Start importing Assets/PolygonCity/Models/SM_Env_Sidewalk_Grate_01.fbx using Guid(70be506fedeec4a4a846d4a211a475ca) Importer(815301076,1909f56bfc062723c751e8b465ee728b)  -> (artifact id: '02fd4b4302ed70f77bf20cd5013d8253') in 0.017501 seconds 
========================================================================
Received Import Request.
  Time since last request: 0.000040 seconds.
  path: Assets/PolygonCity/Prefabs/Props/SM_Prop_Sign_Pizza_01.prefab
  artifactKey: Guid(7ab8c96f64066fb48bf1bd7d1bd465c0) Importer(815301076,1909f56bfc062723c751e8b465ee728b)
Start importing Assets/PolygonCity/Prefabs/Props/SM_Prop_Sign_Pizza_01.prefab using Guid(7ab8c96f64066fb48bf1bd7d1bd465c0) Importer(815301076,1909f56bfc062723c751e8b465ee728b)  -> (artifact id: 'ec162a2eaa03d0ee4b2b591d1c01fe20') in 0.026585 seconds 
========================================================================
Received Import Request.
  Time since last request: 0.000025 seconds.
  path: Assets/PolygonCity/Prefabs/Buildings/SM_Bld_Shop_05.prefab
  artifactKey: Guid(77dd7072ed0a2784d87c474eb9a288b7) Importer(815301076,1909f56bfc062723c751e8b465ee728b)
Start importing Assets/PolygonCity/Prefabs/Buildings/SM_Bld_Shop_05.prefab using Guid(77dd7072ed0a2784d87c474eb9a288b7) Importer(815301076,1909f56bfc062723c751e8b465ee728b)  -> (artifact id: '0ba628cf829f3a80c0d3dcb0836d23b5') in 0.019474 seconds 
========================================================================
Received Import Request.
  Time since last request: 0.000034 seconds.
  path: Assets/PolygonCity/Prefabs/Environments/SM_Env_Sidewalk_01.prefab
  artifactKey: Guid(260ea4bf1ba71314c9c3833b491586bc) Importer(815301076,1909f56bfc062723c751e8b465ee728b)
Start importing Assets/PolygonCity/Prefabs/Environments/SM_Env_Sidewalk_01.prefab using Guid(260ea4bf1ba71314c9c3833b491586bc) Importer(815301076,1909f56bfc062723c751e8b465ee728b)  -> (artifact id: '0bebff73c1fc56c922d29292adb7b4fe') in 0.015615 seconds 
========================================================================
Received Import Request.
  Time since last request: 0.000036 seconds.
  path: Assets/PolygonCity/Models/SM_Prop_Deckchair_01.fbx
  artifactKey: Guid(6a4427b535f508a4b838389f0927e007) Importer(815301076,1909f56bfc062723c751e8b465ee728b)
Start importing Assets/PolygonCity/Models/SM_Prop_Deckchair_01.fbx using Guid(6a4427b535f508a4b838389f0927e007) Importer(815301076,1909f56bfc062723c751e8b465ee728b)  -> (artifact id: 'd4ae795b92e145e90e343ab7ec68139c') in 0.017801 seconds 
========================================================================
Received Import Request.
  Time since last request: 0.000035 seconds.
  path: Assets/PolygonCity/Models/Collisions/SM_Bld_Apartment_Stairs_02_Collision.fbx
  artifactKey: Guid(d727ed3d685501b45af77bdb4fb61185) Importer(815301076,1909f56bfc062723c751e8b465ee728b)
Start importing Assets/PolygonCity/Models/Collisions/SM_Bld_Apartment_Stairs_02_Collision.fbx using Guid(d727ed3d685501b45af77bdb4fb61185) Importer(815301076,1909f56bfc062723c751e8b465ee728b)  -> (artifact id: '6470801322337c2357b3760d4648cf61') in 0.018961 seconds 
========================================================================
Received Import Request.
  Time since last request: 0.000049 seconds.
  path: Assets/PolygonCity/Prefabs/Props/SM_Prop_Paper_03.prefab
  artifactKey: Guid(97d18204e4538e64f9bdf47d8db7c5e5) Importer(815301076,1909f56bfc062723c751e8b465ee728b)
Start importing Assets/PolygonCity/Prefabs/Props/SM_Prop_Paper_03.prefab using Guid(97d18204e4538e64f9bdf47d8db7c5e5) Importer(815301076,1909f56bfc062723c751e8b465ee728b)  -> (artifact id: '838016ce6fd698e549eacddc15b48ee8') in 0.021771 seconds 
========================================================================
Received Import Request.
  Time since last request: 0.000025 seconds.
  path: Assets/PolygonCity/Models/SM_Prop_TrafficLight_03.fbx
  artifactKey: Guid(6631bb6f34c942344946843a32d0bc5c) Importer(815301076,1909f56bfc062723c751e8b465ee728b)
Start importing Assets/PolygonCity/Models/SM_Prop_TrafficLight_03.fbx using Guid(6631bb6f34c942344946843a32d0bc5c) Importer(815301076,1909f56bfc062723c751e8b465ee728b)  -> (artifact id: '97fd443cb4f6968490353f95c46b5bb4') in 0.027134 seconds 
========================================================================
Received Import Request.
  Time since last request: 0.000025 seconds.
  path: Assets/PolygonCity/Models/SM_Env_Bridge_Underside_01.fbx
  artifactKey: Guid(7a8d178a35915044ea1966d30603db1a) Importer(815301076,1909f56bfc062723c751e8b465ee728b)
Start importing Assets/PolygonCity/Models/SM_Env_Bridge_Underside_01.fbx using Guid(7a8d178a35915044ea1966d30603db1a) Importer(815301076,1909f56bfc062723c751e8b465ee728b)  -> (artifact id: '58fe7f48437254c1f03b39fd3c6b129f') in 0.017110 seconds 
========================================================================
Received Import Request.
  Time since last request: 0.000030 seconds.
  path: Assets/PolygonCity/Prefabs/Environments/SM_Env_Sidewalk_Straight_02.prefab
  artifactKey: Guid(34bd91b097c07bb44bea4694542e023b) Importer(815301076,1909f56bfc062723c751e8b465ee728b)
Start importing Assets/PolygonCity/Prefabs/Environments/SM_Env_Sidewalk_Straight_02.prefab using Guid(34bd91b097c07bb44bea4694542e023b) Importer(815301076,1909f56bfc062723c751e8b465ee728b)  -> (artifact id: '0186a387e74990b734d1d78cc93f812f') in 0.021542 seconds 
========================================================================
Received Import Request.
  Time since last request: 0.000027 seconds.
  path: Assets/PolygonCity/Models/SM_Prop_Vents_Exhaust_01.fbx
  artifactKey: Guid(15e1be82fb901994e9705b19c52b3443) Importer(815301076,1909f56bfc062723c751e8b465ee728b)
Start importing Assets/PolygonCity/Models/SM_Prop_Vents_Exhaust_01.fbx using Guid(15e1be82fb901994e9705b19c52b3443) Importer(815301076,1909f56bfc062723c751e8b465ee728b)  -> (artifact id: 'fb6b85c354893c988a7f272b5511a64c') in 0.015473 seconds 
========================================================================
Received Import Request.
  Time since last request: 0.000025 seconds.
  path: Assets/PolygonCity/Models/SM_Prop_Sign_XXX_01.fbx
  artifactKey: Guid(9b34ed2ae3da2b64d8678221f68a21df) Importer(815301076,1909f56bfc062723c751e8b465ee728b)
Start importing Assets/PolygonCity/Models/SM_Prop_Sign_XXX_01.fbx using Guid(9b34ed2ae3da2b64d8678221f68a21df) Importer(815301076,1909f56bfc062723c751e8b465ee728b)  -> (artifact id: '335faa41e2da46fe370ad558c32a52dd') in 0.023933 seconds 
========================================================================
Received Import Request.
  Time since last request: 0.000033 seconds.
  path: Assets/PolygonCity/Models/SM_Prop_Water_Tower_01.fbx
  artifactKey: Guid(1752fd9a5846d8941b89c3f290d0f2e7) Importer(815301076,1909f56bfc062723c751e8b465ee728b)
Start importing Assets/PolygonCity/Models/SM_Prop_Water_Tower_01.fbx using Guid(1752fd9a5846d8941b89c3f290d0f2e7) Importer(815301076,1909f56bfc062723c751e8b465ee728b)  -> (artifact id: 'e251e4b57bdf2c7ccac1f00b75b10768') in 0.021812 seconds 
========================================================================
Received Import Request.
  Time since last request: 0.000031 seconds.
  path: Assets/PolygonCity/Prefabs/Buildings/SM_Bld_FireEscape_02.prefab
  artifactKey: Guid(530c04ec7ccbeec44b8c9e6f3c681679) Importer(815301076,1909f56bfc062723c751e8b465ee728b)
Start importing Assets/PolygonCity/Prefabs/Buildings/SM_Bld_FireEscape_02.prefab using Guid(530c04ec7ccbeec44b8c9e6f3c681679) Importer(815301076,1909f56bfc062723c751e8b465ee728b)  -> (artifact id: '174ebf12adef9907044808dd69aa0b07') in 0.025870 seconds 
========================================================================
Received Import Request.
  Time since last request: 0.000038 seconds.
  path: Assets/PolygonCity/Models/SM_Env_Sidewalk_Straight_02.fbx
  artifactKey: Guid(323f8b248f4b18d42b053591f1627fe4) Importer(815301076,1909f56bfc062723c751e8b465ee728b)
Start importing Assets/PolygonCity/Models/SM_Env_Sidewalk_Straight_02.fbx using Guid(323f8b248f4b18d42b053591f1627fe4) Importer(815301076,1909f56bfc062723c751e8b465ee728b)  -> (artifact id: '3eff667f939e309a6c75b314a8ffa1eb') in 0.014658 seconds 
========================================================================
Received Import Request.
  Time since last request: 0.000026 seconds.
  path: Assets/PolygonCity/Prefabs/Buildings/SM_Bld_Shop_Cover_02.prefab
  artifactKey: Guid(739bafb6919218f46b973104ad258f8b) Importer(815301076,1909f56bfc062723c751e8b465ee728b)
Start importing Assets/PolygonCity/Prefabs/Buildings/SM_Bld_Shop_Cover_02.prefab using Guid(739bafb6919218f46b973104ad258f8b) Importer(815301076,1909f56bfc062723c751e8b465ee728b)  -> (artifact id: 'c91d337668d14e3fb841a68b7e061a5c') in 0.024094 seconds 
========================================================================
Received Import Request.
  Time since last request: 0.000034 seconds.
  path: Assets/PolygonCity/Models/SM_Prop_Billboard_Sign_05.fbx
  artifactKey: Guid(8f8f3ceac067a3445ae9e4e31b83435b) Importer(815301076,1909f56bfc062723c751e8b465ee728b)
Start importing Assets/PolygonCity/Models/SM_Prop_Billboard_Sign_05.fbx using Guid(8f8f3ceac067a3445ae9e4e31b83435b) Importer(815301076,1909f56bfc062723c751e8b465ee728b)  -> (artifact id: '4b50eca98bd598a82a167aeac8bb6c04') in 0.011648 seconds 
========================================================================
Received Import Request.
  Time since last request: 0.000027 seconds.
  path: Assets/PolygonCity/Models/SM_Env_Cloud_03.fbx
  artifactKey: Guid(ad202308899f3494eb77470fedb895e9) Importer(815301076,1909f56bfc062723c751e8b465ee728b)
Start importing Assets/PolygonCity/Models/SM_Env_Cloud_03.fbx using Guid(ad202308899f3494eb77470fedb895e9) Importer(815301076,1909f56bfc062723c751e8b465ee728b)  -> (artifact id: '97a9718cf9e830cfc01da9ccfe385724') in 0.014949 seconds 
========================================================================
Received Import Request.
  Time since last request: 5.696391 seconds.
  path: Assets/PolygonCity/Textures/Emissive_02.png
  artifactKey: Guid(17ba766c1b474a645b65fcaf9fe4e017) Importer(815301076,1909f56bfc062723c751e8b465ee728b)
Start importing Assets/PolygonCity/Textures/Emissive_02.png using Guid(17ba766c1b474a645b65fcaf9fe4e017) Importer(815301076,1909f56bfc062723c751e8b465ee728b)  -> (artifact id: '664f14e553de63b9b935b34c8b9f23c6') in 0.068850 seconds 
========================================================================
Received Import Request.
  Time since last request: 2.509261 seconds.
  path: Assets/PolygonCity/Textures/PolygonCity_Road_Normal.png
  artifactKey: Guid(5be367dffa6dac448b585fe12407f916) Importer(815301076,1909f56bfc062723c751e8b465ee728b)
Start importing Assets/PolygonCity/Textures/PolygonCity_Road_Normal.png using Guid(5be367dffa6dac448b585fe12407f916) Importer(815301076,1909f56bfc062723c751e8b465ee728b)  -> (artifact id: 'b36983f1522f81e65cc6162edfb87b5a') in 0.013574 seconds 
========================================================================
Received Import Request.
  Time since last request: 0.006852 seconds.
  path: Assets/PolygonCity/Textures/PolygonCity_Texture_02_A.png
  artifactKey: Guid(564f29d2c3b83c04bb90ba2d657b2421) Importer(815301076,1909f56bfc062723c751e8b465ee728b)
Start importing Assets/PolygonCity/Textures/PolygonCity_Texture_02_A.png using Guid(564f29d2c3b83c04bb90ba2d657b2421) Importer(815301076,1909f56bfc062723c751e8b465ee728b)  -> (artifact id: '907f555570600de5713990880390e37e') in 0.010589 seconds 
========================================================================
Received Import Request.
  Time since last request: 0.006524 seconds.
  path: Assets/PolygonCity/Textures/PolygonCity_Texture_03_C.png
  artifactKey: Guid(fb28081f4cefc0047858e77e21deb92c) Importer(815301076,1909f56bfc062723c751e8b465ee728b)
Start importing Assets/PolygonCity/Textures/PolygonCity_Texture_03_C.png using Guid(fb28081f4cefc0047858e77e21deb92c) Importer(815301076,1909f56bfc062723c751e8b465ee728b)  -> (artifact id: '3b6f17e1254a66739fc34c9092d69d47') in 0.010705 seconds 
========================================================================
Received Import Request.
  Time since last request: 0.017929 seconds.
  path: Assets/PolygonCity/Textures/PolygonCity_Texture_Skyline.tga
  artifactKey: Guid(8d6dbba04bf21784ea83db299e1d8550) Importer(815301076,1909f56bfc062723c751e8b465ee728b)
Start importing Assets/PolygonCity/Textures/PolygonCity_Texture_Skyline.tga using Guid(8d6dbba04bf21784ea83db299e1d8550) Importer(815301076,1909f56bfc062723c751e8b465ee728b)  -> (artifact id: 'd31099805c7ed1e061120d46730e18ab') in 0.038775 seconds 
========================================================================
Received Import Request.
  Time since last request: 250.071856 seconds.
  path: Assets/Scenes/SampleScene/Lightmap-0_comp_shadowmask.png
  artifactKey: Guid(d5a3eca23e7dac249a4d3a48bbed00cb) Importer(815301076,1909f56bfc062723c751e8b465ee728b)
Start importing Assets/Scenes/SampleScene/Lightmap-0_comp_shadowmask.png using Guid(d5a3eca23e7dac249a4d3a48bbed00cb) Importer(815301076,1909f56bfc062723c751e8b465ee728b)  -> (artifact id: 'd5cc77cdad2dcd2f7e26f9155ecd6b20') in 0.009573 seconds 
========================================================================
Received Import Request.
  Time since last request: 277.338319 seconds.
  path: Assets/PolygonCity/Models/SM_Bld_Apartment_03.fbx
  artifactKey: Guid(29880c5e7c1ab104ca8f6bb2b16a79c1) Importer(815301076,1909f56bfc062723c751e8b465ee728b)
Start importing Assets/PolygonCity/Models/SM_Bld_Apartment_03.fbx using Guid(29880c5e7c1ab104ca8f6bb2b16a79c1) Importer(815301076,1909f56bfc062723c751e8b465ee728b)  -> (artifact id: '641d97027496fe8a31095588145fa517') in 0.020362 seconds 
========================================================================
Received Import Request.
  Time since last request: 0.000028 seconds.
  path: Assets/PolygonCity/Models/SM_Bld_Apartment_Corner_03.fbx
  artifactKey: Guid(215c55a401db928499ce6ba99a369d07) Importer(815301076,1909f56bfc062723c751e8b465ee728b)
Start importing Assets/PolygonCity/Models/SM_Bld_Apartment_Corner_03.fbx using Guid(215c55a401db928499ce6ba99a369d07) Importer(815301076,1909f56bfc062723c751e8b465ee728b)  -> (artifact id: 'f879246b608f1c1f6dd7bf14cd3fa948') in 0.040653 seconds 
========================================================================
Received Import Request.
  Time since last request: 0.000026 seconds.
  path: Assets/PolygonCity/Models/SM_Bld_Apartment_Stairs_02.fbx
  artifactKey: Guid(9c729cfae9636a24dadc4b4363ba5958) Importer(815301076,1909f56bfc062723c751e8b465ee728b)
Start importing Assets/PolygonCity/Models/SM_Bld_Apartment_Stairs_02.fbx using Guid(9c729cfae9636a24dadc4b4363ba5958) Importer(815301076,1909f56bfc062723c751e8b465ee728b)  -> (artifact id: '5d4a1e35e45bc994dca0c0750a23dab7') in 0.017382 seconds 
========================================================================
Received Import Request.
  Time since last request: 0.000030 seconds.
  path: Assets/PolygonCity/Models/SM_Bld_Apartment_Roof_Corner_03.fbx
  artifactKey: Guid(d538fa79d8588ee42ab4601b7d0dfa49) Importer(815301076,1909f56bfc062723c751e8b465ee728b)
Start importing Assets/PolygonCity/Models/SM_Bld_Apartment_Roof_Corner_03.fbx using Guid(d538fa79d8588ee42ab4601b7d0dfa49) Importer(815301076,1909f56bfc062723c751e8b465ee728b)  -> (artifact id: 'b07499aee4d54fa5a6c44ff8b2b46e78') in 0.015690 seconds 
========================================================================
Received Import Request.
  Time since last request: 0.000024 seconds.
  path: Assets/PolygonCity/Models/SM_Bld_Apartment_Stairs_01.fbx
  artifactKey: Guid(0beaec8e55b5039469901d884770d7e2) Importer(815301076,1909f56bfc062723c751e8b465ee728b)
Start importing Assets/PolygonCity/Models/SM_Bld_Apartment_Stairs_01.fbx using Guid(0beaec8e55b5039469901d884770d7e2) Importer(815301076,1909f56bfc062723c751e8b465ee728b)  -> (artifact id: '74ff32b4f8a5d0cec3f583d9e8bc245a') in 0.015213 seconds 
========================================================================
Received Import Request.
  Time since last request: 0.000044 seconds.
  path: Assets/PolygonCity/Models/SM_Bld_Apartment_Roof_02.fbx
  artifactKey: Guid(099ca36ee26636c4594f1f502ff193b5) Importer(815301076,1909f56bfc062723c751e8b465ee728b)
Start importing Assets/PolygonCity/Models/SM_Bld_Apartment_Roof_02.fbx using Guid(099ca36ee26636c4594f1f502ff193b5) Importer(815301076,1909f56bfc062723c751e8b465ee728b)  -> (artifact id: '056bc0f81b3061abb33dc9bbf9413184') in 0.014333 seconds 
Editor requested this worker to shutdown with reason: Scaling down because of idle timeout
AssetImportWorker is now disconnected from the server
Process exiting
Exiting without the bug reporter. Application will terminate with return code 0