Using pre-set license
Built from '2021.3/staging' branch; Version is '2021.3.10f1 (1c7d0df0160b) revision 1867021'; Using compiler version '192829333'; Build Type 'Release'
OS: 'Windows 11  (10.0.22000) 64bit CoreSingleLanguage' Language: 'es' Physical Memory: 15629 MB
BatchMode: 1, IsHumanControllingUs: 0, StartBugReporterOnCrash: 0, Is64bit: 1, IsPro: 1

COMMAND LINE ARGUMENTS:
D:\Aplicaciones\Unity\Editor\2021.3.10f1\Editor\Unity.exe
-adb2
-batchMode
-noUpm
-name
AssetImportWorker12
-projectPath
D:/Aplicaciones/GitHub/ABC_BCP_GAME_JAM/abc_game_jam
-logFile
Logs/AssetImportWorker12.log
-srvPort
54985
Successfully changed project path to: D:/Aplicaciones/GitHub/ABC_BCP_GAME_JAM/abc_game_jam
D:/Aplicaciones/GitHub/ABC_BCP_GAME_JAM/abc_game_jam
[UnityMemory] Configuration Parameters - Can be set up in boot.config
    "memorysetup-bucket-allocator-granularity=16"
    "memorysetup-bucket-allocator-bucket-count=8"
    "memorysetup-bucket-allocator-block-size=33554432"
    "memorysetup-bucket-allocator-block-count=8"
    "memorysetup-main-allocator-block-size=16777216"
    "memorysetup-thread-allocator-block-size=16777216"
    "memorysetup-gfx-main-allocator-block-size=16777216"
    "memorysetup-gfx-thread-allocator-block-size=16777216"
    "memorysetup-cache-allocator-block-size=4194304"
    "memorysetup-typetree-allocator-block-size=2097152"
    "memorysetup-profiler-bucket-allocator-granularity=16"
    "memorysetup-profiler-bucket-allocator-bucket-count=8"
    "memorysetup-profiler-bucket-allocator-block-size=33554432"
    "memorysetup-profiler-bucket-allocator-block-count=8"
    "memorysetup-profiler-allocator-block-size=16777216"
    "memorysetup-profiler-editor-allocator-block-size=1048576"
    "memorysetup-temp-allocator-size-main=16777216"
    "memorysetup-job-temp-allocator-block-size=2097152"
    "memorysetup-job-temp-allocator-block-size-background=1048576"
    "memorysetup-job-temp-allocator-reduction-small-platforms=262144"
    "memorysetup-temp-allocator-size-background-worker=32768"
    "memorysetup-temp-allocator-size-job-worker=262144"
    "memorysetup-temp-allocator-size-preload-manager=33554432"
    "memorysetup-temp-allocator-size-nav-mesh-worker=65536"
    "memorysetup-temp-allocator-size-audio-worker=65536"
    "memorysetup-temp-allocator-size-cloud-worker=32768"
    "memorysetup-temp-allocator-size-gi-baking-worker=262144"
    "memorysetup-temp-allocator-size-gfx=262144"
Refreshing native plugins compatible for Editor in 76.22 ms, found 3 plugins.
Preloading 0 native plugins for Editor in 0.00 ms.
Initialize engine version: 2021.3.10f1 (1c7d0df0160b)
[Subsystems] Discovering subsystems at path D:/Aplicaciones/Unity/Editor/2021.3.10f1/Editor/Data/Resources/UnitySubsystems
[Subsystems] Discovering subsystems at path D:/Aplicaciones/GitHub/ABC_BCP_GAME_JAM/abc_game_jam/Assets
GfxDevice: creating device client; threaded=0; jobified=0
Direct3D:
    Version:  Direct3D 11.0 [level 11.1]
    Renderer: NVIDIA GeForce RTX 3060 Laptop GPU (ID=0x2520)
    Vendor:   NVIDIA
    VRAM:     6023 MB
    Driver:   31.0.15.1694
Initialize mono
Mono path[0] = 'D:/Aplicaciones/Unity/Editor/2021.3.10f1/Editor/Data/Managed'
Mono path[1] = 'D:/Aplicaciones/Unity/Editor/2021.3.10f1/Editor/Data/MonoBleedingEdge/lib/mono/unityjit-win32'
Mono config path = 'D:/Aplicaciones/Unity/Editor/2021.3.10f1/Editor/Data/MonoBleedingEdge/etc'
Using monoOptions --debugger-agent=transport=dt_socket,embedding=1,server=y,suspend=n,address=127.0.0.1:56092
Begin MonoManager ReloadAssembly
Registering precompiled unity dll's ...
Register platform support module: D:/Aplicaciones/Unity/Editor/2021.3.10f1/Editor/Data/PlaybackEngines/WebGLSupport/UnityEditor.WebGL.Extensions.dll
Register platform support module: D:/Aplicaciones/Unity/Editor/2021.3.10f1/Editor/Data/PlaybackEngines/AndroidPlayer/UnityEditor.Android.Extensions.dll
Register platform support module: D:/Aplicaciones/Unity/Editor/2021.3.10f1/Editor/Data/PlaybackEngines/WindowsStandaloneSupport/UnityEditor.WindowsStandalone.Extensions.dll
Registered in 0.002226 seconds.
Native extension for WindowsStandalone target not found
Native extension for Android target not found
Native extension for WebGL target not found
Refreshing native plugins compatible for Editor in 76.34 ms, found 3 plugins.
Preloading 0 native plugins for Editor in 0.00 ms.
Mono: successfully reloaded assembly
- Completed reload, in  0.587 seconds
Domain Reload Profiling:
	ReloadAssembly (587ms)
		BeginReloadAssembly (61ms)
			ExecutionOrderSort (0ms)
			DisableScriptedObjects (0ms)
			BackupInstance (0ms)
			ReleaseScriptingObjects (0ms)
			CreateAndSetChildDomain (1ms)
		EndReloadAssembly (436ms)
			LoadAssemblies (61ms)
			RebuildTransferFunctionScriptingTraits (0ms)
			SetupTypeCache (117ms)
			ReleaseScriptCaches (0ms)
			RebuildScriptCaches (30ms)
			SetupLoadedEditorAssemblies (242ms)
				LogAssemblyErrors (0ms)
				InitializePlatformSupportModulesInManaged (51ms)
				SetLoadedEditorAssemblies (0ms)
				RefreshPlugins (76ms)
				BeforeProcessingInitializeOnLoad (1ms)
				ProcessInitializeOnLoadAttributes (76ms)
				ProcessInitializeOnLoadMethodAttributes (38ms)
				AfterProcessingInitializeOnLoad (0ms)
				EditorAssembliesLoaded (0ms)
			ExecutionOrderSort2 (0ms)
			AwakeInstancesAfterBackupRestoration (0ms)
Platform modules already initialized, skipping
Registering precompiled user dll's ...
Registered in 0.002585 seconds.
Begin MonoManager ReloadAssembly
Symbol file LoadedFromMemory doesn't match image D:\Aplicaciones\GitHub\ABC_BCP_GAME_JAM\abc_game_jam\Library\PackageCache\com.unity.visualscripting@1.7.8\Editor\VisualScripting.Core\Dependencies\YamlDotNet\Unity.VisualScripting.YamlDotNet.dll
Symbol file LoadedFromMemory doesn't match image D:\Aplicaciones\GitHub\ABC_BCP_GAME_JAM\abc_game_jam\Library\PackageCache\com.unity.visualscripting@1.7.8\Editor\VisualScripting.Core\Dependencies\DotNetZip\Unity.VisualScripting.IonicZip.dll
Native extension for WindowsStandalone target not found
Native extension for Android target not found
Native extension for WebGL target not found
Refreshing native plugins compatible for Editor in 0.78 ms, found 3 plugins.
Preloading 0 native plugins for Editor in 0.00 ms.
Mono: successfully reloaded assembly
- Completed reload, in  0.857 seconds
Domain Reload Profiling:
	ReloadAssembly (858ms)
		BeginReloadAssembly (186ms)
			ExecutionOrderSort (0ms)
			DisableScriptedObjects (5ms)
			BackupInstance (0ms)
			ReleaseScriptingObjects (0ms)
			CreateAndSetChildDomain (125ms)
		EndReloadAssembly (595ms)
			LoadAssemblies (57ms)
			RebuildTransferFunctionScriptingTraits (0ms)
			SetupTypeCache (201ms)
			ReleaseScriptCaches (0ms)
			RebuildScriptCaches (37ms)
			SetupLoadedEditorAssemblies (269ms)
				LogAssemblyErrors (0ms)
				InitializePlatformSupportModulesInManaged (10ms)
				SetLoadedEditorAssemblies (0ms)
				RefreshPlugins (1ms)
				BeforeProcessingInitializeOnLoad (64ms)
				ProcessInitializeOnLoadAttributes (169ms)
				ProcessInitializeOnLoadMethodAttributes (22ms)
				AfterProcessingInitializeOnLoad (2ms)
				EditorAssembliesLoaded (0ms)
			ExecutionOrderSort2 (0ms)
			AwakeInstancesAfterBackupRestoration (4ms)
Platform modules already initialized, skipping
========================================================================
Worker process is ready to serve import requests
Launched and connected shader compiler UnityShaderCompiler.exe after 0.04 seconds
Refreshing native plugins compatible for Editor in 0.66 ms, found 3 plugins.
Preloading 0 native plugins for Editor in 0.00 ms.
Unloading 3382 Unused Serialized files (Serialized files now loaded: 0)
Unloading 27 unused Assets / (113.9 KB). Loaded Objects now: 3860.
Memory consumption went from 130.9 MB to 130.8 MB.
Total: 3.196200 ms (FindLiveObjects: 0.280400 ms CreateObjectMapping: 0.226600 ms MarkObjects: 2.577300 ms  DeleteObjects: 0.111000 ms)

AssetImportParameters requested are different than current active one (requested -> active):
  custom:video-decoder-ogg-theora: a1e56fd34408186e4bbccfd4996cb3dc -> 
  custom:container-muxer-webm: aa71ff27fc2769a1b78a27578f13a17b -> 
  custom:container-demuxer-webm: 4f35f7cbe854078d1ac9338744f61a02 -> 
  custom:video-encoder-webm-vp8: eb34c28f22e8b96e1ab97ce403110664 -> 
  custom:video-codec-MediaFoundation-h265: 746d11721c4dcdbdad8f713fa42b33f4 -> 
  custom:audio-encoder-webm-vorbis: bf7c407c2cedff20999df2af8eb42d56 -> 
  custom:framework-win-MediaFoundation: 216162199b28c13a410421893ffa2e32 -> 
  custom:container-demuxer-ogg: 62fdf1f143b41e24485cea50d1cbac27 -> 
  custom:video-decoder-webm-vp8: 9c59270c3fd7afecdb556c50c9e8de78 -> 
  custom:audio-decoder-ogg-vorbis: bf7c407c2cedff20999df2af8eb42d56 -> 
========================================================================
Received Import Request.
  Time since last request: 50629.592637 seconds.
  path: Assets/PolygonCity/Prefabs/Environments/SM_Env_Road_Lines_01.prefab
  artifactKey: Guid(69af78e726c8b9842bb53e9d215270fa) Importer(815301076,1909f56bfc062723c751e8b465ee728b)
Start importing Assets/PolygonCity/Prefabs/Environments/SM_Env_Road_Lines_01.prefab using Guid(69af78e726c8b9842bb53e9d215270fa) Importer(815301076,1909f56bfc062723c751e8b465ee728b)  -> (artifact id: '826651bea627ee4ae142d4d9fa045f77') in 0.113220 seconds 
========================================================================
Received Import Request.
  Time since last request: 0.000018 seconds.
  path: Assets/PolygonCity/Prefabs/Environments/SM_Env_Road_YellowLines_01.prefab
  artifactKey: Guid(7e547ff22275ff24389c0fcbaf1f0afc) Importer(815301076,1909f56bfc062723c751e8b465ee728b)
Start importing Assets/PolygonCity/Prefabs/Environments/SM_Env_Road_YellowLines_01.prefab using Guid(7e547ff22275ff24389c0fcbaf1f0afc) Importer(815301076,1909f56bfc062723c751e8b465ee728b)  -> (artifact id: 'ccb1881649ab5b33394009814e612c92') in 0.028628 seconds 
========================================================================
Received Import Request.
  Time since last request: 0.668104 seconds.
  path: Assets/PolygonCity/Prefabs/Environments/SM_Env_Sidewalk_Corner_01.prefab
  artifactKey: Guid(022ffec03fad20a44bfd7a0026ee101a) Importer(815301076,1909f56bfc062723c751e8b465ee728b)
Start importing Assets/PolygonCity/Prefabs/Environments/SM_Env_Sidewalk_Corner_01.prefab using Guid(022ffec03fad20a44bfd7a0026ee101a) Importer(815301076,1909f56bfc062723c751e8b465ee728b)  -> (artifact id: '6b97afebdfe683e3d71698d06fcd476b') in 0.054540 seconds 
========================================================================
Received Import Request.
  Time since last request: 0.000027 seconds.
  path: Assets/PolygonCity/Prefabs/Environments/SM_Env_Sidewalk_Corner_02.prefab
  artifactKey: Guid(8458e1021e0b4a14b82c8e49978ee608) Importer(815301076,1909f56bfc062723c751e8b465ee728b)
Start importing Assets/PolygonCity/Prefabs/Environments/SM_Env_Sidewalk_Corner_02.prefab using Guid(8458e1021e0b4a14b82c8e49978ee608) Importer(815301076,1909f56bfc062723c751e8b465ee728b)  -> (artifact id: '86ac8b6c1c753bdc5fce14e21808599d') in 0.019996 seconds 
========================================================================
Received Import Request.
  Time since last request: 0.129726 seconds.
  path: Assets/PolygonCity/Prefabs/Environments/SM_Env_Sidewalk_Panel_01.prefab
  artifactKey: Guid(3411beaa9a128784baf5d279eb959b9d) Importer(815301076,1909f56bfc062723c751e8b465ee728b)
Start importing Assets/PolygonCity/Prefabs/Environments/SM_Env_Sidewalk_Panel_01.prefab using Guid(3411beaa9a128784baf5d279eb959b9d) Importer(815301076,1909f56bfc062723c751e8b465ee728b)  -> (artifact id: '7052f5d858c9632440a35869dbe8c8e2') in 0.017806 seconds 
========================================================================
Received Import Request.
  Time since last request: 0.000018 seconds.
  path: Assets/PolygonCity/Prefabs/Environments/SM_Env_Street_Divider_02.prefab
  artifactKey: Guid(189a6283bd4925841bbf41d7c5919bff) Importer(815301076,1909f56bfc062723c751e8b465ee728b)
Start importing Assets/PolygonCity/Prefabs/Environments/SM_Env_Street_Divider_02.prefab using Guid(189a6283bd4925841bbf41d7c5919bff) Importer(815301076,1909f56bfc062723c751e8b465ee728b)  -> (artifact id: 'c0650abda55f156adaf29f4ab49b96a9') in 0.022517 seconds 
========================================================================
Received Import Request.
  Time since last request: 0.000022 seconds.
  path: Assets/PolygonCity/Prefabs/Environments/SM_Env_Tree_02.prefab
  artifactKey: Guid(d93817f79a1e01242b20f7081cbfa384) Importer(815301076,1909f56bfc062723c751e8b465ee728b)
Start importing Assets/PolygonCity/Prefabs/Environments/SM_Env_Tree_02.prefab using Guid(d93817f79a1e01242b20f7081cbfa384) Importer(815301076,1909f56bfc062723c751e8b465ee728b)  -> (artifact id: '4c508e3b028801f6a4101de7d823f31e') in 0.024442 seconds 
========================================================================
Received Import Request.
  Time since last request: 0.561030 seconds.
  path: Assets/PolygonCity/Prefabs/Environments/SM_Env_WaterEdge_Straight_02.prefab
  artifactKey: Guid(005add2e805dff846a22a816bce2f715) Importer(815301076,1909f56bfc062723c751e8b465ee728b)
Start importing Assets/PolygonCity/Prefabs/Environments/SM_Env_WaterEdge_Straight_02.prefab using Guid(005add2e805dff846a22a816bce2f715) Importer(815301076,1909f56bfc062723c751e8b465ee728b)  -> (artifact id: 'd800590adc05a1cb38d773a362c5c001') in 0.024649 seconds 
========================================================================
Received Import Request.
  Time since last request: 16.369343 seconds.
  path: Assets/PolygonCity/Prefabs/Buildings/SM_Bld_OfficeOctagon_Base_01.prefab
  artifactKey: Guid(a5aca9c9ef39b0a49835b3ee43077679) Importer(815301076,1909f56bfc062723c751e8b465ee728b)
Start importing Assets/PolygonCity/Prefabs/Buildings/SM_Bld_OfficeOctagon_Base_01.prefab using Guid(a5aca9c9ef39b0a49835b3ee43077679) Importer(815301076,1909f56bfc062723c751e8b465ee728b)  -> (artifact id: '2a50bbd1fc5013136f3d76525703d12f') in 0.029296 seconds 
========================================================================
Received Import Request.
  Time since last request: 0.000020 seconds.
  path: Assets/PolygonCity/Prefabs/Buildings/SM_Bld_OfficeOctagon_Roof_01.prefab
  artifactKey: Guid(177d8df2567c2ee43897cd6b253d28d6) Importer(815301076,1909f56bfc062723c751e8b465ee728b)
Start importing Assets/PolygonCity/Prefabs/Buildings/SM_Bld_OfficeOctagon_Roof_01.prefab using Guid(177d8df2567c2ee43897cd6b253d28d6) Importer(815301076,1909f56bfc062723c751e8b465ee728b)  -> (artifact id: 'b3290903a3ffd17f7d06a4d10bae9e2b') in 0.021356 seconds 
========================================================================
Received Import Request.
  Time since last request: 0.629029 seconds.
  path: Assets/PolygonCity/Prefabs/Buildings/SM_Bld_OfficeOld_Large_Floor_01.prefab
  artifactKey: Guid(04c95dd28836b2745a9499d7e268e44b) Importer(815301076,1909f56bfc062723c751e8b465ee728b)
Start importing Assets/PolygonCity/Prefabs/Buildings/SM_Bld_OfficeOld_Large_Floor_01.prefab using Guid(04c95dd28836b2745a9499d7e268e44b) Importer(815301076,1909f56bfc062723c751e8b465ee728b)  -> (artifact id: '0298c1088986b7370ceff62b6aabfd87') in 0.026497 seconds 
========================================================================
Received Import Request.
  Time since last request: 0.000022 seconds.
  path: Assets/PolygonCity/Prefabs/Buildings/SM_Bld_OfficeOld_Small_02.prefab
  artifactKey: Guid(4486deaa4d569bc4bb8e381c100ed2b0) Importer(815301076,1909f56bfc062723c751e8b465ee728b)
Start importing Assets/PolygonCity/Prefabs/Buildings/SM_Bld_OfficeOld_Small_02.prefab using Guid(4486deaa4d569bc4bb8e381c100ed2b0) Importer(815301076,1909f56bfc062723c751e8b465ee728b)  -> (artifact id: '1acb757adc64a9cbc88e5a85cdca89b6') in 0.025709 seconds 
========================================================================
Received Import Request.
  Time since last request: 0.614512 seconds.
  path: Assets/PolygonCity/Prefabs/Buildings/SM_Bld_OfficeRound_04.prefab
  artifactKey: Guid(57130355dd16ab04386646a2f8aac353) Importer(815301076,1909f56bfc062723c751e8b465ee728b)
Start importing Assets/PolygonCity/Prefabs/Buildings/SM_Bld_OfficeRound_04.prefab using Guid(57130355dd16ab04386646a2f8aac353) Importer(815301076,1909f56bfc062723c751e8b465ee728b)  -> (artifact id: '33e6dba780195a288e99197feafe0ae3') in 0.025288 seconds 
========================================================================
Received Import Request.
  Time since last request: 0.000024 seconds.
  path: Assets/PolygonCity/Prefabs/Buildings/SM_Bld_OfficeSquare_01.prefab
  artifactKey: Guid(f70c8059d9b8d60429d824a17015ed49) Importer(815301076,1909f56bfc062723c751e8b465ee728b)
Start importing Assets/PolygonCity/Prefabs/Buildings/SM_Bld_OfficeSquare_01.prefab using Guid(f70c8059d9b8d60429d824a17015ed49) Importer(815301076,1909f56bfc062723c751e8b465ee728b)  -> (artifact id: '219e727a8293ea4da84ef66b0ca3d3f3') in 0.017185 seconds 
========================================================================
Received Import Request.
  Time since last request: 0.212259 seconds.
  path: Assets/PolygonCity/Prefabs/Buildings/SM_Bld_OfficeSquare_Roof_01.prefab
  artifactKey: Guid(8e6be04d8370d1c4fa754d22592984f1) Importer(815301076,1909f56bfc062723c751e8b465ee728b)
Start importing Assets/PolygonCity/Prefabs/Buildings/SM_Bld_OfficeSquare_Roof_01.prefab using Guid(8e6be04d8370d1c4fa754d22592984f1) Importer(815301076,1909f56bfc062723c751e8b465ee728b)  -> (artifact id: 'ba5f3cd81121c27f10d3a4dc2fedd16a') in 0.017526 seconds 
========================================================================
Received Import Request.
  Time since last request: 0.200378 seconds.
  path: Assets/PolygonCity/Prefabs/Buildings/SM_Bld_Shop_Corner_02.prefab
  artifactKey: Guid(6c5d6f00dd2f1d34e8b206b956e60329) Importer(815301076,1909f56bfc062723c751e8b465ee728b)
Start importing Assets/PolygonCity/Prefabs/Buildings/SM_Bld_Shop_Corner_02.prefab using Guid(6c5d6f00dd2f1d34e8b206b956e60329) Importer(815301076,1909f56bfc062723c751e8b465ee728b)  -> (artifact id: '611ba570e08852e08d6aca2a05d39992') in 0.024472 seconds 
Editor requested this worker to shutdown with reason: Scaling down because of idle timeout
AssetImportWorker is now disconnected from the server
Process exiting
Exiting without the bug reporter. Application will terminate with return code 0