Using pre-set license
Built from '2021.3/staging' branch; Version is '2021.3.10f1 (1c7d0df0160b) revision 1867021'; Using compiler version '192829333'; Build Type 'Release'
OS: 'Windows 11  (10.0.22000) 64bit CoreSingleLanguage' Language: 'es' Physical Memory: 15629 MB
BatchMode: 1, IsHumanControllingUs: 0, StartBugReporterOnCrash: 0, Is64bit: 1, IsPro: 1

COMMAND LINE ARGUMENTS:
D:\Aplicaciones\Unity\Editor\2021.3.10f1\Editor\Unity.exe
-adb2
-batchMode
-noUpm
-name
AssetImportWorker11
-projectPath
D:/Aplicaciones/GitHub/ABC_BCP_GAME_JAM/abc_game_jam
-logFile
Logs/AssetImportWorker11.log
-srvPort
54985
Successfully changed project path to: D:/Aplicaciones/GitHub/ABC_BCP_GAME_JAM/abc_game_jam
D:/Aplicaciones/GitHub/ABC_BCP_GAME_JAM/abc_game_jam
[UnityMemory] Configuration Parameters - Can be set up in boot.config
    "memorysetup-bucket-allocator-granularity=16"
    "memorysetup-bucket-allocator-bucket-count=8"
    "memorysetup-bucket-allocator-block-size=33554432"
    "memorysetup-bucket-allocator-block-count=8"
    "memorysetup-main-allocator-block-size=16777216"
    "memorysetup-thread-allocator-block-size=16777216"
    "memorysetup-gfx-main-allocator-block-size=16777216"
    "memorysetup-gfx-thread-allocator-block-size=16777216"
    "memorysetup-cache-allocator-block-size=4194304"
    "memorysetup-typetree-allocator-block-size=2097152"
    "memorysetup-profiler-bucket-allocator-granularity=16"
    "memorysetup-profiler-bucket-allocator-bucket-count=8"
    "memorysetup-profiler-bucket-allocator-block-size=33554432"
    "memorysetup-profiler-bucket-allocator-block-count=8"
    "memorysetup-profiler-allocator-block-size=16777216"
    "memorysetup-profiler-editor-allocator-block-size=1048576"
    "memorysetup-temp-allocator-size-main=16777216"
    "memorysetup-job-temp-allocator-block-size=2097152"
    "memorysetup-job-temp-allocator-block-size-background=1048576"
    "memorysetup-job-temp-allocator-reduction-small-platforms=262144"
    "memorysetup-temp-allocator-size-background-worker=32768"
    "memorysetup-temp-allocator-size-job-worker=262144"
    "memorysetup-temp-allocator-size-preload-manager=33554432"
    "memorysetup-temp-allocator-size-nav-mesh-worker=65536"
    "memorysetup-temp-allocator-size-audio-worker=65536"
    "memorysetup-temp-allocator-size-cloud-worker=32768"
    "memorysetup-temp-allocator-size-gi-baking-worker=262144"
    "memorysetup-temp-allocator-size-gfx=262144"
Refreshing native plugins compatible for Editor in 77.44 ms, found 3 plugins.
Preloading 0 native plugins for Editor in 0.00 ms.
Initialize engine version: 2021.3.10f1 (1c7d0df0160b)
[Subsystems] Discovering subsystems at path D:/Aplicaciones/Unity/Editor/2021.3.10f1/Editor/Data/Resources/UnitySubsystems
[Subsystems] Discovering subsystems at path D:/Aplicaciones/GitHub/ABC_BCP_GAME_JAM/abc_game_jam/Assets
GfxDevice: creating device client; threaded=0; jobified=0
Direct3D:
    Version:  Direct3D 11.0 [level 11.1]
    Renderer: NVIDIA GeForce RTX 3060 Laptop GPU (ID=0x2520)
    Vendor:   NVIDIA
    VRAM:     6023 MB
    Driver:   31.0.15.1694
Initialize mono
Mono path[0] = 'D:/Aplicaciones/Unity/Editor/2021.3.10f1/Editor/Data/Managed'
Mono path[1] = 'D:/Aplicaciones/Unity/Editor/2021.3.10f1/Editor/Data/MonoBleedingEdge/lib/mono/unityjit-win32'
Mono config path = 'D:/Aplicaciones/Unity/Editor/2021.3.10f1/Editor/Data/MonoBleedingEdge/etc'
Using monoOptions --debugger-agent=transport=dt_socket,embedding=1,server=y,suspend=n,address=127.0.0.1:56168
Begin MonoManager ReloadAssembly
Registering precompiled unity dll's ...
Register platform support module: D:/Aplicaciones/Unity/Editor/2021.3.10f1/Editor/Data/PlaybackEngines/WebGLSupport/UnityEditor.WebGL.Extensions.dll
Register platform support module: D:/Aplicaciones/Unity/Editor/2021.3.10f1/Editor/Data/PlaybackEngines/AndroidPlayer/UnityEditor.Android.Extensions.dll
Register platform support module: D:/Aplicaciones/Unity/Editor/2021.3.10f1/Editor/Data/PlaybackEngines/WindowsStandaloneSupport/UnityEditor.WindowsStandalone.Extensions.dll
Registered in 0.002842 seconds.
Native extension for WindowsStandalone target not found
Native extension for Android target not found
Native extension for WebGL target not found
Refreshing native plugins compatible for Editor in 75.58 ms, found 3 plugins.
Preloading 0 native plugins for Editor in 0.00 ms.
Mono: successfully reloaded assembly
- Completed reload, in  0.590 seconds
Domain Reload Profiling:
	ReloadAssembly (591ms)
		BeginReloadAssembly (58ms)
			ExecutionOrderSort (0ms)
			DisableScriptedObjects (0ms)
			BackupInstance (0ms)
			ReleaseScriptingObjects (0ms)
			CreateAndSetChildDomain (1ms)
		EndReloadAssembly (435ms)
			LoadAssemblies (58ms)
			RebuildTransferFunctionScriptingTraits (0ms)
			SetupTypeCache (112ms)
			ReleaseScriptCaches (0ms)
			RebuildScriptCaches (30ms)
			SetupLoadedEditorAssemblies (243ms)
				LogAssemblyErrors (0ms)
				InitializePlatformSupportModulesInManaged (53ms)
				SetLoadedEditorAssemblies (0ms)
				RefreshPlugins (76ms)
				BeforeProcessingInitializeOnLoad (1ms)
				ProcessInitializeOnLoadAttributes (76ms)
				ProcessInitializeOnLoadMethodAttributes (37ms)
				AfterProcessingInitializeOnLoad (0ms)
				EditorAssembliesLoaded (0ms)
			ExecutionOrderSort2 (0ms)
			AwakeInstancesAfterBackupRestoration (0ms)
Platform modules already initialized, skipping
Registering precompiled user dll's ...
Registered in 0.002484 seconds.
Begin MonoManager ReloadAssembly
Symbol file LoadedFromMemory doesn't match image D:\Aplicaciones\GitHub\ABC_BCP_GAME_JAM\abc_game_jam\Library\PackageCache\com.unity.visualscripting@1.7.8\Editor\VisualScripting.Core\Dependencies\YamlDotNet\Unity.VisualScripting.YamlDotNet.dll
Symbol file LoadedFromMemory doesn't match image D:\Aplicaciones\GitHub\ABC_BCP_GAME_JAM\abc_game_jam\Library\PackageCache\com.unity.visualscripting@1.7.8\Editor\VisualScripting.Core\Dependencies\DotNetZip\Unity.VisualScripting.IonicZip.dll
Native extension for WindowsStandalone target not found
Native extension for Android target not found
Native extension for WebGL target not found
Refreshing native plugins compatible for Editor in 0.74 ms, found 3 plugins.
Preloading 0 native plugins for Editor in 0.00 ms.
Mono: successfully reloaded assembly
- Completed reload, in  0.861 seconds
Domain Reload Profiling:
	ReloadAssembly (861ms)
		BeginReloadAssembly (188ms)
			ExecutionOrderSort (0ms)
			DisableScriptedObjects (5ms)
			BackupInstance (0ms)
			ReleaseScriptingObjects (0ms)
			CreateAndSetChildDomain (129ms)
		EndReloadAssembly (596ms)
			LoadAssemblies (55ms)
			RebuildTransferFunctionScriptingTraits (0ms)
			SetupTypeCache (201ms)
			ReleaseScriptCaches (0ms)
			RebuildScriptCaches (38ms)
			SetupLoadedEditorAssemblies (269ms)
				LogAssemblyErrors (0ms)
				InitializePlatformSupportModulesInManaged (10ms)
				SetLoadedEditorAssemblies (0ms)
				RefreshPlugins (1ms)
				BeforeProcessingInitializeOnLoad (64ms)
				ProcessInitializeOnLoadAttributes (168ms)
				ProcessInitializeOnLoadMethodAttributes (23ms)
				AfterProcessingInitializeOnLoad (2ms)
				EditorAssembliesLoaded (0ms)
			ExecutionOrderSort2 (0ms)
			AwakeInstancesAfterBackupRestoration (4ms)
Platform modules already initialized, skipping
========================================================================
Worker process is ready to serve import requests
Launched and connected shader compiler UnityShaderCompiler.exe after 0.04 seconds
Refreshing native plugins compatible for Editor in 0.83 ms, found 3 plugins.
Preloading 0 native plugins for Editor in 0.00 ms.
Unloading 3382 Unused Serialized files (Serialized files now loaded: 0)
Unloading 27 unused Assets / (113.9 KB). Loaded Objects now: 3860.
Memory consumption went from 130.9 MB to 130.8 MB.
Total: 3.235200 ms (FindLiveObjects: 0.275000 ms CreateObjectMapping: 0.117200 ms MarkObjects: 2.728700 ms  DeleteObjects: 0.113400 ms)

AssetImportParameters requested are different than current active one (requested -> active):
  custom:video-decoder-ogg-theora: a1e56fd34408186e4bbccfd4996cb3dc -> 
  custom:container-muxer-webm: aa71ff27fc2769a1b78a27578f13a17b -> 
  custom:container-demuxer-webm: 4f35f7cbe854078d1ac9338744f61a02 -> 
  custom:video-encoder-webm-vp8: eb34c28f22e8b96e1ab97ce403110664 -> 
  custom:video-codec-MediaFoundation-h265: 746d11721c4dcdbdad8f713fa42b33f4 -> 
  custom:audio-encoder-webm-vorbis: bf7c407c2cedff20999df2af8eb42d56 -> 
  custom:framework-win-MediaFoundation: 216162199b28c13a410421893ffa2e32 -> 
  custom:container-demuxer-ogg: 62fdf1f143b41e24485cea50d1cbac27 -> 
  custom:video-decoder-webm-vp8: 9c59270c3fd7afecdb556c50c9e8de78 -> 
  custom:audio-decoder-ogg-vorbis: bf7c407c2cedff20999df2af8eb42d56 -> 
========================================================================
Received Import Request.
  Time since last request: 50456.522695 seconds.
  path: Assets/NewLayer 1.terrainlayer
  artifactKey: Guid(0fae395f06cb1b34aad56ae6bcf9bde0) Importer(815301076,1909f56bfc062723c751e8b465ee728b)
Start importing Assets/NewLayer 1.terrainlayer using Guid(0fae395f06cb1b34aad56ae6bcf9bde0) Importer(815301076,1909f56bfc062723c751e8b465ee728b)  -> (artifact id: 'a89416ffdb471611dbd5ec880610f51c') in 0.140645 seconds 
========================================================================
Received Import Request.
  Time since last request: 0.560064 seconds.
  path: Assets/NewLayer.terrainlayer
  artifactKey: Guid(7da45ca4f8b2b85499771101c692acca) Importer(815301076,1909f56bfc062723c751e8b465ee728b)
Start importing Assets/NewLayer.terrainlayer using Guid(7da45ca4f8b2b85499771101c692acca) Importer(815301076,1909f56bfc062723c751e8b465ee728b)  -> (artifact id: '45bde8f47809f37ea0166ef10b927182') in 0.025442 seconds 
========================================================================
Received Import Request.
  Time since last request: 166.992639 seconds.
  path: Assets/PolygonCity/Models
  artifactKey: Guid(cca6ae8fbde694d4c8c7749e73ff2487) Importer(815301076,1909f56bfc062723c751e8b465ee728b)
Start importing Assets/PolygonCity/Models using Guid(cca6ae8fbde694d4c8c7749e73ff2487) Importer(815301076,1909f56bfc062723c751e8b465ee728b)  -> (artifact id: '6b23737f5c1c3e4868a2616fb6cbbdc6') in 0.004975 seconds 
========================================================================
Received Import Request.
  Time since last request: 5.324287 seconds.
  path: Assets/PolygonCity/Prefabs/Environments/SM_Env_Road_Crossing_01.prefab
  artifactKey: Guid(c838be5f7abd9c64db9643ebadf0c932) Importer(815301076,1909f56bfc062723c751e8b465ee728b)
Start importing Assets/PolygonCity/Prefabs/Environments/SM_Env_Road_Crossing_01.prefab using Guid(c838be5f7abd9c64db9643ebadf0c932) Importer(815301076,1909f56bfc062723c751e8b465ee728b)  -> (artifact id: '4e413b00a441030fa45c7331f9e8398e') in 0.060921 seconds 
========================================================================
Received Import Request.
  Time since last request: 0.000018 seconds.
  path: Assets/PolygonCity/Prefabs/Environments/SM_Env_Road_Patch_01.prefab
  artifactKey: Guid(430d14b744769134e831183525387e01) Importer(815301076,1909f56bfc062723c751e8b465ee728b)
Start importing Assets/PolygonCity/Prefabs/Environments/SM_Env_Road_Patch_01.prefab using Guid(430d14b744769134e831183525387e01) Importer(815301076,1909f56bfc062723c751e8b465ee728b)  -> (artifact id: 'fee38ab3a6ab9f1eea9d8b574652dd02') in 0.031688 seconds 
========================================================================
Received Import Request.
  Time since last request: 0.000023 seconds.
  path: Assets/PolygonCity/Prefabs/Environments/SM_Env_Road_Lines_02.prefab
  artifactKey: Guid(d2b133bd1e0723046a270de71e937731) Importer(815301076,1909f56bfc062723c751e8b465ee728b)
Start importing Assets/PolygonCity/Prefabs/Environments/SM_Env_Road_Lines_02.prefab using Guid(d2b133bd1e0723046a270de71e937731) Importer(815301076,1909f56bfc062723c751e8b465ee728b)  -> (artifact id: '873cae52d33418fb67741a0533f3a7e3') in 0.098949 seconds 
========================================================================
Received Import Request.
  Time since last request: 0.614130 seconds.
  path: Assets/PolygonCity/Prefabs/Environments/SM_Env_Sidewalk_Construction_01.prefab
  artifactKey: Guid(ac89877d99edb1347a2f655053ce7b64) Importer(815301076,1909f56bfc062723c751e8b465ee728b)
Start importing Assets/PolygonCity/Prefabs/Environments/SM_Env_Sidewalk_Construction_01.prefab using Guid(ac89877d99edb1347a2f655053ce7b64) Importer(815301076,1909f56bfc062723c751e8b465ee728b)  -> (artifact id: '15eccdf6331dc194ce9d037778055dd0') in 0.022231 seconds 
========================================================================
Received Import Request.
  Time since last request: 0.000035 seconds.
  path: Assets/PolygonCity/Prefabs/Environments/SM_Env_Sidewalk_Dip_01.prefab
  artifactKey: Guid(d8e7bc81108d6df4f9af32b0399eb064) Importer(815301076,1909f56bfc062723c751e8b465ee728b)
Start importing Assets/PolygonCity/Prefabs/Environments/SM_Env_Sidewalk_Dip_01.prefab using Guid(d8e7bc81108d6df4f9af32b0399eb064) Importer(815301076,1909f56bfc062723c751e8b465ee728b)  -> (artifact id: 'd13dc56dcd0cc15bfe517bf87e6ed4eb') in 0.026130 seconds 
========================================================================
Received Import Request.
  Time since last request: 0.000040 seconds.
  path: Assets/PolygonCity/Prefabs/Environments/SM_Env_Sidewalk_Gutter_01.prefab
  artifactKey: Guid(ed8c62e1e1e0ce744a951227804b2bec) Importer(815301076,1909f56bfc062723c751e8b465ee728b)
Start importing Assets/PolygonCity/Prefabs/Environments/SM_Env_Sidewalk_Gutter_01.prefab using Guid(ed8c62e1e1e0ce744a951227804b2bec) Importer(815301076,1909f56bfc062723c751e8b465ee728b)  -> (artifact id: 'f0bc7e6ec5b94d0fc864216a074b8afb') in 0.019814 seconds 
========================================================================
Received Import Request.
  Time since last request: 0.127918 seconds.
  path: Assets/PolygonCity/Prefabs/Environments/SM_Env_Sidewalk_Merger_01.prefab
  artifactKey: Guid(2b129740add29794081f519e9ab69ff5) Importer(815301076,1909f56bfc062723c751e8b465ee728b)
Start importing Assets/PolygonCity/Prefabs/Environments/SM_Env_Sidewalk_Merger_01.prefab using Guid(2b129740add29794081f519e9ab69ff5) Importer(815301076,1909f56bfc062723c751e8b465ee728b)  -> (artifact id: '7a21776cd872a3e53f3b9fba9c3b822c') in 0.018662 seconds 
========================================================================
Received Import Request.
  Time since last request: 0.000020 seconds.
  path: Assets/PolygonCity/Prefabs/Environments/SM_Env_Sidewalk_Panel_02.prefab
  artifactKey: Guid(f0924feddc9f45147a1b3b077269f520) Importer(815301076,1909f56bfc062723c751e8b465ee728b)
Start importing Assets/PolygonCity/Prefabs/Environments/SM_Env_Sidewalk_Panel_02.prefab using Guid(f0924feddc9f45147a1b3b077269f520) Importer(815301076,1909f56bfc062723c751e8b465ee728b)  -> (artifact id: '836293f1c032a0725bd98f58107209e9') in 0.017767 seconds 
========================================================================
Received Import Request.
  Time since last request: 0.000020 seconds.
  path: Assets/PolygonCity/Prefabs/Environments/SM_Env_Tree_01.prefab
  artifactKey: Guid(ee6af68a3d2c1864ebc6cfc3be82d851) Importer(815301076,1909f56bfc062723c751e8b465ee728b)
Start importing Assets/PolygonCity/Prefabs/Environments/SM_Env_Tree_01.prefab using Guid(ee6af68a3d2c1864ebc6cfc3be82d851) Importer(815301076,1909f56bfc062723c751e8b465ee728b)  -> (artifact id: 'edb6c2461e3620a47812e8f25c54031d') in 0.023970 seconds 
========================================================================
Received Import Request.
  Time since last request: 0.000023 seconds.
  path: Assets/PolygonCity/Prefabs/Environments/SM_Env_Sidewalk_Straight_01.prefab
  artifactKey: Guid(ae7b8255185ace64ca379cb1ca3b24e6) Importer(815301076,1909f56bfc062723c751e8b465ee728b)
Start importing Assets/PolygonCity/Prefabs/Environments/SM_Env_Sidewalk_Straight_01.prefab using Guid(ae7b8255185ace64ca379cb1ca3b24e6) Importer(815301076,1909f56bfc062723c751e8b465ee728b)  -> (artifact id: '14b96c230331bf2f711b972aad7229be') in 0.017853 seconds 
========================================================================
Received Import Request.
  Time since last request: 0.540144 seconds.
  path: Assets/PolygonCity/Prefabs/Environments/SM_Env_Tree_03.prefab
  artifactKey: Guid(c50789636e1fc5c4b8a37e2700e4a3c1) Importer(815301076,1909f56bfc062723c751e8b465ee728b)
Start importing Assets/PolygonCity/Prefabs/Environments/SM_Env_Tree_03.prefab using Guid(c50789636e1fc5c4b8a37e2700e4a3c1) Importer(815301076,1909f56bfc062723c751e8b465ee728b)  -> (artifact id: '567105af0d70d827b09c7b0bda549705') in 0.025802 seconds 
========================================================================
Received Import Request.
  Time since last request: 0.000023 seconds.
  path: Assets/PolygonCity/Prefabs/Environments/SM_Env_WaterEdge_Straight_03.prefab
  artifactKey: Guid(412e629bc1aeba94f84bc67e32a5cc7f) Importer(815301076,1909f56bfc062723c751e8b465ee728b)
Start importing Assets/PolygonCity/Prefabs/Environments/SM_Env_WaterEdge_Straight_03.prefab using Guid(412e629bc1aeba94f84bc67e32a5cc7f) Importer(815301076,1909f56bfc062723c751e8b465ee728b)  -> (artifact id: '43822f2cc6c94fff80fb8565e5a9d299') in 0.022870 seconds 
========================================================================
Received Import Request.
  Time since last request: 16.342481 seconds.
  path: Assets/PolygonCity/Prefabs/Buildings/SM_Bld_FireEscape_01.prefab
  artifactKey: Guid(a0fc9668797c0ba40bfd0a39fc67f2ed) Importer(815301076,1909f56bfc062723c751e8b465ee728b)
Start importing Assets/PolygonCity/Prefabs/Buildings/SM_Bld_FireEscape_01.prefab using Guid(a0fc9668797c0ba40bfd0a39fc67f2ed) Importer(815301076,1909f56bfc062723c751e8b465ee728b)  -> (artifact id: '2f0fa4973a1cbf18bec120c19542554a') in 0.021147 seconds 
========================================================================
Received Import Request.
  Time since last request: 0.000026 seconds.
  path: Assets/PolygonCity/Prefabs/Buildings/SM_Bld_OfficeOld_Large_01.prefab
  artifactKey: Guid(82f734b8de4c88b4fbdc5232659df70f) Importer(815301076,1909f56bfc062723c751e8b465ee728b)
Start importing Assets/PolygonCity/Prefabs/Buildings/SM_Bld_OfficeOld_Large_01.prefab using Guid(82f734b8de4c88b4fbdc5232659df70f) Importer(815301076,1909f56bfc062723c751e8b465ee728b)  -> (artifact id: '5d980ee1da6244f5e55447f7ce90c326') in 0.025063 seconds 
========================================================================
Received Import Request.
  Time since last request: 0.000024 seconds.
  path: Assets/PolygonCity/Prefabs/Buildings/SM_Bld_OfficeOld_Large_02.prefab
  artifactKey: Guid(62cc7a41de7e4c847869440070e2f6df) Importer(815301076,1909f56bfc062723c751e8b465ee728b)
Start importing Assets/PolygonCity/Prefabs/Buildings/SM_Bld_OfficeOld_Large_02.prefab using Guid(62cc7a41de7e4c847869440070e2f6df) Importer(815301076,1909f56bfc062723c751e8b465ee728b)  -> (artifact id: '342885123c1ffffc569f6a860043dfaf') in 0.024827 seconds 
========================================================================
Received Import Request.
  Time since last request: 0.603401 seconds.
  path: Assets/PolygonCity/Prefabs/Buildings/SM_Bld_OfficeOld_Large_Base_01.prefab
  artifactKey: Guid(1e50d3afa90bae147b9b80844d27728c) Importer(815301076,1909f56bfc062723c751e8b465ee728b)
Start importing Assets/PolygonCity/Prefabs/Buildings/SM_Bld_OfficeOld_Large_Base_01.prefab using Guid(1e50d3afa90bae147b9b80844d27728c) Importer(815301076,1909f56bfc062723c751e8b465ee728b)  -> (artifact id: 'fd92aecf2ced41aa0af73514f7954e3e') in 0.023410 seconds 
========================================================================
Received Import Request.
  Time since last request: 0.000031 seconds.
  path: Assets/PolygonCity/Prefabs/Buildings/SM_Bld_OfficeOld_Small_01.prefab
  artifactKey: Guid(84c719d9545655049b535e2613281b11) Importer(815301076,1909f56bfc062723c751e8b465ee728b)
Start importing Assets/PolygonCity/Prefabs/Buildings/SM_Bld_OfficeOld_Small_01.prefab using Guid(84c719d9545655049b535e2613281b11) Importer(815301076,1909f56bfc062723c751e8b465ee728b)  -> (artifact id: '4ce8ae553ac493f25c355292b60f0610') in 0.026336 seconds 
========================================================================
Received Import Request.
  Time since last request: 0.615447 seconds.
  path: Assets/PolygonCity/Prefabs/Buildings/SM_Bld_OfficeRound_03.prefab
  artifactKey: Guid(5d7e66e33ddbaf64cb3580e489134147) Importer(815301076,1909f56bfc062723c751e8b465ee728b)
Start importing Assets/PolygonCity/Prefabs/Buildings/SM_Bld_OfficeRound_03.prefab using Guid(5d7e66e33ddbaf64cb3580e489134147) Importer(815301076,1909f56bfc062723c751e8b465ee728b)  -> (artifact id: 'b4669ac78e6fcc906ec7b26c1b540e08') in 0.023684 seconds 
========================================================================
Received Import Request.
  Time since last request: 0.000027 seconds.
  path: Assets/PolygonCity/Prefabs/Buildings/SM_Bld_OfficeSquare_04.prefab
  artifactKey: Guid(464552aa0e0766d47a6df340d469df57) Importer(815301076,1909f56bfc062723c751e8b465ee728b)
Start importing Assets/PolygonCity/Prefabs/Buildings/SM_Bld_OfficeSquare_04.prefab using Guid(464552aa0e0766d47a6df340d469df57) Importer(815301076,1909f56bfc062723c751e8b465ee728b)  -> (artifact id: 'f43dbf0fe862a77a668010ca4268324f') in 0.019496 seconds 
========================================================================
Received Import Request.
  Time since last request: 0.211272 seconds.
  path: Assets/PolygonCity/Prefabs/Buildings/SM_Bld_OfficeSquare_Base_01.prefab
  artifactKey: Guid(e2b1e7ce58c743c4d8d59a66eec6422b) Importer(815301076,1909f56bfc062723c751e8b465ee728b)
Start importing Assets/PolygonCity/Prefabs/Buildings/SM_Bld_OfficeSquare_Base_01.prefab using Guid(e2b1e7ce58c743c4d8d59a66eec6422b) Importer(815301076,1909f56bfc062723c751e8b465ee728b)  -> (artifact id: 'ae48cdb8ed983b82ae60dc80efd0cc36') in 0.021774 seconds 
========================================================================
Received Import Request.
  Time since last request: 0.000024 seconds.
  path: Assets/PolygonCity/Prefabs/Buildings/SM_Bld_Shop_06.prefab
  artifactKey: Guid(1e70e6b05165f864f8c42dab5a2544f9) Importer(815301076,1909f56bfc062723c751e8b465ee728b)
Start importing Assets/PolygonCity/Prefabs/Buildings/SM_Bld_Shop_06.prefab using Guid(1e70e6b05165f864f8c42dab5a2544f9) Importer(815301076,1909f56bfc062723c751e8b465ee728b)  -> (artifact id: '5a988d6d83892778d759b5014958a6ed') in 0.018367 seconds 
========================================================================
Received Import Request.
  Time since last request: 0.173043 seconds.
  path: Assets/PolygonCity/Prefabs/Buildings/SM_Bld_Shop_Corner_01.prefab
  artifactKey: Guid(ea45161d31d19c540af5f5091648f652) Importer(815301076,1909f56bfc062723c751e8b465ee728b)
Start importing Assets/PolygonCity/Prefabs/Buildings/SM_Bld_Shop_Corner_01.prefab using Guid(ea45161d31d19c540af5f5091648f652) Importer(815301076,1909f56bfc062723c751e8b465ee728b)  -> (artifact id: '178d48655077ecc0d14b115066a7fc00') in 0.024135 seconds 
========================================================================
Received Import Request.
  Time since last request: 0.000023 seconds.
  path: Assets/PolygonCity/Prefabs/Buildings/SM_Bld_Spire_01.prefab
  artifactKey: Guid(9ffce38584b432f48ab23b0733ce9853) Importer(815301076,1909f56bfc062723c751e8b465ee728b)
Start importing Assets/PolygonCity/Prefabs/Buildings/SM_Bld_Spire_01.prefab using Guid(9ffce38584b432f48ab23b0733ce9853) Importer(815301076,1909f56bfc062723c751e8b465ee728b)  -> (artifact id: '1c1e9cb16535ab25c86e80c1cefded5a') in 0.017319 seconds 
========================================================================
Received Import Request.
  Time since last request: 0.732931 seconds.
  path: Assets/PolygonCity/Prefabs/Buildings/SM_Prop_Water_Tower_01.prefab
  artifactKey: Guid(b1c9a178d3040a14aac77ac6bcbcc9bd) Importer(815301076,1909f56bfc062723c751e8b465ee728b)
Start importing Assets/PolygonCity/Prefabs/Buildings/SM_Prop_Water_Tower_01.prefab using Guid(b1c9a178d3040a14aac77ac6bcbcc9bd) Importer(815301076,1909f56bfc062723c751e8b465ee728b)  -> (artifact id: '39ebf68d0fb6cd40bca37f25f97f25fd') in 0.020580 seconds 
